00:03:15 [Debug] Startup::Startup [1]号服务器::Begin connect db
00:03:19 [Debug] WebApiApplication::Application_Start [1]号服务器::数据库连接串：server=sh-cdb-ot9416xk.sql.tencentcdb.com;port=63360;uid=root;pwd=123!@#qweASD;database=debit;Min Pool Size=0;Pooling=true;connect timeout=120;CharSet=utf8;AllowUserVariables=true;AllowZeroDatetime=True;SslMode=None
00:03:19 [Debug] RedisPools::Init [1]号服务器::准备初使化Redis连接池,配置信息：127.0.0.1:6379
00:03:20 [SystemLog] RedisPools::Init [1]号服务器::初使化Redis连接池,成功创建[5]个连接！
00:03:38 [Error] DuitkuController::CallbackRequest [1]号服务器::Transaction has already been committed or is not pending
00:04:14 [Error] DuitkuController::CallbackRequest [1]号服务器::Transaction has already been committed or is not pending
00:05:52 [Debug] Startup::Startup [1]号服务器::Begin connect db
00:05:56 [Debug] WebApiApplication::Application_Start [1]号服务器::数据库连接串：server=sh-cdb-ot9416xk.sql.tencentcdb.com;port=63360;uid=root;pwd=123!@#qweASD;database=debit;Min Pool Size=0;Pooling=true;connect timeout=120;CharSet=utf8;AllowUserVariables=true;AllowZeroDatetime=True;SslMode=None
00:05:56 [Debug] RedisPools::Init [1]号服务器::准备初使化Redis连接池,配置信息：127.0.0.1:6379
00:05:57 [SystemLog] RedisPools::Init [1]号服务器::初使化Redis连接池,成功创建[5]个连接！
00:06:13 [Success] DuitkuController::CallbackRequest [1]号服务器::0 - {"merchantCode":"D4199","amount":"1500000","merchantOrderId":"101","productDetail":"VA CIMB NIAGA","additionalParam":null,"paymentCode":"B1","resultCode":"00","merchantUserId":"null","reference":"D4199C6UAXJ0M","signature":"d6971c7df1bc86dfb90d991dd518af2c","issuer_name":null,"issuer_bank":null}
00:06:15 [Debug] DuitkuController::CallbackRequest [1]号服务器::签名验证通过:d6971c7df1bc86dfb90d991dd518af2c - 传入为：d6971c7df1bc86dfb90d991dd518af2c
00:06:18 [Debug] DuitkuProvider::SetDuitkuPaybackRecordStaus [1]号服务器::[101]查询还款记录表的数据，用户、还款类型、贷款记录ID。
00:06:29 [Error] DuitkuProvider::SetDuitkuPaybackRecordStaus [1]号服务器::根据订单ID查找贷款ID失败，有可能该订单已处理。101
00:06:42 [Error] DuitkuController::CallbackRequest [1]号服务器::回调操作失败。
00:08:05 [Success] DuitkuController::CallbackRequest [1]号服务器::0 - {"merchantCode":"D4199","amount":"1500000","merchantOrderId":"101","productDetail":"VA CIMB NIAGA","additionalParam":null,"paymentCode":"B1","resultCode":"00","merchantUserId":"null","reference":"D4199C6UAXJ0M","signature":"d6971c7df1bc86dfb90d991dd518af2c","issuer_name":null,"issuer_bank":null}
00:08:07 [Debug] DuitkuController::CallbackRequest [1]号服务器::签名验证通过:d6971c7df1bc86dfb90d991dd518af2c - 传入为：d6971c7df1bc86dfb90d991dd518af2c
00:08:12 [Debug] DuitkuProvider::SetDuitkuPaybackRecordStaus [1]号服务器::[101]查询还款记录表的数据，用户、还款类型、贷款记录ID。
00:08:21 [Debug] DuitkuProvider::SetDuitkuPaybackRecordStaus [1]号服务器::[101]查询到还款记录，用户：27、还款类型:4、贷款记录ID:120。
00:08:21 [Debug] DuitkuProvider::SetDuitkuPaybackRecordStaus [1]号服务器::[101]开始更新还款记录表的状态
00:08:31 [Debug] DuitkuProvider::SetDuitkuPaybackRecordStaus [1]号服务器::[101]更新还款记录表的状态，结果为：1
00:08:34 [Debug] DuitkuProvider::SetDuitkuPaybackRecordStaus [1]号服务器::[101]查询到用户应还时间2018-09-24
00:08:46 [Debug] DuitkuProvider::SetDuitkuPaybackRecordStaus [1]号服务器::核对应还金额 needPayMoney:1500000 - amoutMoney:1500000
00:08:46 [Debug] DuitkuProvider::SetDuitkuPaybackRecordStaus [1]号服务器::金额对上，进入系统审核。
00:08:49 [Debug] DuitkuProvider::SetDuitkuPaybackRecordStaus [1]号服务器::[101]更新贷款记录表状态及还款时间 成功(1)。
00:08:50 [Debug] DuitkuProvider::SetDuitkuPaybackRecordStaus [1]号服务器::[101]开始插入审核记录。
00:08:52 [Debug] DuitkuProvider::SetDuitkuPaybackRecordStaus [1]号服务器::[101]插入审核记录 成功(1)。
00:08:52 [Error] DuitkuController::CallbackRequest [1]号服务器::Transaction has already been committed or is not pending
00:09:43 [Success] DuitkuController::CallbackRequest [1]号服务器::0 - {"merchantCode":"D4199","amount":"1500000","merchantOrderId":"101","productDetail":"VA CIMB NIAGA","additionalParam":null,"paymentCode":"B1","resultCode":"00","merchantUserId":"null","reference":"D4199C6UAXJ0M","signature":"d6971c7df1bc86dfb90d991dd518af2c","issuer_name":null,"issuer_bank":null}
00:09:43 [Debug] DuitkuController::CallbackRequest [1]号服务器::签名验证通过:d6971c7df1bc86dfb90d991dd518af2c - 传入为：d6971c7df1bc86dfb90d991dd518af2c
00:09:47 [Debug] DuitkuProvider::SetDuitkuPaybackRecordStaus [1]号服务器::[101]查询还款记录表的数据，用户、还款类型、贷款记录ID。
00:09:47 [Debug] DuitkuProvider::SetDuitkuPaybackRecordStaus [1]号服务器::[101]查询到还款记录，用户：27、还款类型:4、贷款记录ID:120。
00:09:47 [Debug] DuitkuProvider::SetDuitkuPaybackRecordStaus [1]号服务器::[101]开始更新还款记录表的状态
00:09:56 [Debug] DuitkuProvider::SetDuitkuPaybackRecordStaus [1]号服务器::[101]更新还款记录表的状态，结果为：1
00:10:02 [Debug] DuitkuProvider::SetDuitkuPaybackRecordStaus [1]号服务器::[101]查询到用户应还时间2018-09-24
00:10:20 [Debug] DuitkuProvider::SetDuitkuPaybackRecordStaus [1]号服务器::核对应还金额 needPayMoney:1500000 - amoutMoney:1500000
00:13:25 [Debug] Startup::Startup [1]号服务器::Begin connect db
00:13:27 [Debug] WebApiApplication::Application_Start [1]号服务器::数据库连接串：server=sh-cdb-ot9416xk.sql.tencentcdb.com;port=63360;uid=root;pwd=123!@#qweASD;database=debit;Min Pool Size=0;Pooling=true;connect timeout=120;CharSet=utf8;AllowUserVariables=true;AllowZeroDatetime=True;SslMode=None
00:13:27 [Debug] RedisPools::Init [1]号服务器::准备初使化Redis连接池,配置信息：127.0.0.1:6379
00:13:28 [SystemLog] RedisPools::Init [1]号服务器::初使化Redis连接池,成功创建[5]个连接！
00:14:04 [Success] DuitkuController::CallbackRequest [1]号服务器::0 - {"merchantCode":"D4199","amount":"1500000","merchantOrderId":"101","productDetail":"VA CIMB NIAGA","additionalParam":null,"paymentCode":"B1","resultCode":"00","merchantUserId":"null","reference":"D4199C6UAXJ0M","signature":"d6971c7df1bc86dfb90d991dd518af2c","issuer_name":null,"issuer_bank":null}
00:14:04 [Debug] DuitkuController::CallbackRequest [1]号服务器::签名验证通过:d6971c7df1bc86dfb90d991dd518af2c - 传入为：d6971c7df1bc86dfb90d991dd518af2c
00:14:07 [Debug] DuitkuProvider::SetDuitkuPaybackRecordStaus [1]号服务器::[101]查询还款记录表的数据，用户、还款类型、贷款记录ID。
00:14:08 [Debug] DuitkuProvider::SetDuitkuPaybackRecordStaus [1]号服务器::[101]查询到还款记录，用户：27、还款类型:4、贷款记录ID:120。
00:14:08 [Debug] DuitkuProvider::SetDuitkuPaybackRecordStaus [1]号服务器::[101]开始更新还款记录表的状态
00:14:10 [Debug] DuitkuProvider::SetDuitkuPaybackRecordStaus [1]号服务器::[101]更新还款记录表的状态，结果为：1
00:14:10 [Debug] DuitkuProvider::SetDuitkuPaybackRecordStaus [1]号服务器::[101]查询到用户应还时间2018-09-24
00:14:11 [Debug] DuitkuProvider::SetDuitkuPaybackRecordStaus [1]号服务器::核对应还金额 needPayMoney:1500000 - amoutMoney:1500000
00:14:11 [Debug] DuitkuProvider::SetDuitkuPaybackRecordStaus [1]号服务器::金额对上，进入系统审核。
00:14:12 [Debug] DuitkuProvider::SetDuitkuPaybackRecordStaus [1]号服务器::[101]更新贷款记录表状态及还款时间 成功(1)。
00:14:12 [Debug] DuitkuProvider::SetDuitkuPaybackRecordStaus [1]号服务器::[101]开始插入审核记录。
00:14:12 [Debug] DuitkuProvider::SetDuitkuPaybackRecordStaus [1]号服务器::[101]插入审核记录 成功(1)。
00:14:30 [Error] DuitkuProvider::SetDuitkuPaybackRecordStaus [1]号服务器::101 订单在执行时发生异常： Transaction has already been committed or is not pending
00:16:56 [Debug] Startup::Startup [1]号服务器::Begin connect db
00:16:58 [Debug] WebApiApplication::Application_Start [1]号服务器::数据库连接串：server=sh-cdb-ot9416xk.sql.tencentcdb.com;port=63360;uid=root;pwd=123!@#qweASD;database=debit;Min Pool Size=0;Pooling=true;connect timeout=120;CharSet=utf8;AllowUserVariables=true;AllowZeroDatetime=True;SslMode=None
00:16:58 [Debug] RedisPools::Init [1]号服务器::准备初使化Redis连接池,配置信息：127.0.0.1:6379
00:16:58 [SystemLog] RedisPools::Init [1]号服务器::初使化Redis连接池,成功创建[5]个连接！
00:17:07 [Success] DuitkuController::CallbackRequest [1]号服务器::0 - {"merchantCode":"D4199","amount":"1500000","merchantOrderId":"101","productDetail":"VA CIMB NIAGA","additionalParam":null,"paymentCode":"B1","resultCode":"00","merchantUserId":"null","reference":"D4199C6UAXJ0M","signature":"d6971c7df1bc86dfb90d991dd518af2c","issuer_name":null,"issuer_bank":null}
00:17:07 [Debug] DuitkuController::CallbackRequest [1]号服务器::签名验证通过:d6971c7df1bc86dfb90d991dd518af2c - 传入为：d6971c7df1bc86dfb90d991dd518af2c
00:17:10 [Debug] DuitkuProvider::SetDuitkuPaybackRecordStaus [1]号服务器::[101]查询还款记录表的数据，用户、还款类型、贷款记录ID。
00:17:15 [Error] DuitkuProvider::SetDuitkuPaybackRecordStaus [1]号服务器::101 订单在执行时发生异常： Object reference not set to an instance of an object.
00:17:26 [Error] DuitkuController::CallbackRequest [1]号服务器::回调操作失败。
00:18:02 [Success] DuitkuController::CallbackRequest [1]号服务器::0 - {"merchantCode":"D4199","amount":"1500000","merchantOrderId":"101","productDetail":"VA CIMB NIAGA","additionalParam":null,"paymentCode":"B1","resultCode":"00","merchantUserId":"null","reference":"D4199C6UAXJ0M","signature":"d6971c7df1bc86dfb90d991dd518af2c","issuer_name":null,"issuer_bank":null}
00:19:36 [Debug] Startup::Startup [1]号服务器::Begin connect db
00:19:37 [Debug] WebApiApplication::Application_Start [1]号服务器::数据库连接串：server=sh-cdb-ot9416xk.sql.tencentcdb.com;port=63360;uid=root;pwd=123!@#qweASD;database=debit;Min Pool Size=0;Pooling=true;connect timeout=120;CharSet=utf8;AllowUserVariables=true;AllowZeroDatetime=True;SslMode=None
00:19:37 [Debug] RedisPools::Init [1]号服务器::准备初使化Redis连接池,配置信息：127.0.0.1:6379
00:19:38 [SystemLog] RedisPools::Init [1]号服务器::初使化Redis连接池,成功创建[5]个连接！
00:19:49 [Success] DuitkuController::CallbackRequest [1]号服务器::0 - {"merchantCode":"D4199","amount":"1500000","merchantOrderId":"101","productDetail":"VA CIMB NIAGA","additionalParam":null,"paymentCode":"B1","resultCode":"00","merchantUserId":"null","reference":"D4199C6UAXJ0M","signature":"d6971c7df1bc86dfb90d991dd518af2c","issuer_name":null,"issuer_bank":null}
00:19:49 [Debug] DuitkuController::CallbackRequest [1]号服务器::签名验证通过:d6971c7df1bc86dfb90d991dd518af2c - 传入为：d6971c7df1bc86dfb90d991dd518af2c
00:19:53 [Debug] DuitkuProvider::SetDuitkuPaybackRecordStaus [1]号服务器::[101]查询还款记录表的数据，用户、还款类型、贷款记录ID。
00:19:57 [Error] DuitkuProvider::SetDuitkuPaybackRecordStaus [1]号服务器::根据订单ID查找贷款ID失败，有可能该订单已处理。101
00:20:05 [Error] DuitkuController::CallbackRequest [1]号服务器::回调操作失败。
00:20:39 [Success] DuitkuController::CallbackRequest [1]号服务器::0 - {"merchantCode":"D4199","amount":"1500000","merchantOrderId":"101","productDetail":"VA CIMB NIAGA","additionalParam":null,"paymentCode":"B1","resultCode":"00","merchantUserId":"null","reference":"D4199C6UAXJ0M","signature":"d6971c7df1bc86dfb90d991dd518af2c","issuer_name":null,"issuer_bank":null}
00:20:39 [Debug] DuitkuController::CallbackRequest [1]号服务器::签名验证通过:d6971c7df1bc86dfb90d991dd518af2c - 传入为：d6971c7df1bc86dfb90d991dd518af2c
00:20:42 [Debug] DuitkuProvider::SetDuitkuPaybackRecordStaus [1]号服务器::[101]查询还款记录表的数据，用户、还款类型、贷款记录ID。
00:20:49 [Debug] DuitkuProvider::SetDuitkuPaybackRecordStaus [1]号服务器::[101]查询到还款记录，用户：27、还款类型:4、贷款记录ID:120。
00:20:49 [Debug] DuitkuProvider::SetDuitkuPaybackRecordStaus [1]号服务器::[101]开始更新还款记录表的状态
00:20:59 [Debug] DuitkuProvider::SetDuitkuPaybackRecordStaus [1]号服务器::[101]更新还款记录表的状态，结果为：1
00:21:20 [Debug] DuitkuProvider::SetDuitkuPaybackRecordStaus [1]号服务器::[101]查询到用户应还时间2018-09-24
00:21:24 [Debug] DuitkuProvider::SetDuitkuPaybackRecordStaus [1]号服务器::核对应还金额 needPayMoney:1500000 - amoutMoney:1500000
00:21:24 [Debug] DuitkuProvider::SetDuitkuPaybackRecordStaus [1]号服务器::金额对上，进入系统审核。
00:21:28 [Debug] DuitkuProvider::SetDuitkuPaybackRecordStaus [1]号服务器::[101]更新贷款记录表状态及还款时间 成功(1)。
00:21:28 [Debug] DuitkuProvider::SetDuitkuPaybackRecordStaus [1]号服务器::[101]开始插入审核记录。
00:21:38 [Debug] DuitkuProvider::SetDuitkuPaybackRecordStaus [1]号服务器::[101]插入审核记录 成功(1)。
00:21:53 [Error] DuitkuController::CallbackRequest [1]号服务器::回调操作成功。
00:22:35 [Success] DuitkuController::CallbackRequest [1]号服务器::0 - {"merchantCode":"D4199","amount":"1500000","merchantOrderId":"101","productDetail":"VA CIMB NIAGA","additionalParam":null,"paymentCode":"B1","resultCode":"00","merchantUserId":"null","reference":"D4199C6UAXJ0M","signature":"d6971c7df1bc86dfb90d991dd518af2c","issuer_name":null,"issuer_bank":null}
00:25:35 [Debug] Startup::Startup [1]号服务器::Begin connect db
00:25:37 [Debug] WebApiApplication::Application_Start [1]号服务器::数据库连接串：server=sh-cdb-ot9416xk.sql.tencentcdb.com;port=63360;uid=root;pwd=123!@#qweASD;database=debit;Min Pool Size=0;Pooling=true;connect timeout=120;CharSet=utf8;AllowUserVariables=true;AllowZeroDatetime=True;SslMode=None
00:25:37 [Debug] RedisPools::Init [1]号服务器::准备初使化Redis连接池,配置信息：127.0.0.1:6379
00:25:38 [SystemLog] RedisPools::Init [1]号服务器::初使化Redis连接池,成功创建[5]个连接！
00:25:46 [Success] DuitkuController::CallbackRequest [1]号服务器::0 - {"merchantCode":"D4199","amount":"1500000","merchantOrderId":"101","productDetail":"VA CIMB NIAGA","additionalParam":null,"paymentCode":"B1","resultCode":"00","merchantUserId":"null","reference":"D4199C6UAXJ0M","signature":"d6971c7df1bc86dfb90d991dd518af2c","issuer_name":null,"issuer_bank":null}
00:25:46 [Debug] DuitkuController::CallbackRequest [1]号服务器::签名验证通过:d6971c7df1bc86dfb90d991dd518af2c - 传入为：d6971c7df1bc86dfb90d991dd518af2c
00:25:47 [Debug] DuitkuProvider::SetDuitkuPaybackRecordStaus [1]号服务器::[101]查询还款记录表的数据，用户、还款类型、贷款记录ID。
00:25:53 [Error] DuitkuProvider::SetDuitkuPaybackRecordStaus [1]号服务器::根据订单ID查找贷款ID失败，有可能该订单已处理。101
00:25:55 [Error] DuitkuController::CallbackRequest [1]号服务器::回调操作失败。
00:26:21 [Success] DuitkuController::CallbackRequest [1]号服务器::0 - {"merchantCode":"D4199","amount":"1500000","merchantOrderId":"101","productDetail":"VA CIMB NIAGA","additionalParam":null,"paymentCode":"B1","resultCode":"00","merchantUserId":"null","reference":"D4199C6UAXJ0M","signature":"d6971c7df1bc86dfb90d991dd518af2c","issuer_name":null,"issuer_bank":null}
00:26:21 [Debug] DuitkuController::CallbackRequest [1]号服务器::签名验证通过:d6971c7df1bc86dfb90d991dd518af2c - 传入为：d6971c7df1bc86dfb90d991dd518af2c
00:26:23 [Debug] DuitkuProvider::SetDuitkuPaybackRecordStaus [1]号服务器::[101]查询还款记录表的数据，用户、还款类型、贷款记录ID。
00:26:26 [Debug] DuitkuProvider::SetDuitkuPaybackRecordStaus [1]号服务器::[101]查询到还款记录，用户：27、还款类型:4、贷款记录ID:120。
00:26:26 [Debug] DuitkuProvider::SetDuitkuPaybackRecordStaus [1]号服务器::[101]开始更新还款记录表的状态
00:26:28 [Error] DuitkuProvider::SetDuitkuPaybackRecordStaus [1]号服务器::101 订单在执行时发生异常： Exception of type 'System.Exception' was thrown.
00:26:32 [Error] DuitkuController::CallbackRequest [1]号服务器::回调操作失败。
00:27:40 [Debug] Startup::Startup [1]号服务器::Begin connect db
00:27:42 [Debug] WebApiApplication::Application_Start [1]号服务器::数据库连接串：server=sh-cdb-ot9416xk.sql.tencentcdb.com;port=63360;uid=root;pwd=123!@#qweASD;database=debit;Min Pool Size=0;Pooling=true;connect timeout=120;CharSet=utf8;AllowUserVariables=true;AllowZeroDatetime=True;SslMode=None
00:27:42 [Debug] RedisPools::Init [1]号服务器::准备初使化Redis连接池,配置信息：127.0.0.1:6379
00:27:42 [SystemLog] RedisPools::Init [1]号服务器::初使化Redis连接池,成功创建[5]个连接！
00:27:55 [Success] DuitkuController::CallbackRequest [1]号服务器::0 - {"merchantCode":"D4199","amount":"1500000","merchantOrderId":"101","productDetail":"VA CIMB NIAGA","additionalParam":null,"paymentCode":"B1","resultCode":"00","merchantUserId":"null","reference":"D4199C6UAXJ0M","signature":"d6971c7df1bc86dfb90d991dd518af2c","issuer_name":null,"issuer_bank":null}
00:27:55 [Debug] DuitkuController::CallbackRequest [1]号服务器::签名验证通过:d6971c7df1bc86dfb90d991dd518af2c - 传入为：d6971c7df1bc86dfb90d991dd518af2c
00:27:57 [Debug] DuitkuProvider::SetDuitkuPaybackRecordStaus [1]号服务器::[101]查询还款记录表的数据，用户、还款类型、贷款记录ID。
00:28:02 [Debug] DuitkuProvider::SetDuitkuPaybackRecordStaus [1]号服务器::[101]查询到还款记录，用户：27、还款类型:4、贷款记录ID:120。
00:28:02 [Debug] DuitkuProvider::SetDuitkuPaybackRecordStaus [1]号服务器::[101]开始更新还款记录表的状态
00:28:17 [Error] DuitkuProvider::SetDuitkuPaybackRecordStaus [1]号服务器::101 订单在执行时发生异常： Exception of type 'System.Exception' was thrown.
00:29:14 [Debug] Startup::Startup [1]号服务器::Begin connect db
00:29:16 [Debug] WebApiApplication::Application_Start [1]号服务器::数据库连接串：server=sh-cdb-ot9416xk.sql.tencentcdb.com;port=63360;uid=root;pwd=123!@#qweASD;database=debit;Min Pool Size=0;Pooling=true;connect timeout=120;CharSet=utf8;AllowUserVariables=true;AllowZeroDatetime=True;SslMode=None
00:29:16 [Debug] RedisPools::Init [1]号服务器::准备初使化Redis连接池,配置信息：127.0.0.1:6379
00:29:17 [SystemLog] RedisPools::Init [1]号服务器::初使化Redis连接池,成功创建[5]个连接！
00:29:24 [Success] DuitkuController::CallbackRequest [1]号服务器::0 - {"merchantCode":"D4199","amount":"1500000","merchantOrderId":"101","productDetail":"VA CIMB NIAGA","additionalParam":null,"paymentCode":"B1","resultCode":"00","merchantUserId":"null","reference":"D4199C6UAXJ0M","signature":"d6971c7df1bc86dfb90d991dd518af2c","issuer_name":null,"issuer_bank":null}
00:29:24 [Debug] DuitkuController::CallbackRequest [1]号服务器::签名验证通过:d6971c7df1bc86dfb90d991dd518af2c - 传入为：d6971c7df1bc86dfb90d991dd518af2c
00:29:25 [Debug] DuitkuProvider::SetDuitkuPaybackRecordStaus [1]号服务器::[101]查询还款记录表的数据，用户、还款类型、贷款记录ID。
00:29:26 [Debug] DuitkuProvider::SetDuitkuPaybackRecordStaus [1]号服务器::[101]查询到还款记录，用户：27、还款类型:4、贷款记录ID:120。
00:29:26 [Debug] DuitkuProvider::SetDuitkuPaybackRecordStaus [1]号服务器::[101]开始更新还款记录表的状态
00:29:35 [Error] DuitkuProvider::SetDuitkuPaybackRecordStaus [1]号服务器::101 订单在执行时发生异常： Exception of type 'System.Exception' was thrown.
09:52:17 [Debug] Startup::Startup [1]号服务器::Begin connect db
09:52:19 [Debug] WebApiApplication::Application_Start [1]号服务器::数据库连接串：server=sh-cdb-ot9416xk.sql.tencentcdb.com;port=63360;uid=root;pwd=123!@#qweASD;database=debit;Min Pool Size=0;Pooling=true;connect timeout=120;CharSet=utf8;AllowUserVariables=true;AllowZeroDatetime=True;SslMode=None
09:52:19 [Debug] RedisPools::Init [1]号服务器::准备初使化Redis连接池,配置信息：127.0.0.1:6379
09:52:19 [Debug] DataBasePool::checkProc [1]号服务器::链接已超时，最后使用时间2018-09-07 09:52:19，从链接池中移除，将重新打开。
09:52:19 [Debug] DataBasePool::checkProc [1]号服务器::链接已超时，最后使用时间2018-09-07 09:52:18，从链接池中移除，将重新打开。
09:52:19 [Debug] DataBasePool::checkProc [1]号服务器::链接已超时，最后使用时间2018-09-07 09:52:19，从链接池中移除，将重新打开。
09:52:19 [Debug] DataBasePool::checkProc [1]号服务器::链接已超时，最后使用时间2018-09-07 09:52:19，从链接池中移除，将重新打开。
09:52:19 [Debug] DataBasePool::checkProc [1]号服务器::链接已超时，最后使用时间2018-09-07 09:52:18，从链接池中移除，将重新打开。
09:52:20 [SystemLog] RedisPools::Init [1]号服务器::初使化Redis连接池,成功创建[5]个连接！
09:53:09 [Debug] DataBasePool::checkProc [1]号服务器::链接已超时，最后使用时间2018-09-07 09:53:03，从链接池中移除，将重新打开。
09:57:16 [Debug] Startup::Startup [1]号服务器::Begin connect db
09:57:17 [Debug] WebApiApplication::Application_Start [1]号服务器::数据库连接串：server=sh-cdb-ot9416xk.sql.tencentcdb.com;port=63360;uid=root;pwd=123!@#qweASD;database=debit;Min Pool Size=0;Pooling=true;connect timeout=120;CharSet=utf8;AllowUserVariables=true;AllowZeroDatetime=True;SslMode=None
09:57:17 [Warning] DataBasePool::checkProc [1]号服务器::连接状态：c.State = Open, 最后使用时间为：2018/9/7 上午9:57:17
09:57:17 [Warning] DataBasePool::checkProc [1]号服务器::连接状态：c.State = Open, 最后使用时间为：2018/9/7 上午9:57:17
09:57:17 [Debug] RedisPools::Init [1]号服务器::准备初使化Redis连接池,配置信息：127.0.0.1:6379
09:57:17 [Warning] DataBasePool::checkProc [1]号服务器::连接状态：c.State = Open, 最后使用时间为：2018/9/7 上午9:57:17
09:57:17 [Warning] DataBasePool::checkProc [1]号服务器::连接状态：c.State = Open, 最后使用时间为：2018/9/7 上午9:57:17
09:57:17 [Warning] DataBasePool::checkProc [1]号服务器::连接状态：c.State = Open, 最后使用时间为：2018/9/7 上午9:57:17
09:57:18 [SystemLog] RedisPools::Init [1]号服务器::初使化Redis连接池,成功创建[5]个连接！
09:57:27 [Warning] DataBasePool::checkProc [1]号服务器::连接状态：c.State = Open, 最后使用时间为：2018/9/7 上午9:57:24
09:57:27 [Warning] DataBasePool::checkProc [1]号服务器::连接状态：c.State = Open, 最后使用时间为：2018/9/7 上午9:57:17
09:57:27 [Warning] DataBasePool::checkProc [1]号服务器::连接状态：c.State = Open, 最后使用时间为：2018/9/7 上午9:57:17
09:57:28 [Warning] DataBasePool::checkProc [1]号服务器::连接状态：c.State = Open, 最后使用时间为：2018/9/7 上午9:57:17
09:57:28 [Warning] DataBasePool::checkProc [1]号服务器::连接状态：c.State = Open, 最后使用时间为：2018/9/7 上午9:57:17
09:57:38 [Warning] DataBasePool::checkProc [1]号服务器::连接状态：c.State = Open, 最后使用时间为：2018/9/7 上午9:57:24
09:57:38 [Warning] DataBasePool::checkProc [1]号服务器::连接状态：c.State = Open, 最后使用时间为：2018/9/7 上午9:57:17
09:57:38 [Warning] DataBasePool::checkProc [1]号服务器::连接状态：c.State = Open, 最后使用时间为：2018/9/7 上午9:57:17
09:57:38 [Warning] DataBasePool::checkProc [1]号服务器::连接状态：c.State = Open, 最后使用时间为：2018/9/7 上午9:57:17
09:57:38 [Warning] DataBasePool::checkProc [1]号服务器::连接状态：c.State = Open, 最后使用时间为：2018/9/7 上午9:57:17
09:57:48 [Warning] DataBasePool::checkProc [1]号服务器::连接状态：c.State = Open, 最后使用时间为：2018/9/7 上午9:57:44
09:57:48 [Warning] DataBasePool::checkProc [1]号服务器::连接状态：c.State = Open, 最后使用时间为：2018/9/7 上午9:57:17
09:57:48 [Warning] DataBasePool::checkProc [1]号服务器::连接状态：c.State = Open, 最后使用时间为：2018/9/7 上午9:57:17
09:57:48 [Warning] DataBasePool::checkProc [1]号服务器::连接状态：c.State = Open, 最后使用时间为：2018/9/7 上午9:57:17
09:57:48 [Warning] DataBasePool::checkProc [1]号服务器::连接状态：c.State = Open, 最后使用时间为：2018/9/7 上午9:57:17
09:57:58 [Warning] DataBasePool::checkProc [1]号服务器::连接状态：c.State = Open, 最后使用时间为：2018/9/7 上午9:57:44
09:57:58 [Warning] DataBasePool::checkProc [1]号服务器::连接状态：c.State = Open, 最后使用时间为：2018/9/7 上午9:57:17
09:57:58 [Warning] DataBasePool::checkProc [1]号服务器::连接状态：c.State = Open, 最后使用时间为：2018/9/7 上午9:57:17
09:57:58 [Warning] DataBasePool::checkProc [1]号服务器::连接状态：c.State = Open, 最后使用时间为：2018/9/7 上午9:57:17
09:57:58 [Warning] DataBasePool::checkProc [1]号服务器::连接状态：c.State = Open, 最后使用时间为：2018/9/7 上午9:57:17
09:58:08 [Warning] DataBasePool::checkProc [1]号服务器::连接状态：c.State = Open, 最后使用时间为：2018/9/7 上午9:57:44
09:58:08 [Warning] DataBasePool::checkProc [1]号服务器::连接状态：c.State = Open, 最后使用时间为：2018/9/7 上午9:57:17
09:58:08 [Warning] DataBasePool::checkProc [1]号服务器::连接状态：c.State = Open, 最后使用时间为：2018/9/7 上午9:57:17
09:58:08 [Warning] DataBasePool::checkProc [1]号服务器::连接状态：c.State = Open, 最后使用时间为：2018/9/7 上午9:57:17
09:58:08 [Warning] DataBasePool::checkProc [1]号服务器::连接状态：c.State = Open, 最后使用时间为：2018/9/7 上午9:57:17
09:58:18 [Warning] DataBasePool::checkProc [1]号服务器::连接状态：c.State = Open, 最后使用时间为：2018/9/7 上午9:57:44
09:58:18 [Warning] DataBasePool::checkProc [1]号服务器::连接状态：c.State = Open, 最后使用时间为：2018/9/7 上午9:57:17
09:58:18 [Warning] DataBasePool::checkProc [1]号服务器::连接状态：c.State = Open, 最后使用时间为：2018/9/7 上午9:57:17
09:58:18 [Warning] DataBasePool::checkProc [1]号服务器::连接状态：c.State = Open, 最后使用时间为：2018/9/7 上午9:57:17
09:58:18 [Warning] DataBasePool::checkProc [1]号服务器::连接状态：c.State = Open, 最后使用时间为：2018/9/7 上午9:57:17
09:58:28 [Warning] DataBasePool::checkProc [1]号服务器::连接状态：c.State = Open, 最后使用时间为：2018/9/7 上午9:57:44
09:58:28 [Warning] DataBasePool::checkProc [1]号服务器::连接状态：c.State = Open, 最后使用时间为：2018/9/7 上午9:57:17
09:58:28 [Warning] DataBasePool::checkProc [1]号服务器::连接状态：c.State = Open, 最后使用时间为：2018/9/7 上午9:57:17
09:58:28 [Warning] DataBasePool::checkProc [1]号服务器::连接状态：c.State = Open, 最后使用时间为：2018/9/7 上午9:57:17
09:58:28 [Warning] DataBasePool::checkProc [1]号服务器::连接状态：c.State = Open, 最后使用时间为：2018/9/7 上午9:57:17
09:58:38 [Warning] DataBasePool::checkProc [1]号服务器::连接状态：c.State = Open, 最后使用时间为：2018/9/7 上午9:57:44
09:58:38 [Warning] DataBasePool::checkProc [1]号服务器::连接状态：c.State = Open, 最后使用时间为：2018/9/7 上午9:57:17
09:58:38 [Warning] DataBasePool::checkProc [1]号服务器::连接状态：c.State = Open, 最后使用时间为：2018/9/7 上午9:57:17
09:58:38 [Warning] DataBasePool::checkProc [1]号服务器::连接状态：c.State = Open, 最后使用时间为：2018/9/7 上午9:57:17
09:58:38 [Warning] DataBasePool::checkProc [1]号服务器::连接状态：c.State = Open, 最后使用时间为：2018/9/7 上午9:57:17
09:58:48 [Warning] DataBasePool::checkProc [1]号服务器::连接状态：c.State = Open, 最后使用时间为：2018/9/7 上午9:57:44
09:58:48 [Warning] DataBasePool::checkProc [1]号服务器::连接状态：c.State = Open, 最后使用时间为：2018/9/7 上午9:57:17
09:58:48 [Warning] DataBasePool::checkProc [1]号服务器::连接状态：c.State = Open, 最后使用时间为：2018/9/7 上午9:57:17
09:58:48 [Warning] DataBasePool::checkProc [1]号服务器::连接状态：c.State = Open, 最后使用时间为：2018/9/7 上午9:57:17
09:58:48 [Warning] DataBasePool::checkProc [1]号服务器::连接状态：c.State = Open, 最后使用时间为：2018/9/7 上午9:57:17
09:58:58 [Warning] DataBasePool::checkProc [1]号服务器::连接状态：c.State = Open, 最后使用时间为：2018/9/7 上午9:57:44
09:58:58 [Warning] DataBasePool::checkProc [1]号服务器::连接状态：c.State = Open, 最后使用时间为：2018/9/7 上午9:57:17
09:58:58 [Warning] DataBasePool::checkProc [1]号服务器::连接状态：c.State = Open, 最后使用时间为：2018/9/7 上午9:57:17
09:58:58 [Warning] DataBasePool::checkProc [1]号服务器::连接状态：c.State = Open, 最后使用时间为：2018/9/7 上午9:57:17
09:58:58 [Warning] DataBasePool::checkProc [1]号服务器::连接状态：c.State = Open, 最后使用时间为：2018/9/7 上午9:57:17
09:59:08 [Warning] DataBasePool::checkProc [1]号服务器::连接状态：c.State = Open, 最后使用时间为：2018/9/7 上午9:57:44
09:59:08 [Warning] DataBasePool::checkProc [1]号服务器::连接状态：c.State = Open, 最后使用时间为：2018/9/7 上午9:57:17
09:59:08 [Warning] DataBasePool::checkProc [1]号服务器::连接状态：c.State = Open, 最后使用时间为：2018/9/7 上午9:57:17
09:59:08 [Warning] DataBasePool::checkProc [1]号服务器::连接状态：c.State = Open, 最后使用时间为：2018/9/7 上午9:57:17
09:59:08 [Warning] DataBasePool::checkProc [1]号服务器::连接状态：c.State = Open, 最后使用时间为：2018/9/7 上午9:57:17
09:59:18 [Warning] DataBasePool::checkProc [1]号服务器::连接状态：c.State = Open, 最后使用时间为：2018/9/7 上午9:57:44
09:59:18 [Warning] DataBasePool::checkProc [1]号服务器::连接状态：c.State = Open, 最后使用时间为：2018/9/7 上午9:57:17
09:59:18 [Warning] DataBasePool::checkProc [1]号服务器::连接状态：c.State = Open, 最后使用时间为：2018/9/7 上午9:57:17
09:59:18 [Warning] DataBasePool::checkProc [1]号服务器::连接状态：c.State = Open, 最后使用时间为：2018/9/7 上午9:57:17
09:59:18 [Warning] DataBasePool::checkProc [1]号服务器::连接状态：c.State = Open, 最后使用时间为：2018/9/7 上午9:57:17
09:59:28 [Warning] DataBasePool::checkProc [1]号服务器::连接状态：c.State = Open, 最后使用时间为：2018/9/7 上午9:57:44
09:59:28 [Warning] DataBasePool::checkProc [1]号服务器::连接状态：c.State = Open, 最后使用时间为：2018/9/7 上午9:57:17
09:59:28 [Warning] DataBasePool::checkProc [1]号服务器::连接状态：c.State = Open, 最后使用时间为：2018/9/7 上午9:57:17
09:59:28 [Warning] DataBasePool::checkProc [1]号服务器::连接状态：c.State = Open, 最后使用时间为：2018/9/7 上午9:57:17
09:59:28 [Warning] DataBasePool::checkProc [1]号服务器::连接状态：c.State = Open, 最后使用时间为：2018/9/7 上午9:57:17
09:59:38 [Warning] DataBasePool::checkProc [1]号服务器::连接状态：c.State = Open, 最后使用时间为：2018/9/7 上午9:57:44
09:59:38 [Warning] DataBasePool::checkProc [1]号服务器::连接状态：c.State = Open, 最后使用时间为：2018/9/7 上午9:57:17
09:59:38 [Warning] DataBasePool::checkProc [1]号服务器::连接状态：c.State = Open, 最后使用时间为：2018/9/7 上午9:57:17
09:59:38 [Warning] DataBasePool::checkProc [1]号服务器::连接状态：c.State = Open, 最后使用时间为：2018/9/7 上午9:57:17
09:59:38 [Warning] DataBasePool::checkProc [1]号服务器::连接状态：c.State = Open, 最后使用时间为：2018/9/7 上午9:57:17
09:59:48 [Warning] DataBasePool::checkProc [1]号服务器::连接状态：c.State = Open, 最后使用时间为：2018/9/7 上午9:59:46
09:59:48 [Warning] DataBasePool::checkProc [1]号服务器::连接状态：c.State = Open, 最后使用时间为：2018/9/7 上午9:57:17
09:59:48 [Warning] DataBasePool::checkProc [1]号服务器::连接状态：c.State = Open, 最后使用时间为：2018/9/7 上午9:57:17
09:59:48 [Warning] DataBasePool::checkProc [1]号服务器::连接状态：c.State = Open, 最后使用时间为：2018/9/7 上午9:57:17
09:59:48 [Warning] DataBasePool::checkProc [1]号服务器::连接状态：c.State = Open, 最后使用时间为：2018/9/7 上午9:57:17
09:59:58 [Warning] DataBasePool::checkProc [1]号服务器::连接状态：c.State = Open, 最后使用时间为：2018/9/7 上午9:59:46
09:59:58 [Warning] DataBasePool::checkProc [1]号服务器::连接状态：c.State = Open, 最后使用时间为：2018/9/7 上午9:57:17
09:59:58 [Warning] DataBasePool::checkProc [1]号服务器::连接状态：c.State = Open, 最后使用时间为：2018/9/7 上午9:57:17
09:59:58 [Warning] DataBasePool::checkProc [1]号服务器::连接状态：c.State = Open, 最后使用时间为：2018/9/7 上午9:57:17
09:59:58 [Warning] DataBasePool::checkProc [1]号服务器::连接状态：c.State = Open, 最后使用时间为：2018/9/7 上午9:57:17
10:00:08 [Warning] DataBasePool::checkProc [1]号服务器::连接状态：c.State = Open, 最后使用时间为：2018/9/7 上午10:00:05
10:00:08 [Warning] DataBasePool::checkProc [1]号服务器::连接状态：c.State = Open, 最后使用时间为：2018/9/7 上午9:57:17
10:00:08 [Warning] DataBasePool::checkProc [1]号服务器::连接状态：c.State = Open, 最后使用时间为：2018/9/7 上午9:57:17
10:00:08 [Warning] DataBasePool::checkProc [1]号服务器::连接状态：c.State = Open, 最后使用时间为：2018/9/7 上午9:57:17
10:00:08 [Warning] DataBasePool::checkProc [1]号服务器::连接状态：c.State = Open, 最后使用时间为：2018/9/7 上午9:57:17
10:00:18 [Warning] DataBasePool::checkProc [1]号服务器::连接状态：c.State = Open, 最后使用时间为：2018/9/7 上午10:00:05
10:00:18 [Warning] DataBasePool::checkProc [1]号服务器::连接状态：c.State = Open, 最后使用时间为：2018/9/7 上午9:57:17
10:00:18 [Warning] DataBasePool::checkProc [1]号服务器::连接状态：c.State = Open, 最后使用时间为：2018/9/7 上午9:57:17
10:00:18 [Warning] DataBasePool::checkProc [1]号服务器::连接状态：c.State = Open, 最后使用时间为：2018/9/7 上午9:57:17
10:00:18 [Warning] DataBasePool::checkProc [1]号服务器::连接状态：c.State = Open, 最后使用时间为：2018/9/7 上午9:57:17
10:00:28 [Warning] DataBasePool::checkProc [1]号服务器::连接状态：c.State = Open, 最后使用时间为：2018/9/7 上午10:00:05
10:00:28 [Warning] DataBasePool::checkProc [1]号服务器::连接状态：c.State = Open, 最后使用时间为：2018/9/7 上午9:57:17
10:00:28 [Warning] DataBasePool::checkProc [1]号服务器::连接状态：c.State = Open, 最后使用时间为：2018/9/7 上午9:57:17
10:00:28 [Warning] DataBasePool::checkProc [1]号服务器::连接状态：c.State = Open, 最后使用时间为：2018/9/7 上午9:57:17
10:00:28 [Warning] DataBasePool::checkProc [1]号服务器::连接状态：c.State = Open, 最后使用时间为：2018/9/7 上午9:57:17
10:00:38 [Warning] DataBasePool::checkProc [1]号服务器::连接状态：c.State = Open, 最后使用时间为：2018/9/7 上午10:00:05
10:00:38 [Warning] DataBasePool::checkProc [1]号服务器::连接状态：c.State = Open, 最后使用时间为：2018/9/7 上午9:57:17
10:00:38 [Warning] DataBasePool::checkProc [1]号服务器::连接状态：c.State = Open, 最后使用时间为：2018/9/7 上午9:57:17
10:00:38 [Warning] DataBasePool::checkProc [1]号服务器::连接状态：c.State = Open, 最后使用时间为：2018/9/7 上午9:57:17
10:00:38 [Warning] DataBasePool::checkProc [1]号服务器::连接状态：c.State = Open, 最后使用时间为：2018/9/7 上午9:57:17
10:00:48 [Warning] DataBasePool::checkProc [1]号服务器::连接状态：c.State = Open, 最后使用时间为：2018/9/7 上午10:00:05
10:00:48 [Warning] DataBasePool::checkProc [1]号服务器::连接状态：c.State = Open, 最后使用时间为：2018/9/7 上午9:57:17
10:00:48 [Warning] DataBasePool::checkProc [1]号服务器::连接状态：c.State = Open, 最后使用时间为：2018/9/7 上午9:57:17
10:00:48 [Warning] DataBasePool::checkProc [1]号服务器::连接状态：c.State = Open, 最后使用时间为：2018/9/7 上午9:57:17
10:00:48 [Warning] DataBasePool::checkProc [1]号服务器::连接状态：c.State = Open, 最后使用时间为：2018/9/7 上午9:57:17
10:00:58 [Warning] DataBasePool::checkProc [1]号服务器::连接状态：c.State = Open, 最后使用时间为：2018/9/7 上午10:00:05
10:00:58 [Warning] DataBasePool::checkProc [1]号服务器::连接状态：c.State = Open, 最后使用时间为：2018/9/7 上午9:57:17
10:00:58 [Warning] DataBasePool::checkProc [1]号服务器::连接状态：c.State = Open, 最后使用时间为：2018/9/7 上午9:57:17
10:00:58 [Warning] DataBasePool::checkProc [1]号服务器::连接状态：c.State = Open, 最后使用时间为：2018/9/7 上午9:57:17
10:00:58 [Warning] DataBasePool::checkProc [1]号服务器::连接状态：c.State = Open, 最后使用时间为：2018/9/7 上午9:57:17
10:01:08 [Warning] DataBasePool::checkProc [1]号服务器::连接状态：c.State = Open, 最后使用时间为：2018/9/7 上午10:00:05
10:01:08 [Warning] DataBasePool::checkProc [1]号服务器::连接状态：c.State = Open, 最后使用时间为：2018/9/7 上午9:57:17
10:01:08 [Warning] DataBasePool::checkProc [1]号服务器::连接状态：c.State = Open, 最后使用时间为：2018/9/7 上午9:57:17
10:01:08 [Warning] DataBasePool::checkProc [1]号服务器::连接状态：c.State = Open, 最后使用时间为：2018/9/7 上午9:57:17
10:01:08 [Warning] DataBasePool::checkProc [1]号服务器::连接状态：c.State = Open, 最后使用时间为：2018/9/7 上午9:57:17
10:01:18 [Warning] DataBasePool::checkProc [1]号服务器::连接状态：c.State = Open, 最后使用时间为：2018/9/7 上午10:00:05
10:01:18 [Warning] DataBasePool::checkProc [1]号服务器::连接状态：c.State = Open, 最后使用时间为：2018/9/7 上午9:57:17
10:01:18 [Warning] DataBasePool::checkProc [1]号服务器::连接状态：c.State = Open, 最后使用时间为：2018/9/7 上午9:57:17
10:01:18 [Warning] DataBasePool::checkProc [1]号服务器::连接状态：c.State = Open, 最后使用时间为：2018/9/7 上午9:57:17
10:01:18 [Warning] DataBasePool::checkProc [1]号服务器::连接状态：c.State = Open, 最后使用时间为：2018/9/7 上午9:57:17
10:01:28 [Warning] DataBasePool::checkProc [1]号服务器::连接状态：c.State = Open, 最后使用时间为：2018/9/7 上午10:00:05
10:01:28 [Warning] DataBasePool::checkProc [1]号服务器::连接状态：c.State = Open, 最后使用时间为：2018/9/7 上午9:57:17
10:01:28 [Warning] DataBasePool::checkProc [1]号服务器::连接状态：c.State = Open, 最后使用时间为：2018/9/7 上午9:57:17
10:01:28 [Warning] DataBasePool::checkProc [1]号服务器::连接状态：c.State = Open, 最后使用时间为：2018/9/7 上午9:57:17
10:01:28 [Warning] DataBasePool::checkProc [1]号服务器::连接状态：c.State = Open, 最后使用时间为：2018/9/7 上午9:57:17
10:01:38 [Warning] DataBasePool::checkProc [1]号服务器::连接状态：c.State = Open, 最后使用时间为：2018/9/7 上午10:00:05
10:01:38 [Warning] DataBasePool::checkProc [1]号服务器::连接状态：c.State = Open, 最后使用时间为：2018/9/7 上午9:57:17
10:01:38 [Warning] DataBasePool::checkProc [1]号服务器::连接状态：c.State = Open, 最后使用时间为：2018/9/7 上午9:57:17
10:01:38 [Warning] DataBasePool::checkProc [1]号服务器::连接状态：c.State = Open, 最后使用时间为：2018/9/7 上午9:57:17
10:01:38 [Warning] DataBasePool::checkProc [1]号服务器::连接状态：c.State = Open, 最后使用时间为：2018/9/7 上午9:57:17
10:01:48 [Warning] DataBasePool::checkProc [1]号服务器::连接状态：c.State = Open, 最后使用时间为：2018/9/7 上午10:00:05
10:01:48 [Warning] DataBasePool::checkProc [1]号服务器::连接状态：c.State = Open, 最后使用时间为：2018/9/7 上午9:57:17
10:01:48 [Warning] DataBasePool::checkProc [1]号服务器::连接状态：c.State = Open, 最后使用时间为：2018/9/7 上午9:57:17
10:01:48 [Warning] DataBasePool::checkProc [1]号服务器::连接状态：c.State = Open, 最后使用时间为：2018/9/7 上午9:57:17
10:01:48 [Warning] DataBasePool::checkProc [1]号服务器::连接状态：c.State = Open, 最后使用时间为：2018/9/7 上午9:57:17
10:01:58 [Warning] DataBasePool::checkProc [1]号服务器::连接状态：c.State = Open, 最后使用时间为：2018/9/7 上午10:00:05
10:01:58 [Warning] DataBasePool::checkProc [1]号服务器::连接状态：c.State = Open, 最后使用时间为：2018/9/7 上午9:57:17
10:01:58 [Warning] DataBasePool::checkProc [1]号服务器::连接状态：c.State = Open, 最后使用时间为：2018/9/7 上午9:57:17
10:01:58 [Warning] DataBasePool::checkProc [1]号服务器::连接状态：c.State = Open, 最后使用时间为：2018/9/7 上午9:57:17
10:01:58 [Warning] DataBasePool::checkProc [1]号服务器::连接状态：c.State = Open, 最后使用时间为：2018/9/7 上午9:57:17
10:02:08 [Warning] DataBasePool::checkProc [1]号服务器::连接状态：c.State = Open, 最后使用时间为：2018/9/7 上午10:00:05
10:02:08 [Warning] DataBasePool::checkProc [1]号服务器::连接状态：c.State = Open, 最后使用时间为：2018/9/7 上午9:57:17
10:02:08 [Warning] DataBasePool::checkProc [1]号服务器::连接状态：c.State = Open, 最后使用时间为：2018/9/7 上午9:57:17
10:02:08 [Warning] DataBasePool::checkProc [1]号服务器::连接状态：c.State = Open, 最后使用时间为：2018/9/7 上午9:57:17
10:02:08 [Warning] DataBasePool::checkProc [1]号服务器::连接状态：c.State = Open, 最后使用时间为：2018/9/7 上午9:57:17
10:02:18 [Warning] DataBasePool::checkProc [1]号服务器::连接状态：c.State = Open, 最后使用时间为：2018/9/7 上午10:00:05
10:02:18 [Debug] DataBasePool::checkProc [1]号服务器::链接已超时，最后使用时间2018-09-07 09:57:17，从链接池中移除，将重新打开。
10:02:18 [Debug] DataBasePool::checkProc [1]号服务器::链接已超时，最后使用时间2018-09-07 09:57:17，从链接池中移除，将重新打开。
10:02:18 [Debug] DataBasePool::checkProc [1]号服务器::链接已超时，最后使用时间2018-09-07 09:57:17，从链接池中移除，将重新打开。
10:02:18 [Debug] DataBasePool::checkProc [1]号服务器::链接已超时，最后使用时间2018-09-07 09:57:17，从链接池中移除，将重新打开。
10:02:28 [Warning] DataBasePool::checkProc [1]号服务器::连接状态：c.State = Open, 最后使用时间为：2018/9/7 上午10:00:05
10:02:38 [Warning] DataBasePool::checkProc [1]号服务器::连接状态：c.State = Open, 最后使用时间为：2018/9/7 上午10:00:05
10:02:49 [Warning] DataBasePool::checkProc [1]号服务器::连接状态：c.State = Open, 最后使用时间为：2018/9/7 上午10:00:05
10:02:59 [Warning] DataBasePool::checkProc [1]号服务器::连接状态：c.State = Open, 最后使用时间为：2018/9/7 上午10:00:05
10:03:09 [Warning] DataBasePool::checkProc [1]号服务器::连接状态：c.State = Open, 最后使用时间为：2018/9/7 上午10:00:05
10:03:19 [Warning] DataBasePool::checkProc [1]号服务器::连接状态：c.State = Open, 最后使用时间为：2018/9/7 上午10:00:05
10:03:29 [Warning] DataBasePool::checkProc [1]号服务器::连接状态：c.State = Open, 最后使用时间为：2018/9/7 上午10:00:05
10:03:39 [Warning] DataBasePool::checkProc [1]号服务器::连接状态：c.State = Open, 最后使用时间为：2018/9/7 上午10:00:05
10:03:49 [Warning] DataBasePool::checkProc [1]号服务器::连接状态：c.State = Open, 最后使用时间为：2018/9/7 上午10:00:05
10:03:59 [Warning] DataBasePool::checkProc [1]号服务器::连接状态：c.State = Open, 最后使用时间为：2018/9/7 上午10:00:05
10:04:09 [Warning] DataBasePool::checkProc [1]号服务器::连接状态：c.State = Open, 最后使用时间为：2018/9/7 上午10:00:05
10:04:19 [Warning] DataBasePool::checkProc [1]号服务器::连接状态：c.State = Open, 最后使用时间为：2018/9/7 上午10:00:05
10:04:29 [Warning] DataBasePool::checkProc [1]号服务器::连接状态：c.State = Open, 最后使用时间为：2018/9/7 上午10:00:05
10:04:39 [Warning] DataBasePool::checkProc [1]号服务器::连接状态：c.State = Open, 最后使用时间为：2018/9/7 上午10:00:05
10:04:49 [Warning] DataBasePool::checkProc [1]号服务器::连接状态：c.State = Open, 最后使用时间为：2018/9/7 上午10:00:05
10:04:59 [Warning] DataBasePool::checkProc [1]号服务器::连接状态：c.State = Open, 最后使用时间为：2018/9/7 上午10:00:05
10:05:09 [Debug] DataBasePool::checkProc [1]号服务器::链接已超时，最后使用时间2018-09-07 10:00:05，从链接池中移除，将重新打开。
10:08:49 [Warning] DataBasePool::checkProc [1]号服务器::连接状态：c.State = Open, 最后使用时间为：2018/9/7 上午10:08:44
10:08:59 [Warning] DataBasePool::checkProc [1]号服务器::连接状态：c.State = Open, 最后使用时间为：2018/9/7 上午10:08:59
10:09:09 [Warning] DataBasePool::checkProc [1]号服务器::连接状态：c.State = Open, 最后使用时间为：2018/9/7 上午10:09:03
10:09:19 [Warning] DataBasePool::checkProc [1]号服务器::连接状态：c.State = Open, 最后使用时间为：2018/9/7 上午10:09:03
10:20:03 [Debug] Startup::Startup [1]号服务器::Begin connect db
10:20:05 [Debug] WebApiApplication::Application_Start [1]号服务器::数据库连接串：server=sh-cdb-ot9416xk.sql.tencentcdb.com;port=63360;uid=root;pwd=123!@#qweASD;database=debit;Min Pool Size=0;Pooling=true;connect timeout=120;CharSet=utf8;AllowUserVariables=true;AllowZeroDatetime=True;SslMode=None
10:20:05 [Debug] RedisPools::Init [1]号服务器::准备初使化Redis连接池,配置信息：127.0.0.1:6379
10:20:05 [Debug] DataBasePool::checkProc [1]号服务器::空闲连接数为：5，处理中连接：0
10:20:06 [SystemLog] RedisPools::Init [1]号服务器::初使化Redis连接池,成功创建[5]个连接！
10:20:15 [Debug] DataBasePool::checkProc [1]号服务器::空闲连接数为：5，处理中连接：0
10:20:25 [Debug] DataBasePool::checkProc [1]号服务器::空闲连接数为：5，处理中连接：0
10:20:35 [Debug] DataBasePool::checkProc [1]号服务器::空闲连接数为：5，处理中连接：0
10:20:45 [Debug] DataBasePool::checkProc [1]号服务器::空闲连接数为：5，处理中连接：0
10:20:55 [Debug] DataBasePool::checkProc [1]号服务器::空闲连接数为：5，处理中连接：0
10:21:05 [Debug] DataBasePool::checkProc [1]号服务器::空闲连接数为：5，处理中连接：0
10:21:15 [Debug] DataBasePool::checkProc [1]号服务器::空闲连接数为：5，处理中连接：0
10:21:25 [Debug] DataBasePool::checkProc [1]号服务器::空闲连接数为：5，处理中连接：0
10:21:35 [Debug] DataBasePool::checkProc [1]号服务器::空闲连接数为：5，处理中连接：0
10:21:45 [Debug] DataBasePool::checkProc [1]号服务器::空闲连接数为：5，处理中连接：0
10:21:55 [Debug] DataBasePool::checkProc [1]号服务器::空闲连接数为：5，处理中连接：0
10:22:05 [Debug] DataBasePool::checkProc [1]号服务器::空闲连接数为：5，处理中连接：0
10:22:15 [Debug] DataBasePool::checkProc [1]号服务器::空闲连接数为：5，处理中连接：0
10:22:25 [Debug] DataBasePool::checkProc [1]号服务器::空闲连接数为：5，处理中连接：0
10:22:35 [Debug] DataBasePool::checkProc [1]号服务器::空闲连接数为：5，处理中连接：0
10:22:45 [Debug] DataBasePool::checkProc [1]号服务器::空闲连接数为：5，处理中连接：0
10:22:55 [Debug] DataBasePool::checkProc [1]号服务器::空闲连接数为：5，处理中连接：0
10:23:05 [Debug] DataBasePool::checkProc [1]号服务器::空闲连接数为：5，处理中连接：0
10:23:15 [Debug] DataBasePool::checkProc [1]号服务器::空闲连接数为：5，处理中连接：0
10:23:25 [Debug] DataBasePool::checkProc [1]号服务器::空闲连接数为：5，处理中连接：0
10:23:35 [Debug] DataBasePool::checkProc [1]号服务器::空闲连接数为：5，处理中连接：0
10:23:45 [Debug] DataBasePool::checkProc [1]号服务器::空闲连接数为：5，处理中连接：0
10:23:55 [Debug] DataBasePool::checkProc [1]号服务器::空闲连接数为：5，处理中连接：0
10:24:05 [Debug] DataBasePool::checkProc [1]号服务器::空闲连接数为：5，处理中连接：0
10:24:15 [Debug] DataBasePool::checkProc [1]号服务器::空闲连接数为：5，处理中连接：0
10:24:25 [Debug] DataBasePool::checkProc [1]号服务器::空闲连接数为：5，处理中连接：0
10:24:36 [Debug] DataBasePool::checkProc [1]号服务器::空闲连接数为：5，处理中连接：0
10:24:46 [Debug] DataBasePool::checkProc [1]号服务器::空闲连接数为：5，处理中连接：0
10:24:56 [Debug] DataBasePool::checkProc [1]号服务器::空闲连接数为：5，处理中连接：0
10:25:06 [Debug] DataBasePool::checkProc [1]号服务器::空闲连接数为：5，处理中连接：0
10:25:06 [Debug] DataBasePool::checkProc [1]号服务器::链接已超时，最后使用时间2018-09-07 10:20:05，从链接池中移除，将重新打开。
10:25:06 [Debug] DataBasePool::checkProc [1]号服务器::链接已超时，最后使用时间2018-09-07 10:20:04，从链接池中移除，将重新打开。
10:25:06 [Debug] DataBasePool::checkProc [1]号服务器::链接已超时，最后使用时间2018-09-07 10:20:05，从链接池中移除，将重新打开。
10:25:06 [Debug] DataBasePool::checkProc [1]号服务器::链接已超时，最后使用时间2018-09-07 10:20:04，从链接池中移除，将重新打开。
10:25:06 [Debug] DataBasePool::checkProc [1]号服务器::链接已超时，最后使用时间2018-09-07 10:20:04，从链接池中移除，将重新打开。
10:25:16 [Debug] DataBasePool::checkProc [1]号服务器::空闲连接数为：0，处理中连接：0
10:25:26 [Debug] DataBasePool::checkProc [1]号服务器::空闲连接数为：0，处理中连接：0
10:25:36 [Debug] DataBasePool::checkProc [1]号服务器::空闲连接数为：0，处理中连接：0
10:25:46 [Debug] DataBasePool::checkProc [1]号服务器::空闲连接数为：0，处理中连接：0
10:25:56 [Debug] DataBasePool::checkProc [1]号服务器::空闲连接数为：0，处理中连接：0
10:26:06 [Debug] DataBasePool::checkProc [1]号服务器::空闲连接数为：0，处理中连接：0
10:26:16 [Debug] DataBasePool::checkProc [1]号服务器::空闲连接数为：0，处理中连接：0
10:26:26 [Debug] DataBasePool::checkProc [1]号服务器::空闲连接数为：0，处理中连接：0
10:26:36 [Debug] DataBasePool::checkProc [1]号服务器::空闲连接数为：0，处理中连接：0
10:26:46 [Debug] DataBasePool::checkProc [1]号服务器::空闲连接数为：0，处理中连接：0
10:26:56 [Debug] DataBasePool::checkProc [1]号服务器::空闲连接数为：0，处理中连接：0
10:27:06 [Debug] DataBasePool::checkProc [1]号服务器::空闲连接数为：0，处理中连接：0
10:27:16 [Debug] DataBasePool::checkProc [1]号服务器::空闲连接数为：0，处理中连接：0
10:27:26 [Debug] DataBasePool::checkProc [1]号服务器::空闲连接数为：0，处理中连接：0
10:27:36 [Debug] DataBasePool::checkProc [1]号服务器::空闲连接数为：0，处理中连接：0
10:27:46 [Debug] DataBasePool::checkProc [1]号服务器::空闲连接数为：0，处理中连接：0
10:28:34 [Debug] Startup::Startup [1]号服务器::Begin connect db
10:28:35 [Debug] WebApiApplication::Application_Start [1]号服务器::数据库连接串：server=sh-cdb-ot9416xk.sql.tencentcdb.com;port=63360;uid=root;pwd=123!@#qweASD;database=debit;Min Pool Size=0;Pooling=true;connect timeout=120;CharSet=utf8;AllowUserVariables=true;AllowZeroDatetime=True;SslMode=None
10:28:35 [Debug] DataBasePool::checkProc [1]号服务器::空闲连接数为：5，处理中连接：0
10:28:35 [Debug] RedisPools::Init [1]号服务器::准备初使化Redis连接池,配置信息：127.0.0.1:6379
10:28:36 [SystemLog] RedisPools::Init [1]号服务器::初使化Redis连接池,成功创建[5]个连接！
10:28:45 [Debug] DataBasePool::checkProc [1]号服务器::空闲连接数为：5，处理中连接：0
10:33:41 [Debug] Startup::Startup [1]号服务器::Begin connect db
10:33:43 [Debug] WebApiApplication::Application_Start [1]号服务器::数据库连接串：server=sh-cdb-ot9416xk.sql.tencentcdb.com;port=63360;uid=root;pwd=123!@#qweASD;database=debit;Min Pool Size=0;Pooling=true;connect timeout=120;CharSet=utf8;AllowUserVariables=true;AllowZeroDatetime=True;SslMode=None
10:33:43 [Debug] DataBasePool::checkProc [1]号服务器::空闲连接数为：5，处理中连接：0
10:33:43 [Debug] RedisPools::Init [1]号服务器::准备初使化Redis连接池,配置信息：127.0.0.1:6379
10:33:43 [SystemLog] RedisPools::Init [1]号服务器::初使化Redis连接池,成功创建[5]个连接！
10:33:55 [Debug] DataBasePool::checkProc [1]号服务器::空闲连接数为：5，处理中连接：0
10:33:56 [Debug] UserController::EditUserPersonalInfo [1]号服务器::检查到用户【28】存在已提交或未还款记录，不允许修改资料。
10:34:05 [Debug] DataBasePool::checkProc [1]号服务器::空闲连接数为：5，处理中连接：0
10:34:15 [Debug] DataBasePool::checkProc [1]号服务器::空闲连接数为：5，处理中连接：0
10:34:25 [Debug] DataBasePool::checkProc [1]号服务器::空闲连接数为：5，处理中连接：0
10:34:35 [Debug] DataBasePool::checkProc [1]号服务器::空闲连接数为：5，处理中连接：0
10:34:45 [Debug] DataBasePool::checkProc [1]号服务器::空闲连接数为：5，处理中连接：0
13:27:36 [Debug] Startup::Startup [1]号服务器::Begin connect db
13:27:38 [Debug] WebApiApplication::Application_Start [1]号服务器::数据库连接串：server=sh-cdb-ot9416xk.sql.tencentcdb.com;port=63360;uid=root;pwd=123!@#qweASD;database=debit;Min Pool Size=0;Pooling=true;connect timeout=120;CharSet=utf8;AllowUserVariables=true;AllowZeroDatetime=True;SslMode=None
13:27:38 [Debug] DataBasePool::checkProc [1]号服务器::空闲连接数为：5，处理中连接：0
13:27:38 [Debug] RedisPools::Init [1]号服务器::准备初使化Redis连接池,配置信息：127.0.0.1:6379
13:27:38 [SystemLog] RedisPools::Init [1]号服务器::初使化Redis连接池,成功创建[5]个连接！
13:27:48 [Debug] DataBasePool::checkProc [1]号服务器::空闲连接数为：5，处理中连接：0
13:27:58 [Debug] DataBasePool::checkProc [1]号服务器::空闲连接数为：5，处理中连接：0
13:28:08 [Debug] DataBasePool::checkProc [1]号服务器::空闲连接数为：5，处理中连接：0
13:28:18 [Debug] DataBasePool::checkProc [1]号服务器::空闲连接数为：5，处理中连接：0
13:28:28 [Debug] DataBasePool::checkProc [1]号服务器::空闲连接数为：5，处理中连接：0
13:28:38 [Debug] DataBasePool::checkProc [1]号服务器::空闲连接数为：5，处理中连接：0
13:28:48 [Debug] DataBasePool::checkProc [1]号服务器::空闲连接数为：5，处理中连接：0
13:28:53 [Warning] CustomActionFilter::OnActionExecuting [1]号服务器::   Token validation failed. version:
13:28:58 [Debug] DataBasePool::checkProc [1]号服务器::空闲连接数为：5，处理中连接：0
13:29:08 [Debug] DataBasePool::checkProc [1]号服务器::空闲连接数为：5，处理中连接：0
13:29:18 [Debug] DataBasePool::checkProc [1]号服务器::空闲连接数为：5，处理中连接：0
13:29:28 [Debug] DataBasePool::checkProc [1]号服务器::空闲连接数为：5，处理中连接：0
13:29:38 [Debug] DataBasePool::checkProc [1]号服务器::空闲连接数为：5，处理中连接：0
13:29:48 [Debug] DataBasePool::checkProc [1]号服务器::空闲连接数为：5，处理中连接：0
13:29:58 [Debug] DataBasePool::checkProc [1]号服务器::空闲连接数为：5，处理中连接：0
13:30:08 [Debug] DataBasePool::checkProc [1]号服务器::空闲连接数为：5，处理中连接：0
13:30:18 [Debug] DataBasePool::checkProc [1]号服务器::空闲连接数为：5，处理中连接：0
