15:13:53 [Debug] Startup::Startup [1]号服务器::Begin connect db
15:13:55 [Debug] WebApiApplication::Application_Start [1]号服务器::数据库连接串：server=sh-cdb-ot9416xk.sql.tencentcdb.com;port=63360;uid=root;pwd=123!@#qweASD;database=debit;Min Pool Size=0;Pooling=true;connect timeout=120;CharSet=utf8;AllowUserVariables=true;AllowZeroDatetime=True;SslMode=None
15:13:55 [Debug] RedisPools::Init [1]号服务器::准备初使化Redis连接池,配置信息：127.0.0.1:6379
15:13:55 [Debug] DataBasePool::checkProc [1]号服务器::空闲连接数为：5，处理中连接：0
15:13:55 [Debug] RedisPools::checkConnection [1]号服务器::空闲连接数：0, 进行中连接数：0
15:14:05 [Debug] DataBasePool::checkProc [1]号服务器::空闲连接数为：5，处理中连接：0
15:14:15 [Debug] DataBasePool::checkProc [1]号服务器::空闲连接数为：5，处理中连接：0
15:14:25 [Debug] RedisPools::checkConnection [1]号服务器::空闲连接数：0, 进行中连接数：0
15:14:25 [Debug] DataBasePool::checkProc [1]号服务器::空闲连接数为：5，处理中连接：0
15:14:35 [Debug] DataBasePool::checkProc [1]号服务器::空闲连接数为：5，处理中连接：0
15:14:45 [Debug] DataBasePool::checkProc [1]号服务器::空闲连接数为：5，处理中连接：0
15:14:55 [Debug] RedisPools::checkConnection [1]号服务器::空闲连接数：0, 进行中连接数：0
15:14:55 [Debug] DataBasePool::checkProc [1]号服务器::空闲连接数为：5，处理中连接：0
15:15:05 [Debug] DataBasePool::checkProc [1]号服务器::空闲连接数为：5，处理中连接：0
15:15:15 [Debug] DataBasePool::checkProc [1]号服务器::空闲连接数为：5，处理中连接：0
15:15:25 [Debug] RedisPools::checkConnection [1]号服务器::空闲连接数：0, 进行中连接数：0
15:15:25 [Debug] DataBasePool::checkProc [1]号服务器::空闲连接数为：5，处理中连接：0
15:15:35 [Debug] DataBasePool::checkProc [1]号服务器::空闲连接数为：5，处理中连接：0
15:15:45 [Debug] DataBasePool::checkProc [1]号服务器::空闲连接数为：5，处理中连接：0
15:15:55 [Success] DuitkuController::CallbackRequest [1]号服务器::0 - {"merchantCode":"D4199","amount":"100000","merchantOrderId":"101","productDetail":"VA CIMB NIAGA","additionalParam":null,"paymentCode":"B1","resultCode":"00","merchantUserId":"null","reference":"D4199C6UAXJ0M","signature":"19c657855d8fee3762484d293f89297f","issuer_name":null,"issuer_bank":null}
15:15:55 [Debug] DuitkuController::CallbackRequest [1]号服务器::签名验证通过:19c657855d8fee3762484d293f89297f - 传入为：19c657855d8fee3762484d293f89297f
15:15:55 [Debug] DuitkuProvider::SetDuitkuPaybackRecordStaus [1]号服务器::[101]查询还款记录表的数据，用户、还款类型、贷款记录ID。
15:15:55 [Debug] DuitkuProvider::SetDuitkuPaybackRecordStaus [1]号服务器::[101]查询到还款记录，用户：27、还款类型:3、贷款记录ID:120。
15:15:55 [Debug] DuitkuProvider::SetDuitkuPaybackRecordStaus [1]号服务器::[101]开始更新还款记录表的状态
15:15:55 [Debug] DuitkuProvider::SetDuitkuPaybackRecordStaus [1]号服务器::[101]更新还款记录表的状态，结果为：1
15:15:55 [Debug] DuitkuProvider::SetDuitkuPaybackRecordStaus [1]号服务器::[101]查询到用户应还时间2018-10-22
15:15:55 [Debug] DuitkuProvider::SetDuitkuPaybackRecordStaus [1]号服务器::核对应还金额 needPayMoney:500000 - amoutMoney:100000
15:15:55 [Debug] DuitkuProvider::SetDuitkuPaybackRecordStaus [1]号服务器::金额对不上，将已还计入部份还款。
15:15:55 [Debug] DuitkuProvider::SetDuitkuPaybackRecordStaus [1]号服务器::应支付：500000，收到用户支付：100000，差额：400000，历史支付：100000。
15:15:55 [Debug] DuitkuProvider::SetDuitkuPaybackRecordStaus [1]号服务器::[101]插入审核记录 成功(1)。
15:15:55 [Debug] RedisPools::checkConnection [1]号服务器::空闲连接数：0, 进行中连接数：0
15:15:55 [Error] DuitkuController::CallbackRequest [1]号服务器::回调操作成功。
15:15:55 [Debug] DataBasePool::checkProc [1]号服务器::空闲连接数为：4，处理中连接：1
15:16:05 [Debug] DataBasePool::checkProc [1]号服务器::空闲连接数为：5，处理中连接：0
15:16:15 [Debug] DataBasePool::checkProc [1]号服务器::空闲连接数为：5，处理中连接：0
15:16:25 [Debug] RedisPools::checkConnection [1]号服务器::空闲连接数：0, 进行中连接数：0
15:16:25 [Debug] DataBasePool::checkProc [1]号服务器::空闲连接数为：5，处理中连接：0
15:16:35 [Debug] DataBasePool::checkProc [1]号服务器::空闲连接数为：5，处理中连接：0
15:16:45 [Debug] DataBasePool::checkProc [1]号服务器::空闲连接数为：5，处理中连接：0
15:16:55 [Debug] RedisPools::checkConnection [1]号服务器::空闲连接数：0, 进行中连接数：0
15:16:55 [Debug] DataBasePool::checkProc [1]号服务器::空闲连接数为：5，处理中连接：0
15:17:05 [Debug] DataBasePool::checkProc [1]号服务器::空闲连接数为：5，处理中连接：0
15:17:15 [Debug] DataBasePool::checkProc [1]号服务器::空闲连接数为：5，处理中连接：0
15:17:25 [Debug] RedisPools::checkConnection [1]号服务器::空闲连接数：0, 进行中连接数：0
15:17:25 [Debug] DataBasePool::checkProc [1]号服务器::空闲连接数为：5，处理中连接：0
15:17:35 [Debug] DataBasePool::checkProc [1]号服务器::空闲连接数为：5，处理中连接：0
15:17:45 [Debug] DataBasePool::checkProc [1]号服务器::空闲连接数为：5，处理中连接：0
15:17:55 [Debug] RedisPools::checkConnection [1]号服务器::空闲连接数：0, 进行中连接数：0
15:17:55 [Debug] DataBasePool::checkProc [1]号服务器::空闲连接数为：5，处理中连接：0
15:18:05 [Debug] DataBasePool::checkProc [1]号服务器::空闲连接数为：5，处理中连接：0
15:18:06 [Success] DuitkuController::CallbackRequest [1]号服务器::0 - {"merchantCode":"D4199","amount":"100000","merchantOrderId":"101","productDetail":"VA CIMB NIAGA","additionalParam":null,"paymentCode":"B1","resultCode":"00","merchantUserId":"null","reference":"D4199C6UAXJ0M","signature":"19c657855d8fee3762484d293f89297f","issuer_name":null,"issuer_bank":null}
15:18:06 [Debug] DuitkuController::CallbackRequest [1]号服务器::签名验证通过:19c657855d8fee3762484d293f89297f - 传入为：19c657855d8fee3762484d293f89297f
15:18:07 [Debug] DuitkuProvider::SetDuitkuPaybackRecordStaus [1]号服务器::[101]查询还款记录表的数据，用户、还款类型、贷款记录ID。
15:18:07 [Debug] DuitkuProvider::SetDuitkuPaybackRecordStaus [1]号服务器::[101]查询到还款记录，用户：27、还款类型:3、贷款记录ID:120。
15:18:07 [Debug] DuitkuProvider::SetDuitkuPaybackRecordStaus [1]号服务器::[101]开始更新还款记录表的状态
15:18:07 [Debug] DuitkuProvider::SetDuitkuPaybackRecordStaus [1]号服务器::[101]更新还款记录表的状态，结果为：1
15:18:07 [Debug] DuitkuProvider::SetDuitkuPaybackRecordStaus [1]号服务器::[101]查询到用户应还时间2018-10-22
15:18:07 [Debug] DuitkuProvider::SetDuitkuPaybackRecordStaus [1]号服务器::核对应还金额 needPayMoney:400000 - amoutMoney:100000
15:18:07 [Debug] DuitkuProvider::SetDuitkuPaybackRecordStaus [1]号服务器::金额对不上，将已还计入部份还款。
15:18:07 [Debug] DuitkuProvider::SetDuitkuPaybackRecordStaus [1]号服务器::应支付：400000，收到用户支付：100000，差额：300000，历史支付：200000。
15:18:07 [Debug] DuitkuProvider::SetDuitkuPaybackRecordStaus [1]号服务器::[101]插入审核记录 成功(1)。
15:18:07 [Error] DuitkuController::CallbackRequest [1]号服务器::回调操作成功。
15:18:15 [Debug] DataBasePool::checkProc [1]号服务器::空闲连接数为：5，处理中连接：0
15:18:20 [Success] DuitkuController::CallbackRequest [1]号服务器::0 - {"merchantCode":"D4199","amount":"100000","merchantOrderId":"101","productDetail":"VA CIMB NIAGA","additionalParam":null,"paymentCode":"B1","resultCode":"00","merchantUserId":"null","reference":"D4199C6UAXJ0M","signature":"19c657855d8fee3762484d293f89297f","issuer_name":null,"issuer_bank":null}
15:18:20 [Debug] DuitkuController::CallbackRequest [1]号服务器::签名验证通过:19c657855d8fee3762484d293f89297f - 传入为：19c657855d8fee3762484d293f89297f
15:18:20 [Debug] DuitkuProvider::SetDuitkuPaybackRecordStaus [1]号服务器::[101]查询还款记录表的数据，用户、还款类型、贷款记录ID。
15:18:20 [Debug] DuitkuProvider::SetDuitkuPaybackRecordStaus [1]号服务器::[101]查询到还款记录，用户：27、还款类型:3、贷款记录ID:120。
15:18:20 [Debug] DuitkuProvider::SetDuitkuPaybackRecordStaus [1]号服务器::[101]开始更新还款记录表的状态
15:18:20 [Debug] DuitkuProvider::SetDuitkuPaybackRecordStaus [1]号服务器::[101]更新还款记录表的状态，结果为：1
15:18:20 [Debug] DuitkuProvider::SetDuitkuPaybackRecordStaus [1]号服务器::[101]查询到用户应还时间2018-10-22
15:18:20 [Debug] DuitkuProvider::SetDuitkuPaybackRecordStaus [1]号服务器::核对应还金额 needPayMoney:300000 - amoutMoney:100000
15:18:20 [Debug] DuitkuProvider::SetDuitkuPaybackRecordStaus [1]号服务器::金额对不上，将已还计入部份还款。
15:18:20 [Debug] DuitkuProvider::SetDuitkuPaybackRecordStaus [1]号服务器::应支付：300000，收到用户支付：100000，差额：200000，历史支付：300000。
15:18:20 [Debug] DuitkuProvider::SetDuitkuPaybackRecordStaus [1]号服务器::[101]插入审核记录 成功(1)。
15:18:20 [Error] DuitkuController::CallbackRequest [1]号服务器::回调操作成功。
15:18:25 [Debug] RedisPools::checkConnection [1]号服务器::空闲连接数：0, 进行中连接数：0
15:18:25 [Debug] DataBasePool::checkProc [1]号服务器::空闲连接数为：5，处理中连接：0
15:18:28 [Success] DuitkuController::CallbackRequest [1]号服务器::0 - {"merchantCode":"D4199","amount":"100000","merchantOrderId":"101","productDetail":"VA CIMB NIAGA","additionalParam":null,"paymentCode":"B1","resultCode":"00","merchantUserId":"null","reference":"D4199C6UAXJ0M","signature":"19c657855d8fee3762484d293f89297f","issuer_name":null,"issuer_bank":null}
15:18:28 [Debug] DuitkuController::CallbackRequest [1]号服务器::签名验证通过:19c657855d8fee3762484d293f89297f - 传入为：19c657855d8fee3762484d293f89297f
15:18:28 [Debug] DuitkuProvider::SetDuitkuPaybackRecordStaus [1]号服务器::[101]查询还款记录表的数据，用户、还款类型、贷款记录ID。
15:18:28 [Error] DuitkuProvider::SetDuitkuPaybackRecordStaus [1]号服务器::根据订单ID查找贷款ID失败，有可能该订单已处理。101
15:18:28 [Error] DuitkuController::CallbackRequest [1]号服务器::回调操作失败。
15:18:35 [Debug] DataBasePool::checkProc [1]号服务器::空闲连接数为：5，处理中连接：0
15:18:39 [Success] DuitkuController::CallbackRequest [1]号服务器::0 - {"merchantCode":"D4199","amount":"100000","merchantOrderId":"101","productDetail":"VA CIMB NIAGA","additionalParam":null,"paymentCode":"B1","resultCode":"00","merchantUserId":"null","reference":"D4199C6UAXJ0M","signature":"19c657855d8fee3762484d293f89297f","issuer_name":null,"issuer_bank":null}
15:18:39 [Debug] DuitkuController::CallbackRequest [1]号服务器::签名验证通过:19c657855d8fee3762484d293f89297f - 传入为：19c657855d8fee3762484d293f89297f
15:18:39 [Debug] DuitkuProvider::SetDuitkuPaybackRecordStaus [1]号服务器::[101]查询还款记录表的数据，用户、还款类型、贷款记录ID。
15:18:39 [Debug] DuitkuProvider::SetDuitkuPaybackRecordStaus [1]号服务器::[101]查询到还款记录，用户：27、还款类型:3、贷款记录ID:120。
15:18:39 [Debug] DuitkuProvider::SetDuitkuPaybackRecordStaus [1]号服务器::[101]开始更新还款记录表的状态
15:18:39 [Debug] DuitkuProvider::SetDuitkuPaybackRecordStaus [1]号服务器::[101]更新还款记录表的状态，结果为：1
15:18:39 [Debug] DuitkuProvider::SetDuitkuPaybackRecordStaus [1]号服务器::[101]查询到用户应还时间2018-10-22
15:18:39 [Debug] DuitkuProvider::SetDuitkuPaybackRecordStaus [1]号服务器::核对应还金额 needPayMoney:200000 - amoutMoney:100000
15:18:39 [Debug] DuitkuProvider::SetDuitkuPaybackRecordStaus [1]号服务器::金额对不上，将已还计入部份还款。
15:18:39 [Debug] DuitkuProvider::SetDuitkuPaybackRecordStaus [1]号服务器::应支付：200000，收到用户支付：100000，差额：100000，历史支付：400000。
15:18:39 [Debug] DuitkuProvider::SetDuitkuPaybackRecordStaus [1]号服务器::[101]插入审核记录 成功(1)。
15:18:39 [Error] DuitkuController::CallbackRequest [1]号服务器::回调操作成功。
15:18:45 [Debug] DataBasePool::checkProc [1]号服务器::空闲连接数为：5，处理中连接：0
15:18:55 [Debug] RedisPools::checkConnection [1]号服务器::空闲连接数：0, 进行中连接数：0
15:18:55 [Debug] DataBasePool::checkProc [1]号服务器::空闲连接数为：5，处理中连接：0
15:25:31 [Debug] Startup::Startup [1]号服务器::Begin connect db
15:25:33 [Debug] WebApiApplication::Application_Start [1]号服务器::数据库连接串：server=sh-cdb-ot9416xk.sql.tencentcdb.com;port=63360;uid=root;pwd=123!@#qweASD;database=debit;Min Pool Size=0;Pooling=true;connect timeout=120;CharSet=utf8;AllowUserVariables=true;AllowZeroDatetime=True;SslMode=None
15:25:33 [Debug] DataBasePool::checkProc [1]号服务器::空闲连接数为：5，处理中连接：0
15:25:33 [Debug] RedisPools::Init [1]号服务器::准备初使化Redis连接池,配置信息：127.0.0.1:6379
15:25:33 [Debug] RedisPools::checkConnection [1]号服务器::空闲连接数：0, 进行中连接数：0
15:25:43 [Debug] DataBasePool::checkProc [1]号服务器::空闲连接数为：5，处理中连接：0
15:25:53 [Debug] DataBasePool::checkProc [1]号服务器::空闲连接数为：5，处理中连接：0
15:26:03 [Debug] RedisPools::checkConnection [1]号服务器::空闲连接数：0, 进行中连接数：0
15:26:03 [Debug] DataBasePool::checkProc [1]号服务器::空闲连接数为：5，处理中连接：0
15:26:13 [Debug] DataBasePool::checkProc [1]号服务器::空闲连接数为：5，处理中连接：0
15:26:23 [Debug] DataBasePool::checkProc [1]号服务器::空闲连接数为：5，处理中连接：0
15:26:33 [Debug] RedisPools::checkConnection [1]号服务器::空闲连接数：0, 进行中连接数：0
15:26:33 [Debug] DataBasePool::checkProc [1]号服务器::空闲连接数为：5，处理中连接：0
15:26:43 [Debug] DataBasePool::checkProc [1]号服务器::空闲连接数为：5，处理中连接：0
15:26:53 [Debug] DataBasePool::checkProc [1]号服务器::空闲连接数为：5，处理中连接：0
15:27:03 [Debug] RedisPools::checkConnection [1]号服务器::空闲连接数：0, 进行中连接数：0
15:27:03 [Debug] DataBasePool::checkProc [1]号服务器::空闲连接数为：5，处理中连接：0
15:27:13 [Debug] DataBasePool::checkProc [1]号服务器::空闲连接数为：5，处理中连接：0
15:27:23 [Debug] DataBasePool::checkProc [1]号服务器::空闲连接数为：5，处理中连接：0
15:27:33 [Debug] RedisPools::checkConnection [1]号服务器::空闲连接数：0, 进行中连接数：0
15:27:33 [Debug] DataBasePool::checkProc [1]号服务器::空闲连接数为：5，处理中连接：0
15:27:43 [Debug] DataBasePool::checkProc [1]号服务器::空闲连接数为：5，处理中连接：0
15:27:53 [Debug] DataBasePool::checkProc [1]号服务器::空闲连接数为：5，处理中连接：0
15:28:03 [Debug] RedisPools::checkConnection [1]号服务器::空闲连接数：0, 进行中连接数：0
15:28:03 [Debug] DataBasePool::checkProc [1]号服务器::空闲连接数为：5，处理中连接：0
15:28:13 [Debug] DataBasePool::checkProc [1]号服务器::空闲连接数为：5，处理中连接：0
15:28:23 [Debug] DataBasePool::checkProc [1]号服务器::空闲连接数为：5，处理中连接：0
15:28:33 [Debug] RedisPools::checkConnection [1]号服务器::空闲连接数：0, 进行中连接数：0
15:28:33 [Debug] DataBasePool::checkProc [1]号服务器::空闲连接数为：5，处理中连接：0
15:28:43 [Debug] DataBasePool::checkProc [1]号服务器::空闲连接数为：5，处理中连接：0
15:28:53 [Debug] DataBasePool::checkProc [1]号服务器::空闲连接数为：5，处理中连接：0
15:29:03 [Debug] RedisPools::checkConnection [1]号服务器::空闲连接数：0, 进行中连接数：0
15:29:03 [Debug] DataBasePool::checkProc [1]号服务器::空闲连接数为：5，处理中连接：0
15:29:11 [Success] DuitkuController::CallbackRequest [1]号服务器::0 - {"merchantCode":"D4199","amount":"100000","merchantOrderId":"101","productDetail":"VA CIMB NIAGA","additionalParam":null,"paymentCode":"B1","resultCode":"00","merchantUserId":"null","reference":"D4199C6UAXJ0M","signature":"19c657855d8fee3762484d293f89297f","issuer_name":null,"issuer_bank":null}
15:29:11 [Debug] DuitkuController::CallbackRequest [1]号服务器::签名验证通过:19c657855d8fee3762484d293f89297f - 传入为：19c657855d8fee3762484d293f89297f
15:29:11 [Debug] DuitkuProvider::SetDuitkuPaybackRecordStaus [1]号服务器::[101]查询还款记录表的数据，用户、还款类型、贷款记录ID。
15:29:11 [Debug] DuitkuProvider::SetDuitkuPaybackRecordStaus [1]号服务器::[101]查询到还款记录，用户：27、还款类型:3、贷款记录ID:120。
15:29:11 [Debug] DuitkuProvider::SetDuitkuPaybackRecordStaus [1]号服务器::[101]开始更新还款记录表的状态
15:29:11 [Debug] DuitkuProvider::SetDuitkuPaybackRecordStaus [1]号服务器::[101]更新还款记录表的状态，结果为：1
15:29:11 [Debug] DuitkuProvider::SetDuitkuPaybackRecordStaus [1]号服务器::[101]查询到用户应还时间2018-10-22
15:29:11 [Debug] DuitkuProvider::SetDuitkuPaybackRecordStaus [1]号服务器::核对应还金额 needPayMoney:100000 - amoutMoney:100000
15:29:17 [Debug] DataBasePool::checkProc [1]号服务器::空闲连接数为：4，处理中连接：1
15:29:19 [Debug] DuitkuProvider::SetDuitkuPaybackRecordStaus [1]号服务器::金额对上，系统自动审核。
15:29:19 [Debug] DuitkuProvider::SetDuitkuPaybackRecordStaus [1]号服务器::[101]更新贷款记录表状态及最后还款时间。
15:29:26 [Debug] DuitkuProvider::SetDuitkuPaybackRecordStaus [1]号服务器::[101]更新贷款记录表状态及最后还款时间 成功(1)。
15:29:28 [Debug] DataBasePool::checkProc [1]号服务器::空闲连接数为：4，处理中连接：1
15:29:28 [Debug] DuitkuProvider::SetDuitkuPaybackRecordStaus [1]号服务器::逾期费用：100000，开始清算。
15:29:33 [Debug] RedisPools::checkConnection [1]号服务器::空闲连接数：0, 进行中连接数：0
15:29:41 [Debug] DataBasePool::checkProc [1]号服务器::空闲连接数为：4，处理中连接：1
15:29:41 [Error] DuitkuProvider::SetDuitkuPaybackRecordStaus [1]号服务器::101 订单在执行时发生异常： Executing SQL statement (update IFUserDebitOverdueRecord set clearStatus=@iClearStatus,clearTime=now(),clearSource=@iClearSource 
                                            where debitId=@iDebitId) failed. Reason: Unknown column 'clearTime' in 'field list'
15:29:41 [Error] DuitkuController::CallbackRequest [1]号服务器::回调操作失败。
15:29:51 [Debug] DataBasePool::checkProc [1]号服务器::空闲连接数为：5，处理中连接：0
15:30:01 [Debug] DataBasePool::checkProc [1]号服务器::空闲连接数为：5，处理中连接：0
15:30:03 [Debug] RedisPools::checkConnection [1]号服务器::空闲连接数：0, 进行中连接数：0
15:30:11 [Debug] DataBasePool::checkProc [1]号服务器::空闲连接数为：5，处理中连接：0
15:30:21 [Debug] DataBasePool::checkProc [1]号服务器::空闲连接数为：5，处理中连接：0
15:30:31 [Debug] DataBasePool::checkProc [1]号服务器::空闲连接数为：5，处理中连接：0
15:30:33 [Debug] RedisPools::checkConnection [1]号服务器::空闲连接数：0, 进行中连接数：0
15:30:41 [Debug] DataBasePool::checkProc [1]号服务器::空闲连接数为：5，处理中连接：0
15:30:41 [Debug] DataBasePool::checkProc [1]号服务器::链接已超时，最后使用时间2018-09-18 03:25:33，从链接池中移除，将重新打开。
15:30:41 [Debug] DataBasePool::checkProc [1]号服务器::链接已超时，最后使用时间2018-09-18 03:25:32，从链接池中移除，将重新打开。
15:30:41 [Debug] DataBasePool::checkProc [1]号服务器::链接已超时，最后使用时间2018-09-18 03:25:32，从链接池中移除，将重新打开。
15:30:51 [Debug] DataBasePool::checkProc [1]号服务器::空闲连接数为：2，处理中连接：0
15:31:01 [Debug] DataBasePool::checkProc [1]号服务器::空闲连接数为：2，处理中连接：0
15:31:03 [Debug] RedisPools::checkConnection [1]号服务器::空闲连接数：0, 进行中连接数：0
15:31:11 [Debug] DataBasePool::checkProc [1]号服务器::空闲连接数为：2，处理中连接：0
15:31:21 [Debug] DataBasePool::checkProc [1]号服务器::空闲连接数为：2，处理中连接：0
15:31:31 [Debug] DataBasePool::checkProc [1]号服务器::空闲连接数为：2，处理中连接：0
15:31:33 [Debug] RedisPools::checkConnection [1]号服务器::空闲连接数：0, 进行中连接数：0
15:31:41 [Debug] DataBasePool::checkProc [1]号服务器::空闲连接数为：2，处理中连接：0
15:31:51 [Debug] DataBasePool::checkProc [1]号服务器::空闲连接数为：2，处理中连接：0
15:32:01 [Debug] DataBasePool::checkProc [1]号服务器::空闲连接数为：2，处理中连接：0
15:32:03 [Debug] RedisPools::checkConnection [1]号服务器::空闲连接数：0, 进行中连接数：0
15:32:11 [Debug] DataBasePool::checkProc [1]号服务器::空闲连接数为：2，处理中连接：0
15:32:21 [Debug] DataBasePool::checkProc [1]号服务器::空闲连接数为：2，处理中连接：0
15:32:31 [Debug] DataBasePool::checkProc [1]号服务器::空闲连接数为：2，处理中连接：0
15:32:33 [Debug] RedisPools::checkConnection [1]号服务器::空闲连接数：0, 进行中连接数：0
15:32:41 [Debug] DataBasePool::checkProc [1]号服务器::空闲连接数为：2，处理中连接：0
15:32:51 [Debug] DataBasePool::checkProc [1]号服务器::空闲连接数为：2，处理中连接：0
15:33:01 [Debug] DataBasePool::checkProc [1]号服务器::空闲连接数为：2，处理中连接：0
15:33:03 [Debug] RedisPools::checkConnection [1]号服务器::空闲连接数：0, 进行中连接数：0
15:33:11 [Debug] DataBasePool::checkProc [1]号服务器::空闲连接数为：2，处理中连接：0
15:33:13 [Success] DuitkuController::CallbackRequest [1]号服务器::0 - {"merchantCode":"D4199","amount":"100000","merchantOrderId":"101","productDetail":"VA CIMB NIAGA","additionalParam":null,"paymentCode":"B1","resultCode":"00","merchantUserId":"null","reference":"D4199C6UAXJ0M","signature":"19c657855d8fee3762484d293f89297f","issuer_name":null,"issuer_bank":null}
15:33:13 [Debug] DuitkuController::CallbackRequest [1]号服务器::签名验证通过:19c657855d8fee3762484d293f89297f - 传入为：19c657855d8fee3762484d293f89297f
15:33:13 [Debug] DuitkuProvider::SetDuitkuPaybackRecordStaus [1]号服务器::[101]查询还款记录表的数据，用户、还款类型、贷款记录ID。
15:33:14 [Debug] DuitkuProvider::SetDuitkuPaybackRecordStaus [1]号服务器::[101]查询到还款记录，用户：27、还款类型:3、贷款记录ID:120。
15:33:14 [Debug] DuitkuProvider::SetDuitkuPaybackRecordStaus [1]号服务器::[101]开始更新还款记录表的状态
15:33:14 [Debug] DuitkuProvider::SetDuitkuPaybackRecordStaus [1]号服务器::[101]更新还款记录表的状态，结果为：1
15:33:14 [Debug] DuitkuProvider::SetDuitkuPaybackRecordStaus [1]号服务器::[101]查询到用户应还时间2018-10-22
15:33:14 [Debug] DuitkuProvider::SetDuitkuPaybackRecordStaus [1]号服务器::核对应还金额 needPayMoney:100000 - amoutMoney:100000
15:33:17 [Debug] DuitkuProvider::SetDuitkuPaybackRecordStaus [1]号服务器::金额对上，系统自动审核。
15:33:17 [Debug] DuitkuProvider::SetDuitkuPaybackRecordStaus [1]号服务器::[101]更新贷款记录表状态及最后还款时间。
15:33:17 [Debug] DuitkuProvider::SetDuitkuPaybackRecordStaus [1]号服务器::[101]更新贷款记录表状态及最后还款时间 成功(1)。
15:33:22 [Debug] DataBasePool::checkProc [1]号服务器::空闲连接数为：1，处理中连接：1
15:33:22 [Debug] DuitkuProvider::SetDuitkuPaybackRecordStaus [1]号服务器::逾期费用：100000，开始清算。
15:33:26 [Debug] DuitkuProvider::SetDuitkuPaybackRecordStaus [1]号服务器::[101][120]清算逾期费用 成功(1)。
15:33:26 [Debug] DuitkuProvider::SetDuitkuPaybackRecordStaus [1]号服务器::[101]开始插入审核记录。
15:33:26 [Debug] DuitkuProvider::SetDuitkuPaybackRecordStaus [1]号服务器::[101]插入审核记录 成功(1)。
15:33:26 [Error] DuitkuController::CallbackRequest [1]号服务器::回调操作成功。
15:33:32 [Debug] DataBasePool::checkProc [1]号服务器::空闲连接数为：2，处理中连接：0
15:33:33 [Debug] RedisPools::checkConnection [1]号服务器::空闲连接数：0, 进行中连接数：0
15:33:42 [Debug] DataBasePool::checkProc [1]号服务器::空闲连接数为：2，处理中连接：0
15:33:52 [Debug] DataBasePool::checkProc [1]号服务器::空闲连接数为：2，处理中连接：0
15:34:02 [Debug] DataBasePool::checkProc [1]号服务器::空闲连接数为：2，处理中连接：0
15:34:03 [Debug] RedisPools::checkConnection [1]号服务器::空闲连接数：0, 进行中连接数：0
15:34:12 [Debug] DataBasePool::checkProc [1]号服务器::空闲连接数为：2，处理中连接：0
15:34:22 [Debug] DataBasePool::checkProc [1]号服务器::空闲连接数为：2，处理中连接：0
15:34:32 [Debug] DataBasePool::checkProc [1]号服务器::空闲连接数为：2，处理中连接：0
15:34:33 [Debug] RedisPools::checkConnection [1]号服务器::空闲连接数：0, 进行中连接数：0
15:34:42 [Debug] DataBasePool::checkProc [1]号服务器::空闲连接数为：2，处理中连接：0
15:34:52 [Debug] DataBasePool::checkProc [1]号服务器::空闲连接数为：2，处理中连接：0
15:35:02 [Debug] DataBasePool::checkProc [1]号服务器::空闲连接数为：2，处理中连接：0
15:35:03 [Debug] RedisPools::checkConnection [1]号服务器::空闲连接数：0, 进行中连接数：0
15:35:03 [Success] DuitkuController::CallbackRequest [1]号服务器::0 - {"merchantCode":"D4199","amount":"100000","merchantOrderId":"101","productDetail":"VA CIMB NIAGA","additionalParam":null,"paymentCode":"B1","resultCode":"00","merchantUserId":"null","reference":"D4199C6UAXJ0M","signature":"19c657855d8fee3762484d293f89297f","issuer_name":null,"issuer_bank":null}
15:35:03 [Debug] DuitkuController::CallbackRequest [1]号服务器::签名验证通过:19c657855d8fee3762484d293f89297f - 传入为：19c657855d8fee3762484d293f89297f
15:35:03 [Debug] DuitkuProvider::SetDuitkuPaybackRecordStaus [1]号服务器::[101]查询还款记录表的数据，用户、还款类型、贷款记录ID。
15:35:03 [Debug] DuitkuProvider::SetDuitkuPaybackRecordStaus [1]号服务器::[101]查询到还款记录，用户：27、还款类型:4、贷款记录ID:120。
15:35:03 [Debug] DuitkuProvider::SetDuitkuPaybackRecordStaus [1]号服务器::[101]开始更新还款记录表的状态
15:35:03 [Debug] DuitkuProvider::SetDuitkuPaybackRecordStaus [1]号服务器::[101]更新还款记录表的状态，结果为：1
15:35:03 [Debug] DuitkuProvider::SetDuitkuPaybackRecordStaus [1]号服务器::[101]查询到用户应还时间2018-10-29
15:35:03 [Debug] DuitkuProvider::SetDuitkuPaybackRecordStaus [1]号服务器::核对应还金额 needPayMoney:1600000 - amoutMoney:100000
15:35:03 [Debug] DuitkuProvider::SetDuitkuPaybackRecordStaus [1]号服务器::金额对不上，进入人工审核。
15:35:03 [Debug] DuitkuProvider::SetDuitkuPaybackRecordStaus [1]号服务器::应支付：1600000，收到用户支付：100000，差额：1500000，历史支付：0。
15:35:03 [Debug] DuitkuProvider::SetDuitkuPaybackRecordStaus [1]号服务器::[101]更新贷款记录表状态及还款时间 成功(1)。
15:35:03 [Debug] DuitkuProvider::SetDuitkuPaybackRecordStaus [1]号服务器::[101]开始插入审核记录。
15:35:03 [Debug] DuitkuProvider::SetDuitkuPaybackRecordStaus [1]号服务器::[101]插入审核记录 成功(1)。
15:35:03 [Error] DuitkuController::CallbackRequest [1]号服务器::回调操作成功。
15:35:12 [Debug] DataBasePool::checkProc [1]号服务器::空闲连接数为：2，处理中连接：0
15:35:22 [Debug] DataBasePool::checkProc [1]号服务器::空闲连接数为：2，处理中连接：0
15:35:32 [Debug] DataBasePool::checkProc [1]号服务器::空闲连接数为：2，处理中连接：0
15:35:33 [Debug] RedisPools::checkConnection [1]号服务器::空闲连接数：0, 进行中连接数：0
15:35:42 [Debug] DataBasePool::checkProc [1]号服务器::空闲连接数为：2，处理中连接：0
15:35:52 [Debug] DataBasePool::checkProc [1]号服务器::空闲连接数为：2，处理中连接：0
15:36:02 [Debug] DataBasePool::checkProc [1]号服务器::空闲连接数为：2，处理中连接：0
15:36:03 [Debug] RedisPools::checkConnection [1]号服务器::空闲连接数：0, 进行中连接数：0
15:36:12 [Debug] DataBasePool::checkProc [1]号服务器::空闲连接数为：2，处理中连接：0
15:36:22 [Debug] DataBasePool::checkProc [1]号服务器::空闲连接数为：2，处理中连接：0
15:36:23 [Success] DuitkuController::CallbackRequest [1]号服务器::0 - {"merchantCode":"D4199","amount":"1000000","merchantOrderId":"101","productDetail":"VA CIMB NIAGA","additionalParam":null,"paymentCode":"B1","resultCode":"00","merchantUserId":"null","reference":"D4199C6UAXJ0M","signature":"19c657855d8fee3762484d293f89297f","issuer_name":null,"issuer_bank":null}
15:36:23 [Debug] DuitkuController::CallbackRequest [1]号服务器::签名验证没有通过:c221e1ec80f18bb2d1a0190a6effc7bf - 传入为：19c657855d8fee3762484d293f89297f
15:36:32 [Debug] DataBasePool::checkProc [1]号服务器::空闲连接数为：2，处理中连接：0
15:36:33 [Debug] RedisPools::checkConnection [1]号服务器::空闲连接数：0, 进行中连接数：0
15:36:38 [Success] DuitkuController::CallbackRequest [1]号服务器::0 - {"merchantCode":"D4199","amount":"1000000","merchantOrderId":"101","productDetail":"VA CIMB NIAGA","additionalParam":null,"paymentCode":"B1","resultCode":"00","merchantUserId":"null","reference":"D4199C6UAXJ0M","signature":"c221e1ec80f18bb2d1a0190a6effc7bf","issuer_name":null,"issuer_bank":null}
15:36:38 [Debug] DuitkuController::CallbackRequest [1]号服务器::签名验证通过:c221e1ec80f18bb2d1a0190a6effc7bf - 传入为：c221e1ec80f18bb2d1a0190a6effc7bf
15:36:38 [Debug] DuitkuProvider::SetDuitkuPaybackRecordStaus [1]号服务器::[101]查询还款记录表的数据，用户、还款类型、贷款记录ID。
15:36:38 [Error] DuitkuProvider::SetDuitkuPaybackRecordStaus [1]号服务器::根据订单ID查找贷款ID失败，有可能该订单已处理。101
15:36:38 [Error] DuitkuController::CallbackRequest [1]号服务器::回调操作失败。
15:36:42 [Debug] DataBasePool::checkProc [1]号服务器::空闲连接数为：2，处理中连接：0
15:36:52 [Debug] DataBasePool::checkProc [1]号服务器::空闲连接数为：2，处理中连接：0
15:37:02 [Debug] DataBasePool::checkProc [1]号服务器::空闲连接数为：2，处理中连接：0
15:37:03 [Debug] RedisPools::checkConnection [1]号服务器::空闲连接数：0, 进行中连接数：0
15:37:04 [Success] DuitkuController::CallbackRequest [1]号服务器::0 - {"merchantCode":"D4199","amount":"1000000","merchantOrderId":"101","productDetail":"VA CIMB NIAGA","additionalParam":null,"paymentCode":"B1","resultCode":"00","merchantUserId":"null","reference":"D4199C6UAXJ0M","signature":"c221e1ec80f18bb2d1a0190a6effc7bf","issuer_name":null,"issuer_bank":null}
15:37:04 [Debug] DuitkuController::CallbackRequest [1]号服务器::签名验证通过:c221e1ec80f18bb2d1a0190a6effc7bf - 传入为：c221e1ec80f18bb2d1a0190a6effc7bf
15:37:04 [Debug] DuitkuProvider::SetDuitkuPaybackRecordStaus [1]号服务器::[101]查询还款记录表的数据，用户、还款类型、贷款记录ID。
15:37:04 [Error] DuitkuProvider::SetDuitkuPaybackRecordStaus [1]号服务器::根据订单ID查找贷款ID失败，有可能该订单已处理。101
15:37:04 [Error] DuitkuController::CallbackRequest [1]号服务器::回调操作失败。
15:37:12 [Debug] DataBasePool::checkProc [1]号服务器::空闲连接数为：2，处理中连接：0
15:37:22 [Debug] DataBasePool::checkProc [1]号服务器::空闲连接数为：2，处理中连接：0
15:37:32 [Debug] DataBasePool::checkProc [1]号服务器::空闲连接数为：2，处理中连接：0
15:37:33 [Debug] RedisPools::checkConnection [1]号服务器::空闲连接数：0, 进行中连接数：0
15:37:42 [Debug] DataBasePool::checkProc [1]号服务器::空闲连接数为：2，处理中连接：0
15:37:43 [Success] DuitkuController::CallbackRequest [1]号服务器::0 - {"merchantCode":"D4199","amount":"1000000","merchantOrderId":"101","productDetail":"VA CIMB NIAGA","additionalParam":null,"paymentCode":"B1","resultCode":"00","merchantUserId":"null","reference":"D4199C6UAXJ0M","signature":"c221e1ec80f18bb2d1a0190a6effc7bf","issuer_name":null,"issuer_bank":null}
15:37:48 [Debug] DuitkuController::CallbackRequest [1]号服务器::签名验证通过:c221e1ec80f18bb2d1a0190a6effc7bf - 传入为：c221e1ec80f18bb2d1a0190a6effc7bf
15:37:48 [Debug] DuitkuProvider::SetDuitkuPaybackRecordStaus [1]号服务器::[101]查询还款记录表的数据，用户、还款类型、贷款记录ID。
15:37:48 [Debug] DuitkuProvider::SetDuitkuPaybackRecordStaus [1]号服务器::[101]查询到还款记录，用户：27、还款类型:4、贷款记录ID:120。
15:37:48 [Debug] DuitkuProvider::SetDuitkuPaybackRecordStaus [1]号服务器::[101]开始更新还款记录表的状态
15:37:48 [Debug] DuitkuProvider::SetDuitkuPaybackRecordStaus [1]号服务器::[101]更新还款记录表的状态，结果为：1
15:37:48 [Debug] DuitkuProvider::SetDuitkuPaybackRecordStaus [1]号服务器::[101]查询到用户应还时间2018-10-29
15:37:51 [Debug] DuitkuProvider::SetDuitkuPaybackRecordStaus [1]号服务器::核对应还金额 needPayMoney:1500000 - amoutMoney:1000000
15:37:51 [Debug] DuitkuProvider::SetDuitkuPaybackRecordStaus [1]号服务器::金额对不上，进入人工审核。
15:37:51 [Debug] DuitkuProvider::SetDuitkuPaybackRecordStaus [1]号服务器::应支付：1500000，收到用户支付：1000000，差额：500000，历史支付：100000。
15:37:51 [Debug] DuitkuProvider::SetDuitkuPaybackRecordStaus [1]号服务器::[101]更新贷款记录表状态及还款时间 成功(1)。
15:37:51 [Debug] DuitkuProvider::SetDuitkuPaybackRecordStaus [1]号服务器::[101]开始插入审核记录。
15:37:51 [Debug] DuitkuProvider::SetDuitkuPaybackRecordStaus [1]号服务器::[101]插入审核记录 成功(1)。
15:37:51 [Error] DuitkuController::CallbackRequest [1]号服务器::回调操作成功。
15:37:52 [Debug] DataBasePool::checkProc [1]号服务器::空闲连接数为：2，处理中连接：0
15:38:02 [Debug] DataBasePool::checkProc [1]号服务器::空闲连接数为：2，处理中连接：0
15:38:03 [Debug] RedisPools::checkConnection [1]号服务器::空闲连接数：0, 进行中连接数：0
15:38:12 [Debug] DataBasePool::checkProc [1]号服务器::空闲连接数为：2，处理中连接：0
15:38:22 [Debug] DataBasePool::checkProc [1]号服务器::空闲连接数为：2，处理中连接：0
15:38:32 [Debug] DataBasePool::checkProc [1]号服务器::空闲连接数为：2，处理中连接：0
15:38:33 [Debug] RedisPools::checkConnection [1]号服务器::空闲连接数：0, 进行中连接数：0
15:38:33 [Success] DuitkuController::CallbackRequest [1]号服务器::0 - {"merchantCode":"D4199","amount":"1000000","merchantOrderId":"101","productDetail":"VA CIMB NIAGA","additionalParam":null,"paymentCode":"B1","resultCode":"00","merchantUserId":"null","reference":"D4199C6UAXJ0M","signature":"c221e1ec80f18bb2d1a0190a6effc7bf","issuer_name":null,"issuer_bank":null}
15:38:36 [Debug] DuitkuController::CallbackRequest [1]号服务器::签名验证通过:c221e1ec80f18bb2d1a0190a6effc7bf - 传入为：c221e1ec80f18bb2d1a0190a6effc7bf
15:38:36 [Debug] DuitkuProvider::SetDuitkuPaybackRecordStaus [1]号服务器::[101]查询还款记录表的数据，用户、还款类型、贷款记录ID。
15:38:36 [Error] DuitkuProvider::SetDuitkuPaybackRecordStaus [1]号服务器::根据订单ID查找贷款ID失败，有可能该订单已处理。101
15:38:36 [Error] DuitkuController::CallbackRequest [1]号服务器::回调操作失败。
15:38:42 [Debug] DataBasePool::checkProc [1]号服务器::空闲连接数为：2，处理中连接：0
15:38:51 [Success] DuitkuController::CallbackRequest [1]号服务器::0 - {"merchantCode":"D4199","amount":"1000000","merchantOrderId":"101","productDetail":"VA CIMB NIAGA","additionalParam":null,"paymentCode":"B1","resultCode":"00","merchantUserId":"null","reference":"D4199C6UAXJ0M","signature":"c221e1ec80f18bb2d1a0190a6effc7bf","issuer_name":null,"issuer_bank":null}
15:38:54 [Debug] DataBasePool::checkProc [1]号服务器::空闲连接数为：2，处理中连接：0
15:38:54 [Debug] DuitkuController::CallbackRequest [1]号服务器::签名验证通过:c221e1ec80f18bb2d1a0190a6effc7bf - 传入为：c221e1ec80f18bb2d1a0190a6effc7bf
15:38:54 [Debug] DuitkuProvider::SetDuitkuPaybackRecordStaus [1]号服务器::[101]查询还款记录表的数据，用户、还款类型、贷款记录ID。
15:38:54 [Debug] DuitkuProvider::SetDuitkuPaybackRecordStaus [1]号服务器::[101]查询到还款记录，用户：27、还款类型:4、贷款记录ID:120。
15:38:54 [Debug] DuitkuProvider::SetDuitkuPaybackRecordStaus [1]号服务器::[101]开始更新还款记录表的状态
15:38:54 [Debug] DuitkuProvider::SetDuitkuPaybackRecordStaus [1]号服务器::[101]更新还款记录表的状态，结果为：1
15:38:54 [Debug] DuitkuProvider::SetDuitkuPaybackRecordStaus [1]号服务器::[101]查询到用户应还时间2018-10-29
15:38:59 [Debug] DuitkuProvider::SetDuitkuPaybackRecordStaus [1]号服务器::核对应还金额 needPayMoney:500000 - amoutMoney:1000000
15:38:59 [Debug] DuitkuProvider::SetDuitkuPaybackRecordStaus [1]号服务器::金额对上，进入系统审核。
15:39:03 [Debug] DuitkuProvider::SetDuitkuPaybackRecordStaus [1]号服务器::逾期费用：100000，开始清算。
15:39:03 [Debug] RedisPools::checkConnection [1]号服务器::空闲连接数：0, 进行中连接数：0
15:39:09 [Debug] DataBasePool::checkProc [1]号服务器::空闲连接数为：1，处理中连接：1
15:39:09 [Debug] DuitkuProvider::SetDuitkuPaybackRecordStaus [1]号服务器::[101][120]清算逾期费用 成功(1)。
15:39:09 [Debug] DuitkuProvider::SetDuitkuPaybackRecordStaus [1]号服务器::[101]更新贷款记录表状态及还款时间 成功(1)。
15:39:09 [Debug] DuitkuProvider::SetDuitkuPaybackRecordStaus [1]号服务器::[101]开始插入审核记录。
15:39:09 [Debug] DuitkuProvider::SetDuitkuPaybackRecordStaus [1]号服务器::[101]插入审核记录 成功(1)。
15:39:09 [Error] DuitkuController::CallbackRequest [1]号服务器::回调操作成功。
15:39:19 [Debug] DataBasePool::checkProc [1]号服务器::空闲连接数为：2，处理中连接：0
15:39:29 [Debug] DataBasePool::checkProc [1]号服务器::空闲连接数为：2，处理中连接：0
15:59:17 [Debug] Startup::Startup [1]号服务器::Begin connect db
15:59:18 [Debug] WebApiApplication::Application_Start [1]号服务器::数据库连接串：server=sh-cdb-ot9416xk.sql.tencentcdb.com;port=63360;uid=root;pwd=123!@#qweASD;database=debit;Min Pool Size=0;Pooling=true;connect timeout=120;CharSet=utf8;AllowUserVariables=true;AllowZeroDatetime=True;SslMode=None
15:59:18 [Debug] DataBasePool::checkProc [1]号服务器::空闲连接数为：5，处理中连接：0
15:59:18 [Debug] RedisPools::Init [1]号服务器::准备初使化Redis连接池,配置信息：127.0.0.1:6379
15:59:18 [Debug] RedisPools::checkConnection [1]号服务器::空闲连接数：0, 进行中连接数：0
15:59:28 [Debug] DataBasePool::checkProc [1]号服务器::空闲连接数为：5，处理中连接：0
15:59:38 [Debug] DataBasePool::checkProc [1]号服务器::空闲连接数为：5，处理中连接：0
15:59:48 [Debug] RedisPools::checkConnection [1]号服务器::空闲连接数：0, 进行中连接数：0
15:59:48 [Debug] DataBasePool::checkProc [1]号服务器::空闲连接数为：5，处理中连接：0
15:59:58 [Debug] DataBasePool::checkProc [1]号服务器::空闲连接数为：5，处理中连接：0
16:00:08 [Debug] DataBasePool::checkProc [1]号服务器::空闲连接数为：5，处理中连接：0
16:00:18 [Debug] RedisPools::checkConnection [1]号服务器::空闲连接数：0, 进行中连接数：0
16:00:18 [Debug] DataBasePool::checkProc [1]号服务器::空闲连接数为：5，处理中连接：0
16:00:28 [Debug] DataBasePool::checkProc [1]号服务器::空闲连接数为：5，处理中连接：0
16:00:38 [Debug] DataBasePool::checkProc [1]号服务器::空闲连接数为：5，处理中连接：0
16:00:48 [Debug] RedisPools::checkConnection [1]号服务器::空闲连接数：0, 进行中连接数：0
16:00:48 [Debug] DataBasePool::checkProc [1]号服务器::空闲连接数为：5，处理中连接：0
16:00:59 [Debug] DataBasePool::checkProc [1]号服务器::空闲连接数为：5，处理中连接：0
16:01:09 [Debug] DataBasePool::checkProc [1]号服务器::空闲连接数为：5，处理中连接：0
16:01:18 [Debug] RedisPools::checkConnection [1]号服务器::空闲连接数：0, 进行中连接数：0
16:01:19 [Debug] DataBasePool::checkProc [1]号服务器::空闲连接数为：5，处理中连接：0
16:01:29 [Debug] DataBasePool::checkProc [1]号服务器::空闲连接数为：5，处理中连接：0
16:01:39 [Debug] DataBasePool::checkProc [1]号服务器::空闲连接数为：5，处理中连接：0
16:01:48 [Debug] RedisPools::checkConnection [1]号服务器::空闲连接数：0, 进行中连接数：0
16:01:49 [Debug] DataBasePool::checkProc [1]号服务器::空闲连接数为：5，处理中连接：0
16:02:04 [Debug] DataBasePool::checkProc [1]号服务器::空闲连接数为：5，处理中连接：0
16:02:15 [Debug] DataBasePool::checkProc [1]号服务器::空闲连接数为：5，处理中连接：0
16:02:22 [Debug] RedisPools::checkConnection [1]号服务器::空闲连接数：0, 进行中连接数：0
16:02:25 [Debug] DataBasePool::checkProc [1]号服务器::空闲连接数为：5，处理中连接：0
16:02:35 [Debug] DataBasePool::checkProc [1]号服务器::空闲连接数为：5，处理中连接：0
16:02:45 [Debug] DataBasePool::checkProc [1]号服务器::空闲连接数为：5，处理中连接：0
16:02:54 [Debug] RedisPools::checkConnection [1]号服务器::空闲连接数：0, 进行中连接数：0
16:02:55 [Debug] DataBasePool::checkProc [1]号服务器::空闲连接数为：5，处理中连接：0
16:03:05 [Debug] DataBasePool::checkProc [1]号服务器::空闲连接数为：5，处理中连接：0
16:03:15 [Debug] DataBasePool::checkProc [1]号服务器::空闲连接数为：5，处理中连接：0
16:03:24 [Debug] RedisPools::checkConnection [1]号服务器::空闲连接数：0, 进行中连接数：0
16:03:25 [Debug] DataBasePool::checkProc [1]号服务器::空闲连接数为：5，处理中连接：0
19:19:24 [Debug] Startup::Startup [1]号服务器::Begin connect db
19:19:25 [Debug] WebApiApplication::Application_Start [1]号服务器::数据库连接串：server=sh-cdb-ot9416xk.sql.tencentcdb.com;port=63360;uid=root;pwd=123!@#qweASD;database=debit;Min Pool Size=0;Pooling=true;connect timeout=120;CharSet=utf8;AllowUserVariables=true;AllowZeroDatetime=True;SslMode=None
19:19:25 [Debug] RedisPools::Init [1]号服务器::准备初使化Redis连接池,配置信息：127.0.0.1:6379
19:19:25 [Debug] DataBasePool::checkProc [1]号服务器::空闲连接数为：5，处理中连接：0
19:19:25 [Debug] RedisPools::checkConnection [1]号服务器::空闲连接数：0, 进行中连接数：0
19:19:35 [Debug] DataBasePool::checkProc [1]号服务器::空闲连接数为：5，处理中连接：0
19:19:45 [Debug] DataBasePool::checkProc [1]号服务器::空闲连接数为：5，处理中连接：0
19:19:55 [Debug] RedisPools::checkConnection [1]号服务器::空闲连接数：0, 进行中连接数：0
19:19:55 [Debug] DataBasePool::checkProc [1]号服务器::空闲连接数为：5，处理中连接：0
19:20:05 [Debug] DataBasePool::checkProc [1]号服务器::空闲连接数为：5，处理中连接：0
