09:50:22 [Debug] Startup::Startup [1]号服务器::Begin connect db
09:50:24 [Debug] WebApiApplication::Application_Start [1]号服务器::数据库连接串：server=sh-cdb-ot9416xk.sql.tencentcdb.com;port=63360;uid=root;pwd=123!@#qweASD;database=debit;Min Pool Size=0;Pooling=true;connect timeout=120;CharSet=utf8;AllowUserVariables=true;AllowZeroDatetime=True;SslMode=None
09:50:24 [Debug] RedisPools::Init [1]号服务器::准备初使化Redis连接池,配置信息：127.0.0.1:6379
09:50:24 [Debug] RedisPools::checkConnection [1]号服务器::空闲连接数：0, 进行中连接数：0
09:50:25 [SystemLog] RedisPools::Init [1]号服务器::初使化Redis连接池,成功创建[5]个连接！
09:50:54 [Debug] RedisPools::checkConnection [1]号服务器::空闲连接数：5, 进行中连接数：0
09:51:24 [Debug] RedisPools::checkConnection [1]号服务器::空闲连接数：5, 进行中连接数：0
09:51:54 [Debug] RedisPools::checkConnection [1]号服务器::空闲连接数：5, 进行中连接数：0
09:52:24 [Debug] RedisPools::checkConnection [1]号服务器::空闲连接数：5, 进行中连接数：0
09:52:54 [Debug] RedisPools::checkConnection [1]号服务器::空闲连接数：5, 进行中连接数：0
09:53:24 [Debug] RedisPools::checkConnection [1]号服务器::空闲连接数：5, 进行中连接数：0
09:53:54 [Debug] RedisPools::checkConnection [1]号服务器::空闲连接数：5, 进行中连接数：0
09:54:24 [Debug] RedisPools::checkConnection [1]号服务器::空闲连接数：5, 进行中连接数：0
09:54:54 [Debug] RedisPools::checkConnection [1]号服务器::空闲连接数：5, 进行中连接数：0
09:55:24 [Debug] RedisPools::checkConnection [1]号服务器::空闲连接数：5, 进行中连接数：0
09:55:54 [Debug] RedisPools::checkConnection [1]号服务器::空闲连接数：5, 进行中连接数：0
09:56:24 [Debug] RedisPools::checkConnection [1]号服务器::空闲连接数：5, 进行中连接数：0
09:56:54 [Debug] RedisPools::checkConnection [1]号服务器::空闲连接数：5, 进行中连接数：0
09:57:24 [Debug] RedisPools::checkConnection [1]号服务器::空闲连接数：5, 进行中连接数：0
09:57:54 [Debug] RedisPools::checkConnection [1]号服务器::空闲连接数：5, 进行中连接数：0
09:58:24 [Debug] RedisPools::checkConnection [1]号服务器::空闲连接数：5, 进行中连接数：0
09:58:54 [Debug] RedisPools::checkConnection [1]号服务器::空闲连接数：5, 进行中连接数：0
09:59:24 [Debug] RedisPools::checkConnection [1]号服务器::空闲连接数：5, 进行中连接数：0
09:59:54 [Debug] RedisPools::checkConnection [1]号服务器::空闲连接数：5, 进行中连接数：0
10:01:09 [Debug] Startup::Startup [1]号服务器::Begin connect db
10:01:14 [Debug] WebApiApplication::Application_Start [1]号服务器::数据库连接串：server=sh-cdb-ot9416xk.sql.tencentcdb.com;port=63360;uid=root;pwd=123!@#qweASD;database=debit;Min Pool Size=0;Pooling=true;connect timeout=120;CharSet=utf8;AllowUserVariables=true;AllowZeroDatetime=True;SslMode=None
10:01:14 [Debug] RedisPools::Init [1]号服务器::准备初使化Redis连接池,配置信息：127.0.0.1:6379
10:01:14 [Debug] RedisPools::checkConnection [1]号服务器::空闲连接数：0, 进行中连接数：0
10:01:14 [SystemLog] RedisPools::Init [1]号服务器::初使化Redis连接池,成功创建[5]个连接！
10:01:44 [Debug] RedisPools::checkConnection [1]号服务器::空闲连接数：5, 进行中连接数：0
10:02:14 [Debug] RedisPools::checkConnection [1]号服务器::空闲连接数：5, 进行中连接数：0
10:02:44 [Debug] RedisPools::checkConnection [1]号服务器::空闲连接数：5, 进行中连接数：0
10:03:14 [Debug] RedisPools::checkConnection [1]号服务器::空闲连接数：5, 进行中连接数：0
10:03:44 [Debug] RedisPools::checkConnection [1]号服务器::空闲连接数：5, 进行中连接数：0
10:04:14 [Debug] RedisPools::checkConnection [1]号服务器::空闲连接数：5, 进行中连接数：0
10:04:44 [Debug] RedisPools::checkConnection [1]号服务器::空闲连接数：5, 进行中连接数：0
10:05:14 [Debug] RedisPools::checkConnection [1]号服务器::空闲连接数：5, 进行中连接数：0
10:05:44 [Debug] RedisPools::checkConnection [1]号服务器::空闲连接数：5, 进行中连接数：0
10:06:14 [Debug] RedisPools::checkConnection [1]号服务器::空闲连接数：5, 进行中连接数：0
10:06:44 [Debug] RedisPools::checkConnection [1]号服务器::空闲连接数：5, 进行中连接数：0
10:07:14 [Debug] RedisPools::checkConnection [1]号服务器::空闲连接数：5, 进行中连接数：0
10:07:44 [Debug] RedisPools::checkConnection [1]号服务器::空闲连接数：5, 进行中连接数：0
10:08:14 [Debug] RedisPools::checkConnection [1]号服务器::空闲连接数：5, 进行中连接数：0
10:08:44 [Debug] RedisPools::checkConnection [1]号服务器::空闲连接数：5, 进行中连接数：0
10:09:14 [Debug] RedisPools::checkConnection [1]号服务器::空闲连接数：5, 进行中连接数：0
10:09:44 [Debug] RedisPools::checkConnection [1]号服务器::空闲连接数：5, 进行中连接数：0
10:10:14 [Debug] RedisPools::checkConnection [1]号服务器::空闲连接数：5, 进行中连接数：0
10:10:44 [Debug] RedisPools::checkConnection [1]号服务器::空闲连接数：5, 进行中连接数：0
10:11:14 [Debug] RedisPools::checkConnection [1]号服务器::空闲连接数：5, 进行中连接数：0
10:11:44 [Debug] RedisPools::checkConnection [1]号服务器::空闲连接数：5, 进行中连接数：0
10:12:14 [Debug] RedisPools::checkConnection [1]号服务器::空闲连接数：5, 进行中连接数：0
10:12:44 [Debug] RedisPools::checkConnection [1]号服务器::空闲连接数：5, 进行中连接数：0
10:13:14 [Debug] RedisPools::checkConnection [1]号服务器::空闲连接数：5, 进行中连接数：0
10:13:44 [Debug] RedisPools::checkConnection [1]号服务器::空闲连接数：5, 进行中连接数：0
10:14:14 [Debug] RedisPools::checkConnection [1]号服务器::空闲连接数：5, 进行中连接数：0
10:14:44 [Debug] RedisPools::checkConnection [1]号服务器::空闲连接数：5, 进行中连接数：0
10:15:14 [Debug] RedisPools::checkConnection [1]号服务器::空闲连接数：5, 进行中连接数：0
10:15:44 [Debug] RedisPools::checkConnection [1]号服务器::空闲连接数：5, 进行中连接数：0
10:16:14 [Debug] RedisPools::checkConnection [1]号服务器::空闲连接数：5, 进行中连接数：0
10:16:44 [Debug] RedisPools::checkConnection [1]号服务器::空闲连接数：5, 进行中连接数：0
10:17:14 [Debug] RedisPools::checkConnection [1]号服务器::空闲连接数：5, 进行中连接数：0
10:17:44 [Debug] RedisPools::checkConnection [1]号服务器::空闲连接数：5, 进行中连接数：0
10:18:14 [Debug] RedisPools::checkConnection [1]号服务器::空闲连接数：5, 进行中连接数：0
10:18:44 [Debug] RedisPools::checkConnection [1]号服务器::空闲连接数：5, 进行中连接数：0
10:19:14 [Debug] RedisPools::checkConnection [1]号服务器::空闲连接数：5, 进行中连接数：0
10:19:44 [Debug] RedisPools::checkConnection [1]号服务器::空闲连接数：5, 进行中连接数：0
10:20:14 [Debug] RedisPools::checkConnection [1]号服务器::空闲连接数：5, 进行中连接数：0
10:20:44 [Debug] RedisPools::checkConnection [1]号服务器::空闲连接数：5, 进行中连接数：0
10:21:14 [Debug] RedisPools::checkConnection [1]号服务器::空闲连接数：5, 进行中连接数：0
10:21:44 [Debug] RedisPools::checkConnection [1]号服务器::空闲连接数：5, 进行中连接数：0
10:22:14 [Debug] RedisPools::checkConnection [1]号服务器::空闲连接数：5, 进行中连接数：0
10:22:44 [Debug] RedisPools::checkConnection [1]号服务器::空闲连接数：5, 进行中连接数：0
10:23:14 [Debug] RedisPools::checkConnection [1]号服务器::空闲连接数：5, 进行中连接数：0
10:23:44 [Debug] RedisPools::checkConnection [1]号服务器::空闲连接数：5, 进行中连接数：0
10:24:14 [Debug] RedisPools::checkConnection [1]号服务器::空闲连接数：5, 进行中连接数：0
10:24:44 [Debug] RedisPools::checkConnection [1]号服务器::空闲连接数：5, 进行中连接数：0
10:25:14 [Debug] RedisPools::checkConnection [1]号服务器::空闲连接数：5, 进行中连接数：0
10:25:44 [Debug] RedisPools::checkConnection [1]号服务器::空闲连接数：5, 进行中连接数：0
10:26:14 [Debug] RedisPools::checkConnection [1]号服务器::空闲连接数：5, 进行中连接数：0
10:26:44 [Debug] RedisPools::checkConnection [1]号服务器::空闲连接数：5, 进行中连接数：0
10:27:14 [Debug] RedisPools::checkConnection [1]号服务器::空闲连接数：5, 进行中连接数：0
10:27:44 [Debug] RedisPools::checkConnection [1]号服务器::空闲连接数：5, 进行中连接数：0
10:28:15 [Debug] RedisPools::checkConnection [1]号服务器::空闲连接数：5, 进行中连接数：0
10:28:45 [Debug] RedisPools::checkConnection [1]号服务器::空闲连接数：5, 进行中连接数：0
10:29:15 [Debug] RedisPools::checkConnection [1]号服务器::空闲连接数：5, 进行中连接数：0
10:29:45 [Debug] RedisPools::checkConnection [1]号服务器::空闲连接数：5, 进行中连接数：0
10:30:15 [Debug] RedisPools::checkConnection [1]号服务器::空闲连接数：5, 进行中连接数：0
10:30:45 [Debug] RedisPools::checkConnection [1]号服务器::空闲连接数：5, 进行中连接数：0
10:31:15 [Debug] RedisPools::checkConnection [1]号服务器::空闲连接数：5, 进行中连接数：0
10:31:45 [Debug] RedisPools::checkConnection [1]号服务器::空闲连接数：5, 进行中连接数：0
10:32:15 [Debug] RedisPools::checkConnection [1]号服务器::空闲连接数：5, 进行中连接数：0
10:32:45 [Debug] RedisPools::checkConnection [1]号服务器::空闲连接数：5, 进行中连接数：0
10:33:15 [Debug] RedisPools::checkConnection [1]号服务器::空闲连接数：5, 进行中连接数：0
10:33:45 [Debug] RedisPools::checkConnection [1]号服务器::空闲连接数：5, 进行中连接数：0
10:34:15 [Debug] RedisPools::checkConnection [1]号服务器::空闲连接数：5, 进行中连接数：0
10:34:45 [Debug] RedisPools::checkConnection [1]号服务器::空闲连接数：5, 进行中连接数：0
10:35:15 [Debug] RedisPools::checkConnection [1]号服务器::空闲连接数：5, 进行中连接数：0
10:35:45 [Debug] RedisPools::checkConnection [1]号服务器::空闲连接数：5, 进行中连接数：0
10:36:15 [Debug] RedisPools::checkConnection [1]号服务器::空闲连接数：5, 进行中连接数：0
10:36:45 [Debug] RedisPools::checkConnection [1]号服务器::空闲连接数：5, 进行中连接数：0
10:37:15 [Debug] RedisPools::checkConnection [1]号服务器::空闲连接数：5, 进行中连接数：0
10:37:45 [Debug] RedisPools::checkConnection [1]号服务器::空闲连接数：5, 进行中连接数：0
10:38:15 [Debug] RedisPools::checkConnection [1]号服务器::空闲连接数：5, 进行中连接数：0
10:38:45 [Debug] RedisPools::checkConnection [1]号服务器::空闲连接数：5, 进行中连接数：0
10:39:15 [Debug] RedisPools::checkConnection [1]号服务器::空闲连接数：5, 进行中连接数：0
10:39:45 [Debug] RedisPools::checkConnection [1]号服务器::空闲连接数：5, 进行中连接数：0
10:40:15 [Debug] RedisPools::checkConnection [1]号服务器::空闲连接数：5, 进行中连接数：0
10:40:45 [Debug] RedisPools::checkConnection [1]号服务器::空闲连接数：5, 进行中连接数：0
10:41:15 [Debug] RedisPools::checkConnection [1]号服务器::空闲连接数：5, 进行中连接数：0
10:41:45 [Debug] RedisPools::checkConnection [1]号服务器::空闲连接数：5, 进行中连接数：0
10:42:15 [Debug] RedisPools::checkConnection [1]号服务器::空闲连接数：5, 进行中连接数：0
10:42:45 [Debug] RedisPools::checkConnection [1]号服务器::空闲连接数：5, 进行中连接数：0
10:43:15 [Debug] RedisPools::checkConnection [1]号服务器::空闲连接数：5, 进行中连接数：0
10:43:45 [Debug] RedisPools::checkConnection [1]号服务器::空闲连接数：5, 进行中连接数：0
10:44:15 [Debug] RedisPools::checkConnection [1]号服务器::空闲连接数：5, 进行中连接数：0
10:44:45 [Debug] RedisPools::checkConnection [1]号服务器::空闲连接数：5, 进行中连接数：0
10:45:15 [Debug] RedisPools::checkConnection [1]号服务器::空闲连接数：5, 进行中连接数：0
10:45:45 [Debug] RedisPools::checkConnection [1]号服务器::空闲连接数：5, 进行中连接数：0
10:46:15 [Debug] RedisPools::checkConnection [1]号服务器::空闲连接数：5, 进行中连接数：0
10:46:45 [Debug] RedisPools::checkConnection [1]号服务器::空闲连接数：5, 进行中连接数：0
10:47:15 [Debug] RedisPools::checkConnection [1]号服务器::空闲连接数：5, 进行中连接数：0
10:47:45 [Debug] RedisPools::checkConnection [1]号服务器::空闲连接数：5, 进行中连接数：0
10:48:15 [Debug] RedisPools::checkConnection [1]号服务器::空闲连接数：5, 进行中连接数：0
10:48:45 [Debug] RedisPools::checkConnection [1]号服务器::空闲连接数：5, 进行中连接数：0
10:49:15 [Debug] RedisPools::checkConnection [1]号服务器::空闲连接数：5, 进行中连接数：0
10:49:45 [Debug] RedisPools::checkConnection [1]号服务器::空闲连接数：5, 进行中连接数：0
10:50:15 [Debug] RedisPools::checkConnection [1]号服务器::空闲连接数：5, 进行中连接数：0
10:50:45 [Debug] RedisPools::checkConnection [1]号服务器::空闲连接数：5, 进行中连接数：0
10:51:15 [Debug] RedisPools::checkConnection [1]号服务器::空闲连接数：5, 进行中连接数：0
10:51:45 [Debug] RedisPools::checkConnection [1]号服务器::空闲连接数：5, 进行中连接数：0
10:52:15 [Debug] RedisPools::checkConnection [1]号服务器::空闲连接数：5, 进行中连接数：0
10:52:45 [Debug] RedisPools::checkConnection [1]号服务器::空闲连接数：5, 进行中连接数：0
10:53:15 [Debug] RedisPools::checkConnection [1]号服务器::空闲连接数：5, 进行中连接数：0
10:53:45 [Debug] RedisPools::checkConnection [1]号服务器::空闲连接数：5, 进行中连接数：0
10:54:15 [Debug] RedisPools::checkConnection [1]号服务器::空闲连接数：5, 进行中连接数：0
10:54:45 [Debug] RedisPools::checkConnection [1]号服务器::空闲连接数：5, 进行中连接数：0
10:55:15 [Debug] RedisPools::checkConnection [1]号服务器::空闲连接数：5, 进行中连接数：0
10:55:45 [Debug] RedisPools::checkConnection [1]号服务器::空闲连接数：5, 进行中连接数：0
10:56:15 [Debug] RedisPools::checkConnection [1]号服务器::空闲连接数：5, 进行中连接数：0
10:56:45 [Debug] RedisPools::checkConnection [1]号服务器::空闲连接数：5, 进行中连接数：0
10:57:15 [Debug] RedisPools::checkConnection [1]号服务器::空闲连接数：5, 进行中连接数：0
10:57:45 [Debug] RedisPools::checkConnection [1]号服务器::空闲连接数：5, 进行中连接数：0
10:58:15 [Debug] RedisPools::checkConnection [1]号服务器::空闲连接数：5, 进行中连接数：0
10:58:45 [Debug] RedisPools::checkConnection [1]号服务器::空闲连接数：5, 进行中连接数：0
10:59:15 [Debug] RedisPools::checkConnection [1]号服务器::空闲连接数：5, 进行中连接数：0
10:59:45 [Debug] RedisPools::checkConnection [1]号服务器::空闲连接数：5, 进行中连接数：0
11:00:15 [Debug] RedisPools::checkConnection [1]号服务器::空闲连接数：5, 进行中连接数：0
11:00:45 [Debug] RedisPools::checkConnection [1]号服务器::空闲连接数：5, 进行中连接数：0
11:01:15 [Debug] RedisPools::checkConnection [1]号服务器::空闲连接数：5, 进行中连接数：0
11:01:45 [Debug] RedisPools::checkConnection [1]号服务器::空闲连接数：5, 进行中连接数：0
11:02:15 [Debug] RedisPools::checkConnection [1]号服务器::空闲连接数：5, 进行中连接数：0
11:02:45 [Debug] RedisPools::checkConnection [1]号服务器::空闲连接数：5, 进行中连接数：0
11:03:15 [Debug] RedisPools::checkConnection [1]号服务器::空闲连接数：5, 进行中连接数：0
11:03:45 [Debug] RedisPools::checkConnection [1]号服务器::空闲连接数：5, 进行中连接数：0
11:04:15 [Debug] RedisPools::checkConnection [1]号服务器::空闲连接数：5, 进行中连接数：0
11:04:45 [Debug] RedisPools::checkConnection [1]号服务器::空闲连接数：5, 进行中连接数：0
11:05:15 [Debug] RedisPools::checkConnection [1]号服务器::空闲连接数：5, 进行中连接数：0
11:05:45 [Debug] RedisPools::checkConnection [1]号服务器::空闲连接数：5, 进行中连接数：0
11:06:15 [Debug] RedisPools::checkConnection [1]号服务器::空闲连接数：5, 进行中连接数：0
11:06:45 [Debug] RedisPools::checkConnection [1]号服务器::空闲连接数：5, 进行中连接数：0
11:07:15 [Debug] RedisPools::checkConnection [1]号服务器::空闲连接数：5, 进行中连接数：0
11:07:45 [Debug] RedisPools::checkConnection [1]号服务器::空闲连接数：5, 进行中连接数：0
11:08:15 [Debug] RedisPools::checkConnection [1]号服务器::空闲连接数：5, 进行中连接数：0
11:08:45 [Debug] RedisPools::checkConnection [1]号服务器::空闲连接数：5, 进行中连接数：0
11:09:15 [Debug] RedisPools::checkConnection [1]号服务器::空闲连接数：5, 进行中连接数：0
11:09:45 [Debug] RedisPools::checkConnection [1]号服务器::空闲连接数：5, 进行中连接数：0
11:10:15 [Debug] RedisPools::checkConnection [1]号服务器::空闲连接数：5, 进行中连接数：0
11:10:45 [Debug] RedisPools::checkConnection [1]号服务器::空闲连接数：5, 进行中连接数：0
11:11:15 [Debug] RedisPools::checkConnection [1]号服务器::空闲连接数：5, 进行中连接数：0
11:11:45 [Debug] RedisPools::checkConnection [1]号服务器::空闲连接数：5, 进行中连接数：0
11:12:15 [Debug] RedisPools::checkConnection [1]号服务器::空闲连接数：5, 进行中连接数：0
11:12:46 [Debug] RedisPools::checkConnection [1]号服务器::空闲连接数：5, 进行中连接数：0
11:13:16 [Debug] RedisPools::checkConnection [1]号服务器::空闲连接数：5, 进行中连接数：0
11:13:46 [Debug] RedisPools::checkConnection [1]号服务器::空闲连接数：5, 进行中连接数：0
11:14:16 [Debug] RedisPools::checkConnection [1]号服务器::空闲连接数：5, 进行中连接数：0
11:14:46 [Debug] RedisPools::checkConnection [1]号服务器::空闲连接数：5, 进行中连接数：0
11:15:16 [Debug] RedisPools::checkConnection [1]号服务器::空闲连接数：5, 进行中连接数：0
11:15:46 [Debug] RedisPools::checkConnection [1]号服务器::空闲连接数：5, 进行中连接数：0
11:16:16 [Debug] RedisPools::checkConnection [1]号服务器::空闲连接数：5, 进行中连接数：0
11:16:46 [Debug] RedisPools::checkConnection [1]号服务器::空闲连接数：5, 进行中连接数：0
11:17:16 [Debug] RedisPools::checkConnection [1]号服务器::空闲连接数：5, 进行中连接数：0
11:17:46 [Debug] RedisPools::checkConnection [1]号服务器::空闲连接数：5, 进行中连接数：0
11:18:16 [Debug] RedisPools::checkConnection [1]号服务器::空闲连接数：5, 进行中连接数：0
11:18:46 [Debug] RedisPools::checkConnection [1]号服务器::空闲连接数：5, 进行中连接数：0
11:19:16 [Debug] RedisPools::checkConnection [1]号服务器::空闲连接数：5, 进行中连接数：0
11:19:46 [Debug] RedisPools::checkConnection [1]号服务器::空闲连接数：5, 进行中连接数：0
11:20:16 [Debug] RedisPools::checkConnection [1]号服务器::空闲连接数：5, 进行中连接数：0
11:20:46 [Debug] RedisPools::checkConnection [1]号服务器::空闲连接数：5, 进行中连接数：0
11:21:16 [Debug] RedisPools::checkConnection [1]号服务器::空闲连接数：5, 进行中连接数：0
11:21:46 [Debug] RedisPools::checkConnection [1]号服务器::空闲连接数：5, 进行中连接数：0
11:22:16 [Debug] RedisPools::checkConnection [1]号服务器::空闲连接数：5, 进行中连接数：0
11:22:46 [Debug] RedisPools::checkConnection [1]号服务器::空闲连接数：5, 进行中连接数：0
11:23:16 [Debug] RedisPools::checkConnection [1]号服务器::空闲连接数：5, 进行中连接数：0
11:23:46 [Debug] RedisPools::checkConnection [1]号服务器::空闲连接数：5, 进行中连接数：0
11:24:16 [Debug] RedisPools::checkConnection [1]号服务器::空闲连接数：5, 进行中连接数：0
11:24:46 [Debug] RedisPools::checkConnection [1]号服务器::空闲连接数：5, 进行中连接数：0
11:25:16 [Debug] RedisPools::checkConnection [1]号服务器::空闲连接数：5, 进行中连接数：0
11:25:46 [Debug] RedisPools::checkConnection [1]号服务器::空闲连接数：5, 进行中连接数：0
11:26:16 [Debug] RedisPools::checkConnection [1]号服务器::空闲连接数：5, 进行中连接数：0
11:26:46 [Debug] RedisPools::checkConnection [1]号服务器::空闲连接数：5, 进行中连接数：0
11:27:16 [Debug] RedisPools::checkConnection [1]号服务器::空闲连接数：5, 进行中连接数：0
11:27:46 [Debug] RedisPools::checkConnection [1]号服务器::空闲连接数：5, 进行中连接数：0
11:28:16 [Debug] RedisPools::checkConnection [1]号服务器::空闲连接数：5, 进行中连接数：0
11:28:46 [Debug] RedisPools::checkConnection [1]号服务器::空闲连接数：5, 进行中连接数：0
11:29:16 [Debug] RedisPools::checkConnection [1]号服务器::空闲连接数：5, 进行中连接数：0
11:29:46 [Debug] RedisPools::checkConnection [1]号服务器::空闲连接数：5, 进行中连接数：0
11:30:16 [Debug] RedisPools::checkConnection [1]号服务器::空闲连接数：5, 进行中连接数：0
11:30:46 [Debug] RedisPools::checkConnection [1]号服务器::空闲连接数：5, 进行中连接数：0
11:31:16 [Debug] RedisPools::checkConnection [1]号服务器::空闲连接数：5, 进行中连接数：0
11:31:46 [Debug] RedisPools::checkConnection [1]号服务器::空闲连接数：5, 进行中连接数：0
11:32:16 [Debug] RedisPools::checkConnection [1]号服务器::空闲连接数：5, 进行中连接数：0
11:32:46 [Debug] RedisPools::checkConnection [1]号服务器::空闲连接数：5, 进行中连接数：0
11:33:16 [Debug] RedisPools::checkConnection [1]号服务器::空闲连接数：5, 进行中连接数：0
11:33:46 [Debug] RedisPools::checkConnection [1]号服务器::空闲连接数：5, 进行中连接数：0
11:34:16 [Debug] RedisPools::checkConnection [1]号服务器::空闲连接数：5, 进行中连接数：0
11:34:46 [Debug] RedisPools::checkConnection [1]号服务器::空闲连接数：5, 进行中连接数：0
11:35:16 [Debug] RedisPools::checkConnection [1]号服务器::空闲连接数：5, 进行中连接数：0
11:35:46 [Debug] RedisPools::checkConnection [1]号服务器::空闲连接数：5, 进行中连接数：0
11:36:16 [Debug] RedisPools::checkConnection [1]号服务器::空闲连接数：5, 进行中连接数：0
11:36:46 [Debug] RedisPools::checkConnection [1]号服务器::空闲连接数：5, 进行中连接数：0
11:37:16 [Debug] RedisPools::checkConnection [1]号服务器::空闲连接数：5, 进行中连接数：0
11:37:46 [Debug] RedisPools::checkConnection [1]号服务器::空闲连接数：5, 进行中连接数：0
11:38:16 [Debug] RedisPools::checkConnection [1]号服务器::空闲连接数：5, 进行中连接数：0
11:38:46 [Debug] RedisPools::checkConnection [1]号服务器::空闲连接数：5, 进行中连接数：0
11:39:16 [Debug] RedisPools::checkConnection [1]号服务器::空闲连接数：5, 进行中连接数：0
11:39:46 [Debug] RedisPools::checkConnection [1]号服务器::空闲连接数：5, 进行中连接数：0
11:40:16 [Debug] RedisPools::checkConnection [1]号服务器::空闲连接数：5, 进行中连接数：0
11:40:46 [Debug] RedisPools::checkConnection [1]号服务器::空闲连接数：5, 进行中连接数：0
11:41:16 [Debug] RedisPools::checkConnection [1]号服务器::空闲连接数：5, 进行中连接数：0
11:41:46 [Debug] RedisPools::checkConnection [1]号服务器::空闲连接数：5, 进行中连接数：0
11:42:16 [Debug] RedisPools::checkConnection [1]号服务器::空闲连接数：5, 进行中连接数：0
11:42:46 [Debug] RedisPools::checkConnection [1]号服务器::空闲连接数：5, 进行中连接数：0
11:43:16 [Debug] RedisPools::checkConnection [1]号服务器::空闲连接数：5, 进行中连接数：0
11:43:46 [Debug] RedisPools::checkConnection [1]号服务器::空闲连接数：5, 进行中连接数：0
11:44:16 [Debug] RedisPools::checkConnection [1]号服务器::空闲连接数：5, 进行中连接数：0
11:44:46 [Debug] RedisPools::checkConnection [1]号服务器::空闲连接数：5, 进行中连接数：0
11:45:16 [Debug] RedisPools::checkConnection [1]号服务器::空闲连接数：5, 进行中连接数：0
11:45:46 [Debug] RedisPools::checkConnection [1]号服务器::空闲连接数：5, 进行中连接数：0
11:46:16 [Debug] RedisPools::checkConnection [1]号服务器::空闲连接数：5, 进行中连接数：0
11:46:46 [Debug] RedisPools::checkConnection [1]号服务器::空闲连接数：5, 进行中连接数：0
11:47:16 [Debug] RedisPools::checkConnection [1]号服务器::空闲连接数：5, 进行中连接数：0
11:47:46 [Debug] RedisPools::checkConnection [1]号服务器::空闲连接数：5, 进行中连接数：0
11:48:16 [Debug] RedisPools::checkConnection [1]号服务器::空闲连接数：5, 进行中连接数：0
11:48:46 [Debug] RedisPools::checkConnection [1]号服务器::空闲连接数：5, 进行中连接数：0
11:49:16 [Debug] RedisPools::checkConnection [1]号服务器::空闲连接数：5, 进行中连接数：0
11:49:46 [Debug] RedisPools::checkConnection [1]号服务器::空闲连接数：5, 进行中连接数：0
11:50:16 [Debug] RedisPools::checkConnection [1]号服务器::空闲连接数：5, 进行中连接数：0
11:50:46 [Debug] RedisPools::checkConnection [1]号服务器::空闲连接数：5, 进行中连接数：0
11:51:16 [Debug] RedisPools::checkConnection [1]号服务器::空闲连接数：5, 进行中连接数：0
11:51:46 [Debug] RedisPools::checkConnection [1]号服务器::空闲连接数：5, 进行中连接数：0
11:52:16 [Debug] RedisPools::checkConnection [1]号服务器::空闲连接数：5, 进行中连接数：0
11:52:46 [Debug] RedisPools::checkConnection [1]号服务器::空闲连接数：5, 进行中连接数：0
11:53:16 [Debug] RedisPools::checkConnection [1]号服务器::空闲连接数：5, 进行中连接数：0
11:53:46 [Debug] RedisPools::checkConnection [1]号服务器::空闲连接数：5, 进行中连接数：0
11:54:16 [Debug] RedisPools::checkConnection [1]号服务器::空闲连接数：5, 进行中连接数：0
11:54:46 [Debug] RedisPools::checkConnection [1]号服务器::空闲连接数：5, 进行中连接数：0
11:55:16 [Debug] RedisPools::checkConnection [1]号服务器::空闲连接数：5, 进行中连接数：0
11:55:46 [Debug] RedisPools::checkConnection [1]号服务器::空闲连接数：5, 进行中连接数：0
11:56:16 [Debug] RedisPools::checkConnection [1]号服务器::空闲连接数：5, 进行中连接数：0
11:56:46 [Debug] RedisPools::checkConnection [1]号服务器::空闲连接数：5, 进行中连接数：0
11:57:16 [Debug] RedisPools::checkConnection [1]号服务器::空闲连接数：5, 进行中连接数：0
11:57:46 [Debug] RedisPools::checkConnection [1]号服务器::空闲连接数：5, 进行中连接数：0
11:58:16 [Debug] RedisPools::checkConnection [1]号服务器::空闲连接数：5, 进行中连接数：0
11:58:47 [Debug] RedisPools::checkConnection [1]号服务器::空闲连接数：5, 进行中连接数：0
11:59:17 [Debug] RedisPools::checkConnection [1]号服务器::空闲连接数：5, 进行中连接数：0
11:59:47 [Debug] RedisPools::checkConnection [1]号服务器::空闲连接数：5, 进行中连接数：0
12:00:17 [Debug] RedisPools::checkConnection [1]号服务器::空闲连接数：5, 进行中连接数：0
12:00:47 [Debug] RedisPools::checkConnection [1]号服务器::空闲连接数：5, 进行中连接数：0
12:01:17 [Debug] RedisPools::checkConnection [1]号服务器::空闲连接数：5, 进行中连接数：0
12:01:47 [Debug] RedisPools::checkConnection [1]号服务器::空闲连接数：5, 进行中连接数：0
12:02:17 [Debug] RedisPools::checkConnection [1]号服务器::空闲连接数：5, 进行中连接数：0
12:02:47 [Debug] RedisPools::checkConnection [1]号服务器::空闲连接数：5, 进行中连接数：0
12:03:17 [Debug] RedisPools::checkConnection [1]号服务器::空闲连接数：5, 进行中连接数：0
12:03:47 [Debug] RedisPools::checkConnection [1]号服务器::空闲连接数：5, 进行中连接数：0
12:04:17 [Debug] RedisPools::checkConnection [1]号服务器::空闲连接数：5, 进行中连接数：0
12:04:47 [Debug] RedisPools::checkConnection [1]号服务器::空闲连接数：5, 进行中连接数：0
12:05:17 [Debug] RedisPools::checkConnection [1]号服务器::空闲连接数：5, 进行中连接数：0
12:05:47 [Debug] RedisPools::checkConnection [1]号服务器::空闲连接数：5, 进行中连接数：0
12:06:17 [Debug] RedisPools::checkConnection [1]号服务器::空闲连接数：5, 进行中连接数：0
12:06:47 [Debug] RedisPools::checkConnection [1]号服务器::空闲连接数：5, 进行中连接数：0
12:07:17 [Debug] RedisPools::checkConnection [1]号服务器::空闲连接数：5, 进行中连接数：0
12:07:47 [Debug] RedisPools::checkConnection [1]号服务器::空闲连接数：5, 进行中连接数：0
12:08:17 [Debug] RedisPools::checkConnection [1]号服务器::空闲连接数：5, 进行中连接数：0
12:08:47 [Debug] RedisPools::checkConnection [1]号服务器::空闲连接数：5, 进行中连接数：0
12:09:17 [Debug] RedisPools::checkConnection [1]号服务器::空闲连接数：5, 进行中连接数：0
12:09:47 [Debug] RedisPools::checkConnection [1]号服务器::空闲连接数：5, 进行中连接数：0
12:10:17 [Debug] RedisPools::checkConnection [1]号服务器::空闲连接数：5, 进行中连接数：0
12:10:47 [Debug] RedisPools::checkConnection [1]号服务器::空闲连接数：5, 进行中连接数：0
12:11:17 [Debug] RedisPools::checkConnection [1]号服务器::空闲连接数：5, 进行中连接数：0
12:11:47 [Debug] RedisPools::checkConnection [1]号服务器::空闲连接数：5, 进行中连接数：0
12:12:17 [Debug] RedisPools::checkConnection [1]号服务器::空闲连接数：5, 进行中连接数：0
12:12:47 [Debug] RedisPools::checkConnection [1]号服务器::空闲连接数：5, 进行中连接数：0
12:13:17 [Debug] RedisPools::checkConnection [1]号服务器::空闲连接数：5, 进行中连接数：0
12:13:47 [Debug] RedisPools::checkConnection [1]号服务器::空闲连接数：5, 进行中连接数：0
12:14:17 [Debug] RedisPools::checkConnection [1]号服务器::空闲连接数：5, 进行中连接数：0
12:14:47 [Debug] RedisPools::checkConnection [1]号服务器::空闲连接数：5, 进行中连接数：0
12:15:17 [Debug] RedisPools::checkConnection [1]号服务器::空闲连接数：5, 进行中连接数：0
12:15:47 [Debug] RedisPools::checkConnection [1]号服务器::空闲连接数：5, 进行中连接数：0
12:16:17 [Debug] RedisPools::checkConnection [1]号服务器::空闲连接数：5, 进行中连接数：0
12:16:41 [Error] DebitProvider::GetUserDebitRecord [1]号服务器::获取失败：17，异常：Executing SQL statement (select debitId,userId, debitMoney, Status, date_format(createTime, '%Y-%m-%d') createTime, description,ifnull(overdueMoney, 0) overdueMoney,ifnull(overdueDay,0) overdueDay, bankId,date_format(releaseLoanTime, '%Y-%m-%d') releaseLoanTime,date_format(payBackDayTime, '%Y-%m-%d') payBackDayTime, 
certificate, date_format(statusTime, '%Y-%m-%d') statusTime, debitPeroid, payBackMoney,(select b.Description from IFUserAduitDebitRecord b where b.debitId = a.DebitId order by id desc limit 1) auditInfo,
(select if(a.Status = 4, overdueDayInterest,b.interestRate)*a.DebitMoney from IFDebitStyle b where b.money = a.DebitMoney and b.period = a.DebitPeroid) dayInterset
                    from IFUserDebitRecord a where DebitId = @iDebitId) failed(Exception). Reason:    at MySql.Data.MySqlClient.MySqlCommand.ExecuteReader(CommandBehavior behavior)
   at System.Data.Common.DbCommand.System.Data.IDbCommand.ExecuteReader()
   at DBMonoUtility.DataBaseOperator.GetTable(String expr, List`1 param) in /data/danapinjam/dbnetcore.utlity/DataBaseOperator.cs:line 95
12:16:44 [Warning] DataBasePool::checkProc [1]号服务器::连接状态：c.State = Open, 最后使用时间为：2018/8/31 下午12:16:41
12:16:47 [Debug] RedisPools::checkConnection [1]号服务器::空闲连接数：5, 进行中连接数：0
12:17:17 [Debug] RedisPools::checkConnection [1]号服务器::空闲连接数：5, 进行中连接数：0
12:17:47 [Debug] RedisPools::checkConnection [1]号服务器::空闲连接数：5, 进行中连接数：0
12:18:17 [Debug] RedisPools::checkConnection [1]号服务器::空闲连接数：5, 进行中连接数：0
12:18:47 [Debug] RedisPools::checkConnection [1]号服务器::空闲连接数：5, 进行中连接数：0
12:19:17 [Debug] RedisPools::checkConnection [1]号服务器::空闲连接数：5, 进行中连接数：0
12:19:47 [Debug] RedisPools::checkConnection [1]号服务器::空闲连接数：5, 进行中连接数：0
12:20:17 [Debug] RedisPools::checkConnection [1]号服务器::空闲连接数：5, 进行中连接数：0
12:20:47 [Debug] RedisPools::checkConnection [1]号服务器::空闲连接数：5, 进行中连接数：0
12:21:17 [Debug] RedisPools::checkConnection [1]号服务器::空闲连接数：5, 进行中连接数：0
12:21:47 [Debug] RedisPools::checkConnection [1]号服务器::空闲连接数：5, 进行中连接数：0
12:22:17 [Debug] RedisPools::checkConnection [1]号服务器::空闲连接数：5, 进行中连接数：0
12:22:47 [Debug] RedisPools::checkConnection [1]号服务器::空闲连接数：5, 进行中连接数：0
12:23:17 [Debug] RedisPools::checkConnection [1]号服务器::空闲连接数：5, 进行中连接数：0
12:23:47 [Debug] RedisPools::checkConnection [1]号服务器::空闲连接数：5, 进行中连接数：0
12:24:17 [Debug] RedisPools::checkConnection [1]号服务器::空闲连接数：5, 进行中连接数：0
12:24:47 [Debug] RedisPools::checkConnection [1]号服务器::空闲连接数：5, 进行中连接数：0
12:25:17 [Debug] RedisPools::checkConnection [1]号服务器::空闲连接数：5, 进行中连接数：0
12:25:59 [Debug] Startup::Startup [1]号服务器::Begin connect db
12:26:00 [Debug] WebApiApplication::Application_Start [1]号服务器::数据库连接串：server=sh-cdb-ot9416xk.sql.tencentcdb.com;port=63360;uid=root;pwd=123!@#qweASD;database=debit;Min Pool Size=0;Pooling=true;connect timeout=120;CharSet=utf8;AllowUserVariables=true;AllowZeroDatetime=True;SslMode=None
12:26:00 [Debug] RedisPools::Init [1]号服务器::准备初使化Redis连接池,配置信息：127.0.0.1:6379
12:26:00 [Debug] RedisPools::checkConnection [1]号服务器::空闲连接数：0, 进行中连接数：0
12:26:01 [SystemLog] RedisPools::Init [1]号服务器::初使化Redis连接池,成功创建[5]个连接！
12:26:30 [Debug] RedisPools::checkConnection [1]号服务器::空闲连接数：5, 进行中连接数：0
12:27:49 [Debug] Startup::Startup [1]号服务器::Begin connect db
12:27:51 [Debug] WebApiApplication::Application_Start [1]号服务器::数据库连接串：server=sh-cdb-ot9416xk.sql.tencentcdb.com;port=63360;uid=root;pwd=123!@#qweASD;database=debit;Min Pool Size=0;Pooling=true;connect timeout=120;CharSet=utf8;AllowUserVariables=true;AllowZeroDatetime=True;SslMode=None
12:27:51 [Debug] RedisPools::Init [1]号服务器::准备初使化Redis连接池,配置信息：127.0.0.1:6379
12:27:51 [Debug] RedisPools::checkConnection [1]号服务器::空闲连接数：0, 进行中连接数：0
12:27:51 [SystemLog] RedisPools::Init [1]号服务器::初使化Redis连接池,成功创建[5]个连接！
12:28:21 [Debug] RedisPools::checkConnection [1]号服务器::空闲连接数：5, 进行中连接数：0
12:30:33 [Debug] Startup::Startup [1]号服务器::Begin connect db
12:30:35 [Debug] WebApiApplication::Application_Start [1]号服务器::数据库连接串：server=sh-cdb-ot9416xk.sql.tencentcdb.com;port=63360;uid=root;pwd=123!@#qweASD;database=debit;Min Pool Size=0;Pooling=true;connect timeout=120;CharSet=utf8;AllowUserVariables=true;AllowZeroDatetime=True;SslMode=None
12:30:35 [Debug] RedisPools::Init [1]号服务器::准备初使化Redis连接池,配置信息：127.0.0.1:6379
12:30:35 [Debug] RedisPools::checkConnection [1]号服务器::空闲连接数：0, 进行中连接数：0
12:30:35 [SystemLog] RedisPools::Init [1]号服务器::初使化Redis连接池,成功创建[5]个连接！
12:31:05 [Debug] RedisPools::checkConnection [1]号服务器::空闲连接数：5, 进行中连接数：0
12:31:35 [Debug] RedisPools::checkConnection [1]号服务器::空闲连接数：5, 进行中连接数：0
12:35:42 [Debug] Startup::Startup [1]号服务器::Begin connect db
12:35:44 [Debug] WebApiApplication::Application_Start [1]号服务器::数据库连接串：server=sh-cdb-ot9416xk.sql.tencentcdb.com;port=63360;uid=root;pwd=123!@#qweASD;database=debit;Min Pool Size=0;Pooling=true;connect timeout=120;CharSet=utf8;AllowUserVariables=true;AllowZeroDatetime=True;SslMode=None
12:35:44 [Debug] RedisPools::Init [1]号服务器::准备初使化Redis连接池,配置信息：127.0.0.1:6379
12:35:44 [Debug] RedisPools::checkConnection [1]号服务器::空闲连接数：0, 进行中连接数：0
12:35:44 [SystemLog] RedisPools::Init [1]号服务器::初使化Redis连接池,成功创建[5]个连接！
12:36:14 [Debug] RedisPools::checkConnection [1]号服务器::空闲连接数：5, 进行中连接数：0
12:36:44 [Debug] RedisPools::checkConnection [1]号服务器::空闲连接数：5, 进行中连接数：0
12:38:24 [Debug] Startup::Startup [1]号服务器::Begin connect db
12:38:26 [Debug] WebApiApplication::Application_Start [1]号服务器::数据库连接串：server=sh-cdb-ot9416xk.sql.tencentcdb.com;port=63360;uid=root;pwd=123!@#qweASD;database=debit;Min Pool Size=0;Pooling=true;connect timeout=120;CharSet=utf8;AllowUserVariables=true;AllowZeroDatetime=True;SslMode=None
12:38:26 [Debug] RedisPools::Init [1]号服务器::准备初使化Redis连接池,配置信息：127.0.0.1:6379
12:38:26 [Debug] RedisPools::checkConnection [1]号服务器::空闲连接数：0, 进行中连接数：0
12:38:26 [SystemLog] RedisPools::Init [1]号服务器::初使化Redis连接池,成功创建[5]个连接！
12:38:58 [Debug] RedisPools::checkConnection [1]号服务器::空闲连接数：5, 进行中连接数：0
