14:33:34 [Debug] Startup::Startup [1]号服务器::Begin connect db
14:33:36 [SystemLog] WebApiApplication::Application_Start [1]号服务器::数据库连接串：server=sh-cdb-ot9416xk.sql.tencentcdb.com;port=63360;uid=root;pwd=123!@#qweASD;database=debit;Min Pool Size=0;Pooling=true;connect timeout=120;CharSet=utf8;AllowUserVariables=true;AllowZeroDatetime=True;SslMode=None
14:33:36 [Debug] RedisPools::Init [1]号服务器::准备初使化Redis连接池,配置信息：127.0.0.1:6379
14:33:36 [Debug] RedisPools::checkConnection [1]号服务器::空闲连接数：0, 进行中连接数：0
14:33:37 [SystemLog] RedisPools::Init [1]号服务器::初使化Redis连接池,成功创建[5]个连接！
14:33:59 [Error] MainController::GetSTSToken [1]号服务器::异常：Object reference not set to an instance of an object.
14:34:06 [Debug] RedisPools::checkConnection [1]号服务器::空闲连接数：5, 进行中连接数：0
14:34:31 [Error] MainController::GetSTSToken [1]号服务器::异常：Object reference not set to an instance of an object.
14:34:36 [Debug] RedisPools::checkConnection [1]号服务器::空闲连接数：5, 进行中连接数：0
14:35:06 [Debug] RedisPools::checkConnection [1]号服务器::空闲连接数：5, 进行中连接数：0
14:35:36 [Debug] RedisPools::checkConnection [1]号服务器::空闲连接数：5, 进行中连接数：0
14:36:06 [Debug] RedisPools::checkConnection [1]号服务器::空闲连接数：5, 进行中连接数：0
14:36:36 [Debug] RedisPools::checkConnection [1]号服务器::空闲连接数：5, 进行中连接数：0
14:37:06 [Debug] RedisPools::checkConnection [1]号服务器::空闲连接数：5, 进行中连接数：0
14:38:06 [Debug] Startup::Startup [1]号服务器::Begin connect db
14:38:08 [SystemLog] WebApiApplication::Application_Start [1]号服务器::数据库连接串：server=sh-cdb-ot9416xk.sql.tencentcdb.com;port=63360;uid=root;pwd=123!@#qweASD;database=debit;Min Pool Size=0;Pooling=true;connect timeout=120;CharSet=utf8;AllowUserVariables=true;AllowZeroDatetime=True;SslMode=None
14:38:08 [Debug] RedisPools::Init [1]号服务器::准备初使化Redis连接池,配置信息：127.0.0.1:6379
14:38:08 [Debug] RedisPools::checkConnection [1]号服务器::空闲连接数：0, 进行中连接数：0
14:38:08 [SystemLog] RedisPools::Init [1]号服务器::初使化Redis连接池,成功创建[5]个连接！
14:38:38 [Debug] RedisPools::checkConnection [1]号服务器::空闲连接数：5, 进行中连接数：0
14:38:39 [Error] MainController::GetSTSToken [1]号服务器::异常：Object reference not set to an instance of an object.
14:38:59 [Error] MainController::GetSTSToken [1]号服务器::异常：Object reference not set to an instance of an object.
14:39:10 [Debug] RedisPools::checkConnection [1]号服务器::空闲连接数：5, 进行中连接数：0
14:39:47 [Debug] RedisPools::checkConnection [1]号服务器::空闲连接数：5, 进行中连接数：0
14:39:56 [Error] MainController::GetSTSToken [1]号服务器::异常：Object reference not set to an instance of an object.
14:40:18 [Error] MainController::GetSTSToken [1]号服务器::异常：Object reference not set to an instance of an object.
14:40:18 [Debug] RedisPools::checkConnection [1]号服务器::空闲连接数：5, 进行中连接数：0
14:41:02 [Debug] RedisPools::checkConnection [1]号服务器::空闲连接数：5, 进行中连接数：0
14:41:25 [Error] MainController::GetSTSToken [1]号服务器::异常：Object reference not set to an instance of an object.
14:41:37 [Debug] RedisPools::checkConnection [1]号服务器::空闲连接数：5, 进行中连接数：0
14:42:02 [Error] MainController::GetSTSToken [1]号服务器::异常：Object reference not set to an instance of an object.
14:42:16 [Debug] RedisPools::checkConnection [1]号服务器::空闲连接数：5, 进行中连接数：0
14:42:26 [Error] MainController::GetSTSToken [1]号服务器::异常：Object reference not set to an instance of an object.
14:42:43 [Error] MainController::GetSTSToken [1]号服务器::异常：Object reference not set to an instance of an object.
14:42:46 [Debug] RedisPools::checkConnection [1]号服务器::空闲连接数：5, 进行中连接数：0
14:42:47 [Error] MainController::GetSTSToken [1]号服务器::异常：Object reference not set to an instance of an object.
14:43:05 [Error] MainController::GetSTSToken [1]号服务器::异常：Object reference not set to an instance of an object.
14:43:14 [Error] MainController::GetSTSToken [1]号服务器::异常：Object reference not set to an instance of an object.
14:43:16 [Debug] RedisPools::checkConnection [1]号服务器::空闲连接数：5, 进行中连接数：0
14:43:29 [Error] MainController::GetSTSToken [1]号服务器::异常：Object reference not set to an instance of an object.
14:43:50 [Debug] RedisPools::checkConnection [1]号服务器::空闲连接数：5, 进行中连接数：0
14:44:01 [Error] MainController::GetSTSToken [1]号服务器::异常：Object reference not set to an instance of an object.
14:44:08 [Error] MainController::GetSTSToken [1]号服务器::异常：Object reference not set to an instance of an object.
14:44:34 [Debug] RedisPools::checkConnection [1]号服务器::空闲连接数：5, 进行中连接数：0
14:45:09 [Debug] RedisPools::checkConnection [1]号服务器::空闲连接数：5, 进行中连接数：0
14:50:26 [Debug] Startup::Startup [1]号服务器::Begin connect db
14:50:28 [SystemLog] WebApiApplication::Application_Start [1]号服务器::数据库连接串：server=sh-cdb-ot9416xk.sql.tencentcdb.com;port=63360;uid=root;pwd=123!@#qweASD;database=debit;Min Pool Size=0;Pooling=true;connect timeout=120;CharSet=utf8;AllowUserVariables=true;AllowZeroDatetime=True;SslMode=None
14:50:28 [Debug] RedisPools::Init [1]号服务器::准备初使化Redis连接池,配置信息：127.0.0.1:6379
14:50:29 [Debug] RedisPools::checkConnection [1]号服务器::空闲连接数：0, 进行中连接数：0
14:50:29 [SystemLog] RedisPools::Init [1]号服务器::初使化Redis连接池,成功创建[5]个连接！
14:50:48 [Error] MainController::GetSTSToken [1]号服务器::异常：Object reference not set to an instance of an object.
14:50:48 [Error] MainController::GetSTSToken [1]号服务器::异常：Object reference not set to an instance of an object.
14:50:59 [Debug] RedisPools::checkConnection [1]号服务器::空闲连接数：5, 进行中连接数：0
14:51:57 [Debug] Startup::Startup [1]号服务器::Begin connect db
14:51:59 [SystemLog] WebApiApplication::Application_Start [1]号服务器::数据库连接串：server=sh-cdb-ot9416xk.sql.tencentcdb.com;port=63360;uid=root;pwd=123!@#qweASD;database=debit;Min Pool Size=0;Pooling=true;connect timeout=120;CharSet=utf8;AllowUserVariables=true;AllowZeroDatetime=True;SslMode=None
14:51:59 [Debug] RedisPools::Init [1]号服务器::准备初使化Redis连接池,配置信息：127.0.0.1:6379
14:51:59 [Debug] RedisPools::checkConnection [1]号服务器::空闲连接数：0, 进行中连接数：0
14:52:00 [SystemLog] RedisPools::Init [1]号服务器::初使化Redis连接池,成功创建[5]个连接！
14:52:31 [Debug] RedisPools::checkConnection [1]号服务器::空闲连接数：5, 进行中连接数：0
14:57:34 [Debug] RedisPools::checkConnection [1]号服务器::空闲连接数：5, 进行中连接数：0
14:57:35 [Error] MainController::GetSTSToken [1]号服务器::异常：Object reference not set to an instance of an object.
14:57:48 [Error] MainController::GetSTSToken [1]号服务器::异常：Object reference not set to an instance of an object.
15:03:08 [Debug] Startup::Startup [1]号服务器::Begin connect db
15:03:10 [SystemLog] WebApiApplication::Application_Start [1]号服务器::数据库连接串：server=sh-cdb-ot9416xk.sql.tencentcdb.com;port=63360;uid=root;pwd=123!@#qweASD;database=debit;Min Pool Size=0;Pooling=true;connect timeout=120;CharSet=utf8;AllowUserVariables=true;AllowZeroDatetime=True;SslMode=None
15:03:10 [Debug] RedisPools::Init [1]号服务器::准备初使化Redis连接池,配置信息：127.0.0.1:6379
15:03:10 [Debug] RedisPools::checkConnection [1]号服务器::空闲连接数：0, 进行中连接数：0
15:03:11 [SystemLog] RedisPools::Init [1]号服务器::初使化Redis连接池,成功创建[5]个连接！
15:03:40 [Debug] RedisPools::checkConnection [1]号服务器::空闲连接数：5, 进行中连接数：0
15:04:10 [Debug] RedisPools::checkConnection [1]号服务器::空闲连接数：5, 进行中连接数：0
15:04:40 [Debug] RedisPools::checkConnection [1]号服务器::空闲连接数：5, 进行中连接数：0
15:05:10 [Debug] RedisPools::checkConnection [1]号服务器::空闲连接数：5, 进行中连接数：0
15:12:18 [Debug] Startup::Startup [1]号服务器::Begin connect db
15:12:20 [SystemLog] WebApiApplication::Application_Start [1]号服务器::数据库连接串：server=sh-cdb-ot9416xk.sql.tencentcdb.com;port=63360;uid=root;pwd=123!@#qweASD;database=debit;Min Pool Size=0;Pooling=true;connect timeout=120;CharSet=utf8;AllowUserVariables=true;AllowZeroDatetime=True;SslMode=None
15:12:20 [Debug] RedisPools::Init [1]号服务器::准备初使化Redis连接池,配置信息：127.0.0.1:6379
15:12:20 [Debug] RedisPools::checkConnection [1]号服务器::空闲连接数：0, 进行中连接数：0
15:12:21 [SystemLog] RedisPools::Init [1]号服务器::初使化Redis连接池,成功创建[5]个连接！
15:13:59 [Debug] RedisPools::checkConnection [1]号服务器::空闲连接数：5, 进行中连接数：0
15:14:18 [Error] MainController::GetSTSToken [1]号服务器::异常：Object reference not set to an instance of an object.
15:15:24 [Debug] RedisPools::checkConnection [1]号服务器::空闲连接数：5, 进行中连接数：0
15:15:46 [Debug] Startup::Startup [1]号服务器::Begin connect db
15:15:48 [SystemLog] WebApiApplication::Application_Start [1]号服务器::数据库连接串：server=sh-cdb-ot9416xk.sql.tencentcdb.com;port=63360;uid=root;pwd=123!@#qweASD;database=debit;Min Pool Size=0;Pooling=true;connect timeout=120;CharSet=utf8;AllowUserVariables=true;AllowZeroDatetime=True;SslMode=None
15:15:48 [Debug] RedisPools::Init [1]号服务器::准备初使化Redis连接池,配置信息：127.0.0.1:6379
15:15:48 [Debug] RedisPools::checkConnection [1]号服务器::空闲连接数：0, 进行中连接数：0
15:15:49 [SystemLog] RedisPools::Init [1]号服务器::初使化Redis连接池,成功创建[5]个连接！
15:16:18 [Debug] RedisPools::checkConnection [1]号服务器::空闲连接数：5, 进行中连接数：0
15:16:31 [Error] MainController::GetSTSToken [1]号服务器::异常：Input string was not in a correct format.
15:16:48 [Debug] RedisPools::checkConnection [1]号服务器::空闲连接数：5, 进行中连接数：0
15:17:18 [Debug] RedisPools::checkConnection [1]号服务器::空闲连接数：5, 进行中连接数：0
15:17:48 [Debug] RedisPools::checkConnection [1]号服务器::空闲连接数：5, 进行中连接数：0
15:18:18 [Debug] RedisPools::checkConnection [1]号服务器::空闲连接数：5, 进行中连接数：0
15:18:48 [Debug] RedisPools::checkConnection [1]号服务器::空闲连接数：5, 进行中连接数：0
