15:54:50 [Debug] Startup::Startup [1]号服务器::Begin connect db
15:55:00 [SystemLog] WebApiApplication::Application_Start [1]号服务器::数据库连接串：server=5afec7056e210.sgcdb.myqcloud.com;port=5010;uid=root;pwd=123!@#qweASD;database=debit;Min Pool Size=0;Pooling=true;connect timeout=120;CharSet=utf8;AllowUserVariables=true;AllowZeroDatetime=True;SslMode=None
15:55:00 [Debug] RedisPools::Init [1]号服务器::准备初使化Redis连接池,配置信息：127.0.0.1:6379
15:55:00 [Debug] RedisPools::checkConnection [1]号服务器::空闲连接数：0, 进行中连接数：0
15:55:00 [SystemLog] RedisPools::Init [1]号服务器::初使化Redis连接池,成功创建[5]个连接！
15:55:30 [Debug] RedisPools::checkConnection [1]号服务器::空闲连接数：5, 进行中连接数：0
15:56:00 [Debug] RedisPools::checkConnection [1]号服务器::空闲连接数：5, 进行中连接数：0
15:56:30 [Debug] RedisPools::checkConnection [1]号服务器::空闲连接数：5, 进行中连接数：0
15:57:00 [Debug] RedisPools::checkConnection [1]号服务器::空闲连接数：5, 进行中连接数：0
15:57:30 [Debug] RedisPools::checkConnection [1]号服务器::空闲连接数：5, 进行中连接数：0
15:58:00 [Debug] RedisPools::checkConnection [1]号服务器::空闲连接数：5, 进行中连接数：0
15:58:30 [Debug] RedisPools::checkConnection [1]号服务器::空闲连接数：5, 进行中连接数：0
15:59:00 [Debug] RedisPools::checkConnection [1]号服务器::空闲连接数：5, 进行中连接数：0
15:59:30 [Debug] RedisPools::checkConnection [1]号服务器::空闲连接数：5, 进行中连接数：0
16:00:00 [Debug] RedisPools::checkConnection [1]号服务器::空闲连接数：5, 进行中连接数：0
16:00:30 [Debug] RedisPools::checkConnection [1]号服务器::空闲连接数：5, 进行中连接数：0
16:00:43 [Debug] Startup::Startup [1]号服务器::Begin connect db
16:00:52 [SystemLog] WebApiApplication::Application_Start [1]号服务器::数据库连接串：server=5afec7056e210.sgcdb.myqcloud.com;port=5010;uid=root;pwd=123!@#qweASD;database=debit;Min Pool Size=0;Pooling=true;connect timeout=120;CharSet=utf8;AllowUserVariables=true;AllowZeroDatetime=True;SslMode=None
16:00:52 [Debug] RedisPools::Init [1]号服务器::准备初使化Redis连接池,配置信息：127.0.0.1:6379
16:00:52 [Debug] RedisPools::checkConnection [1]号服务器::空闲连接数：0, 进行中连接数：0
16:00:52 [SystemLog] RedisPools::Init [1]号服务器::初使化Redis连接池,成功创建[5]个连接！
16:01:22 [Debug] RedisPools::checkConnection [1]号服务器::空闲连接数：5, 进行中连接数：0
16:01:52 [Debug] RedisPools::checkConnection [1]号服务器::空闲连接数：5, 进行中连接数：0
16:02:22 [Debug] RedisPools::checkConnection [1]号服务器::空闲连接数：5, 进行中连接数：0
16:02:52 [Debug] RedisPools::checkConnection [1]号服务器::空闲连接数：5, 进行中连接数：0
16:03:22 [Debug] RedisPools::checkConnection [1]号服务器::空闲连接数：5, 进行中连接数：0
16:03:52 [Debug] RedisPools::checkConnection [1]号服务器::空闲连接数：5, 进行中连接数：0
16:04:22 [Debug] RedisPools::checkConnection [1]号服务器::空闲连接数：5, 进行中连接数：0
16:04:52 [Debug] RedisPools::checkConnection [1]号服务器::空闲连接数：5, 进行中连接数：0
16:05:22 [Debug] RedisPools::checkConnection [1]号服务器::空闲连接数：5, 进行中连接数：0
16:05:52 [Debug] RedisPools::checkConnection [1]号服务器::空闲连接数：5, 进行中连接数：0
16:06:11 [Debug] Startup::Startup [1]号服务器::Begin connect db
16:06:21 [SystemLog] WebApiApplication::Application_Start [1]号服务器::数据库连接串：server=5afec7056e210.sgcdb.myqcloud.com;port=5010;uid=root;pwd=123!@#qweASD;database=debit;Min Pool Size=0;Pooling=true;connect timeout=120;CharSet=utf8;AllowUserVariables=true;AllowZeroDatetime=True;SslMode=None
16:06:21 [Debug] RedisPools::Init [1]号服务器::准备初使化Redis连接池,配置信息：127.0.0.1:6379
16:06:21 [Debug] RedisPools::checkConnection [1]号服务器::空闲连接数：0, 进行中连接数：0
16:06:22 [SystemLog] RedisPools::Init [1]号服务器::初使化Redis连接池,成功创建[5]个连接！
16:06:51 [Debug] RedisPools::checkConnection [1]号服务器::空闲连接数：5, 进行中连接数：0
16:07:21 [Debug] RedisPools::checkConnection [1]号服务器::空闲连接数：5, 进行中连接数：0
16:07:51 [Debug] RedisPools::checkConnection [1]号服务器::空闲连接数：5, 进行中连接数：0
16:08:28 [Debug] RedisPools::checkConnection [1]号服务器::空闲连接数：5, 进行中连接数：0
