16:52:16 [Debug] Startup::Startup [1]号服务器::Begin connect db
16:52:18 [SystemLog] WebApiApplication::Application_Start [1]号服务器::数据库连接串：server=sh-cdb-ot9416xk.sql.tencentcdb.com;port=63360;uid=root;pwd=123!@#qweASD;database=debit;Min Pool Size=0;Pooling=true;connect timeout=120;CharSet=utf8;AllowUserVariables=true;AllowZeroDatetime=True;SslMode=None
16:52:18 [Debug] RedisPools::Init [1]号服务器::准备初使化Redis连接池,配置信息：127.0.0.1:6379
16:52:18 [Debug] RedisPools::checkConnection [1]号服务器::空闲连接数：0, 进行中连接数：0
16:52:18 [SystemLog] RedisPools::Init [1]号服务器::初使化Redis连接池,成功创建[5]个连接！
16:52:35 [Debug] DuitkuController::InquiryRequest [1]号服务器::param is {"merchantCode":"D4199","bin":"119905","vaNo":"1199053000000017","session":"gfagafdgfda","action":"inquiry","signature":"inquiry"}
16:52:48 [Debug] RedisPools::checkConnection [1]号服务器::空闲连接数：5, 进行中连接数：0
16:53:18 [Debug] RedisPools::checkConnection [1]号服务器::空闲连接数：5, 进行中连接数：0
16:53:48 [Debug] RedisPools::checkConnection [1]号服务器::空闲连接数：5, 进行中连接数：0
16:54:18 [Debug] RedisPools::checkConnection [1]号服务器::空闲连接数：5, 进行中连接数：0
16:54:48 [Debug] RedisPools::checkConnection [1]号服务器::空闲连接数：5, 进行中连接数：0
16:55:18 [Debug] RedisPools::checkConnection [1]号服务器::空闲连接数：5, 进行中连接数：0
16:55:48 [Debug] RedisPools::checkConnection [1]号服务器::空闲连接数：5, 进行中连接数：0
16:56:18 [Debug] RedisPools::checkConnection [1]号服务器::空闲连接数：5, 进行中连接数：0
16:56:48 [Debug] RedisPools::checkConnection [1]号服务器::空闲连接数：5, 进行中连接数：0
16:57:18 [Debug] RedisPools::checkConnection [1]号服务器::空闲连接数：5, 进行中连接数：0
16:57:48 [Debug] RedisPools::checkConnection [1]号服务器::空闲连接数：5, 进行中连接数：0
16:58:18 [Debug] RedisPools::checkConnection [1]号服务器::空闲连接数：5, 进行中连接数：0
16:58:48 [Debug] RedisPools::checkConnection [1]号服务器::空闲连接数：5, 进行中连接数：0
16:59:18 [Debug] RedisPools::checkConnection [1]号服务器::空闲连接数：5, 进行中连接数：0
16:59:48 [Debug] RedisPools::checkConnection [1]号服务器::空闲连接数：5, 进行中连接数：0
17:00:18 [Debug] RedisPools::checkConnection [1]号服务器::空闲连接数：5, 进行中连接数：0
17:00:48 [Debug] RedisPools::checkConnection [1]号服务器::空闲连接数：5, 进行中连接数：0
17:01:18 [Debug] RedisPools::checkConnection [1]号服务器::空闲连接数：5, 进行中连接数：0
17:01:48 [Debug] RedisPools::checkConnection [1]号服务器::空闲连接数：5, 进行中连接数：0
17:02:18 [Debug] RedisPools::checkConnection [1]号服务器::空闲连接数：5, 进行中连接数：0
17:02:48 [Debug] RedisPools::checkConnection [1]号服务器::空闲连接数：5, 进行中连接数：0
17:03:18 [Debug] RedisPools::checkConnection [1]号服务器::空闲连接数：5, 进行中连接数：0
17:03:48 [Debug] RedisPools::checkConnection [1]号服务器::空闲连接数：5, 进行中连接数：0
17:04:18 [Debug] RedisPools::checkConnection [1]号服务器::空闲连接数：5, 进行中连接数：0
17:04:48 [Debug] RedisPools::checkConnection [1]号服务器::空闲连接数：5, 进行中连接数：0
17:05:18 [Debug] RedisPools::checkConnection [1]号服务器::空闲连接数：5, 进行中连接数：0
17:05:48 [Debug] RedisPools::checkConnection [1]号服务器::空闲连接数：5, 进行中连接数：0
17:06:18 [Debug] RedisPools::checkConnection [1]号服务器::空闲连接数：5, 进行中连接数：0
17:06:48 [Debug] RedisPools::checkConnection [1]号服务器::空闲连接数：5, 进行中连接数：0
17:07:18 [Debug] RedisPools::checkConnection [1]号服务器::空闲连接数：5, 进行中连接数：0
17:07:48 [Debug] RedisPools::checkConnection [1]号服务器::空闲连接数：5, 进行中连接数：0
17:08:18 [Debug] RedisPools::checkConnection [1]号服务器::空闲连接数：5, 进行中连接数：0
17:08:48 [Debug] RedisPools::checkConnection [1]号服务器::空闲连接数：5, 进行中连接数：0
17:09:18 [Debug] RedisPools::checkConnection [1]号服务器::空闲连接数：5, 进行中连接数：0
17:09:48 [Debug] RedisPools::checkConnection [1]号服务器::空闲连接数：5, 进行中连接数：0
17:10:18 [Debug] RedisPools::checkConnection [1]号服务器::空闲连接数：5, 进行中连接数：0
17:10:48 [Debug] RedisPools::checkConnection [1]号服务器::空闲连接数：5, 进行中连接数：0
17:11:18 [Debug] RedisPools::checkConnection [1]号服务器::空闲连接数：5, 进行中连接数：0
17:11:48 [Debug] RedisPools::checkConnection [1]号服务器::空闲连接数：5, 进行中连接数：0
17:12:18 [Debug] RedisPools::checkConnection [1]号服务器::空闲连接数：5, 进行中连接数：0
17:12:48 [Debug] RedisPools::checkConnection [1]号服务器::空闲连接数：5, 进行中连接数：0
17:13:18 [Debug] RedisPools::checkConnection [1]号服务器::空闲连接数：5, 进行中连接数：0
17:13:48 [Debug] RedisPools::checkConnection [1]号服务器::空闲连接数：5, 进行中连接数：0
17:14:18 [Debug] RedisPools::checkConnection [1]号服务器::空闲连接数：5, 进行中连接数：0
17:14:48 [Debug] RedisPools::checkConnection [1]号服务器::空闲连接数：5, 进行中连接数：0
17:15:18 [Debug] RedisPools::checkConnection [1]号服务器::空闲连接数：5, 进行中连接数：0
17:15:48 [Debug] RedisPools::checkConnection [1]号服务器::空闲连接数：5, 进行中连接数：0
17:16:18 [Debug] RedisPools::checkConnection [1]号服务器::空闲连接数：5, 进行中连接数：0
17:16:48 [Debug] RedisPools::checkConnection [1]号服务器::空闲连接数：5, 进行中连接数：0
17:17:18 [Debug] RedisPools::checkConnection [1]号服务器::空闲连接数：5, 进行中连接数：0
17:17:48 [Debug] RedisPools::checkConnection [1]号服务器::空闲连接数：5, 进行中连接数：0
17:18:18 [Debug] RedisPools::checkConnection [1]号服务器::空闲连接数：5, 进行中连接数：0
17:18:48 [Debug] RedisPools::checkConnection [1]号服务器::空闲连接数：5, 进行中连接数：0
17:19:18 [Debug] RedisPools::checkConnection [1]号服务器::空闲连接数：5, 进行中连接数：0
17:19:48 [Debug] RedisPools::checkConnection [1]号服务器::空闲连接数：5, 进行中连接数：0
17:20:18 [Debug] RedisPools::checkConnection [1]号服务器::空闲连接数：5, 进行中连接数：0
17:20:48 [Debug] RedisPools::checkConnection [1]号服务器::空闲连接数：5, 进行中连接数：0
17:21:18 [Debug] RedisPools::checkConnection [1]号服务器::空闲连接数：5, 进行中连接数：0
17:21:48 [Debug] RedisPools::checkConnection [1]号服务器::空闲连接数：5, 进行中连接数：0
17:22:18 [Debug] RedisPools::checkConnection [1]号服务器::空闲连接数：5, 进行中连接数：0
17:22:48 [Debug] RedisPools::checkConnection [1]号服务器::空闲连接数：5, 进行中连接数：0
17:23:18 [Debug] RedisPools::checkConnection [1]号服务器::空闲连接数：5, 进行中连接数：0
17:23:48 [Debug] RedisPools::checkConnection [1]号服务器::空闲连接数：5, 进行中连接数：0
17:24:18 [Debug] RedisPools::checkConnection [1]号服务器::空闲连接数：5, 进行中连接数：0
17:24:48 [Debug] RedisPools::checkConnection [1]号服务器::空闲连接数：5, 进行中连接数：0
17:25:18 [Debug] RedisPools::checkConnection [1]号服务器::空闲连接数：5, 进行中连接数：0
17:25:48 [Debug] RedisPools::checkConnection [1]号服务器::空闲连接数：5, 进行中连接数：0
17:26:18 [Debug] RedisPools::checkConnection [1]号服务器::空闲连接数：5, 进行中连接数：0
17:26:48 [Debug] RedisPools::checkConnection [1]号服务器::空闲连接数：5, 进行中连接数：0
17:27:18 [Debug] RedisPools::checkConnection [1]号服务器::空闲连接数：5, 进行中连接数：0
17:27:48 [Debug] RedisPools::checkConnection [1]号服务器::空闲连接数：5, 进行中连接数：0
17:28:18 [Debug] RedisPools::checkConnection [1]号服务器::空闲连接数：5, 进行中连接数：0
17:28:48 [Debug] RedisPools::checkConnection [1]号服务器::空闲连接数：5, 进行中连接数：0
17:29:18 [Debug] RedisPools::checkConnection [1]号服务器::空闲连接数：5, 进行中连接数：0
17:29:48 [Debug] RedisPools::checkConnection [1]号服务器::空闲连接数：5, 进行中连接数：0
17:30:18 [Debug] RedisPools::checkConnection [1]号服务器::空闲连接数：5, 进行中连接数：0
17:30:48 [Debug] RedisPools::checkConnection [1]号服务器::空闲连接数：5, 进行中连接数：0
17:31:18 [Debug] RedisPools::checkConnection [1]号服务器::空闲连接数：5, 进行中连接数：0
17:31:48 [Debug] RedisPools::checkConnection [1]号服务器::空闲连接数：5, 进行中连接数：0
17:32:18 [Debug] RedisPools::checkConnection [1]号服务器::空闲连接数：5, 进行中连接数：0
17:32:48 [Debug] RedisPools::checkConnection [1]号服务器::空闲连接数：5, 进行中连接数：0
17:33:18 [Debug] RedisPools::checkConnection [1]号服务器::空闲连接数：5, 进行中连接数：0
17:33:48 [Debug] RedisPools::checkConnection [1]号服务器::空闲连接数：5, 进行中连接数：0
17:34:18 [Debug] RedisPools::checkConnection [1]号服务器::空闲连接数：5, 进行中连接数：0
17:34:48 [Debug] RedisPools::checkConnection [1]号服务器::空闲连接数：5, 进行中连接数：0
17:35:18 [Debug] RedisPools::checkConnection [1]号服务器::空闲连接数：5, 进行中连接数：0
17:35:48 [Debug] RedisPools::checkConnection [1]号服务器::空闲连接数：5, 进行中连接数：0
17:36:18 [Debug] RedisPools::checkConnection [1]号服务器::空闲连接数：5, 进行中连接数：0
17:36:48 [Debug] RedisPools::checkConnection [1]号服务器::空闲连接数：5, 进行中连接数：0
17:37:18 [Debug] RedisPools::checkConnection [1]号服务器::空闲连接数：5, 进行中连接数：0
17:37:48 [Debug] RedisPools::checkConnection [1]号服务器::空闲连接数：5, 进行中连接数：0
17:38:18 [Debug] RedisPools::checkConnection [1]号服务器::空闲连接数：5, 进行中连接数：0
17:38:48 [Debug] RedisPools::checkConnection [1]号服务器::空闲连接数：5, 进行中连接数：0
17:39:18 [Debug] RedisPools::checkConnection [1]号服务器::空闲连接数：5, 进行中连接数：0
17:39:48 [Debug] RedisPools::checkConnection [1]号服务器::空闲连接数：5, 进行中连接数：0
17:40:18 [Debug] RedisPools::checkConnection [1]号服务器::空闲连接数：5, 进行中连接数：0
17:40:49 [Debug] RedisPools::checkConnection [1]号服务器::空闲连接数：5, 进行中连接数：0
17:41:19 [Debug] RedisPools::checkConnection [1]号服务器::空闲连接数：5, 进行中连接数：0
17:41:49 [Debug] RedisPools::checkConnection [1]号服务器::空闲连接数：5, 进行中连接数：0
17:42:19 [Debug] RedisPools::checkConnection [1]号服务器::空闲连接数：5, 进行中连接数：0
17:42:49 [Debug] RedisPools::checkConnection [1]号服务器::空闲连接数：5, 进行中连接数：0
17:43:19 [Debug] RedisPools::checkConnection [1]号服务器::空闲连接数：5, 进行中连接数：0
17:43:49 [Debug] RedisPools::checkConnection [1]号服务器::空闲连接数：5, 进行中连接数：0
17:44:19 [Debug] RedisPools::checkConnection [1]号服务器::空闲连接数：5, 进行中连接数：0
17:44:49 [Debug] RedisPools::checkConnection [1]号服务器::空闲连接数：5, 进行中连接数：0
17:45:19 [Debug] RedisPools::checkConnection [1]号服务器::空闲连接数：5, 进行中连接数：0
17:45:49 [Debug] RedisPools::checkConnection [1]号服务器::空闲连接数：5, 进行中连接数：0
17:46:19 [Debug] RedisPools::checkConnection [1]号服务器::空闲连接数：5, 进行中连接数：0
17:46:49 [Debug] RedisPools::checkConnection [1]号服务器::空闲连接数：5, 进行中连接数：0
17:47:19 [Debug] RedisPools::checkConnection [1]号服务器::空闲连接数：5, 进行中连接数：0
17:47:49 [Debug] RedisPools::checkConnection [1]号服务器::空闲连接数：5, 进行中连接数：0
17:48:19 [Debug] RedisPools::checkConnection [1]号服务器::空闲连接数：5, 进行中连接数：0
17:48:49 [Debug] RedisPools::checkConnection [1]号服务器::空闲连接数：5, 进行中连接数：0
17:49:19 [Debug] RedisPools::checkConnection [1]号服务器::空闲连接数：5, 进行中连接数：0
17:49:49 [Debug] RedisPools::checkConnection [1]号服务器::空闲连接数：5, 进行中连接数：0
17:50:19 [Debug] RedisPools::checkConnection [1]号服务器::空闲连接数：5, 进行中连接数：0
17:50:49 [Debug] RedisPools::checkConnection [1]号服务器::空闲连接数：5, 进行中连接数：0
17:51:19 [Debug] RedisPools::checkConnection [1]号服务器::空闲连接数：5, 进行中连接数：0
17:51:49 [Debug] RedisPools::checkConnection [1]号服务器::空闲连接数：5, 进行中连接数：0
17:52:19 [Debug] RedisPools::checkConnection [1]号服务器::空闲连接数：5, 进行中连接数：0
17:52:49 [Debug] RedisPools::checkConnection [1]号服务器::空闲连接数：5, 进行中连接数：0
17:53:19 [Debug] RedisPools::checkConnection [1]号服务器::空闲连接数：5, 进行中连接数：0
17:53:49 [Debug] RedisPools::checkConnection [1]号服务器::空闲连接数：5, 进行中连接数：0
17:54:19 [Debug] RedisPools::checkConnection [1]号服务器::空闲连接数：5, 进行中连接数：0
17:54:49 [Debug] RedisPools::checkConnection [1]号服务器::空闲连接数：5, 进行中连接数：0
17:55:19 [Debug] RedisPools::checkConnection [1]号服务器::空闲连接数：5, 进行中连接数：0
17:55:49 [Debug] RedisPools::checkConnection [1]号服务器::空闲连接数：5, 进行中连接数：0
17:56:19 [Debug] RedisPools::checkConnection [1]号服务器::空闲连接数：5, 进行中连接数：0
17:56:49 [Debug] RedisPools::checkConnection [1]号服务器::空闲连接数：5, 进行中连接数：0
17:57:19 [Debug] RedisPools::checkConnection [1]号服务器::空闲连接数：5, 进行中连接数：0
17:57:49 [Debug] RedisPools::checkConnection [1]号服务器::空闲连接数：5, 进行中连接数：0
17:58:19 [Debug] RedisPools::checkConnection [1]号服务器::空闲连接数：5, 进行中连接数：0
17:58:49 [Debug] RedisPools::checkConnection [1]号服务器::空闲连接数：5, 进行中连接数：0
17:59:19 [Debug] RedisPools::checkConnection [1]号服务器::空闲连接数：5, 进行中连接数：0
17:59:49 [Debug] RedisPools::checkConnection [1]号服务器::空闲连接数：5, 进行中连接数：0
18:00:19 [Debug] RedisPools::checkConnection [1]号服务器::空闲连接数：5, 进行中连接数：0
18:00:49 [Debug] RedisPools::checkConnection [1]号服务器::空闲连接数：5, 进行中连接数：0
18:01:19 [Debug] RedisPools::checkConnection [1]号服务器::空闲连接数：5, 进行中连接数：0
18:01:49 [Debug] RedisPools::checkConnection [1]号服务器::空闲连接数：5, 进行中连接数：0
18:02:19 [Debug] RedisPools::checkConnection [1]号服务器::空闲连接数：5, 进行中连接数：0
18:02:49 [Debug] RedisPools::checkConnection [1]号服务器::空闲连接数：5, 进行中连接数：0
18:03:19 [Debug] RedisPools::checkConnection [1]号服务器::空闲连接数：5, 进行中连接数：0
18:03:49 [Debug] RedisPools::checkConnection [1]号服务器::空闲连接数：5, 进行中连接数：0
18:04:19 [Debug] RedisPools::checkConnection [1]号服务器::空闲连接数：5, 进行中连接数：0
18:04:49 [Debug] RedisPools::checkConnection [1]号服务器::空闲连接数：5, 进行中连接数：0
18:05:19 [Debug] RedisPools::checkConnection [1]号服务器::空闲连接数：5, 进行中连接数：0
18:05:49 [Debug] RedisPools::checkConnection [1]号服务器::空闲连接数：5, 进行中连接数：0
18:06:19 [Debug] RedisPools::checkConnection [1]号服务器::空闲连接数：5, 进行中连接数：0
18:06:49 [Debug] RedisPools::checkConnection [1]号服务器::空闲连接数：5, 进行中连接数：0
18:07:19 [Debug] RedisPools::checkConnection [1]号服务器::空闲连接数：5, 进行中连接数：0
18:07:49 [Debug] RedisPools::checkConnection [1]号服务器::空闲连接数：5, 进行中连接数：0
18:08:19 [Debug] RedisPools::checkConnection [1]号服务器::空闲连接数：5, 进行中连接数：0
18:08:49 [Debug] RedisPools::checkConnection [1]号服务器::空闲连接数：5, 进行中连接数：0
18:09:19 [Debug] RedisPools::checkConnection [1]号服务器::空闲连接数：5, 进行中连接数：0
18:09:49 [Debug] RedisPools::checkConnection [1]号服务器::空闲连接数：5, 进行中连接数：0
18:10:19 [Debug] RedisPools::checkConnection [1]号服务器::空闲连接数：5, 进行中连接数：0
18:10:49 [Debug] RedisPools::checkConnection [1]号服务器::空闲连接数：5, 进行中连接数：0
18:11:19 [Debug] RedisPools::checkConnection [1]号服务器::空闲连接数：5, 进行中连接数：0
18:11:49 [Debug] RedisPools::checkConnection [1]号服务器::空闲连接数：5, 进行中连接数：0
18:12:19 [Debug] RedisPools::checkConnection [1]号服务器::空闲连接数：5, 进行中连接数：0
18:12:49 [Debug] RedisPools::checkConnection [1]号服务器::空闲连接数：5, 进行中连接数：0
18:13:19 [Debug] RedisPools::checkConnection [1]号服务器::空闲连接数：5, 进行中连接数：0
18:13:49 [Debug] RedisPools::checkConnection [1]号服务器::空闲连接数：5, 进行中连接数：0
18:14:19 [Debug] RedisPools::checkConnection [1]号服务器::空闲连接数：5, 进行中连接数：0
18:14:49 [Debug] RedisPools::checkConnection [1]号服务器::空闲连接数：5, 进行中连接数：0
18:15:19 [Debug] RedisPools::checkConnection [1]号服务器::空闲连接数：5, 进行中连接数：0
18:15:49 [Debug] RedisPools::checkConnection [1]号服务器::空闲连接数：5, 进行中连接数：0
18:16:19 [Debug] RedisPools::checkConnection [1]号服务器::空闲连接数：5, 进行中连接数：0
18:16:49 [Debug] RedisPools::checkConnection [1]号服务器::空闲连接数：5, 进行中连接数：0
18:17:19 [Debug] RedisPools::checkConnection [1]号服务器::空闲连接数：5, 进行中连接数：0
18:17:49 [Debug] RedisPools::checkConnection [1]号服务器::空闲连接数：5, 进行中连接数：0
18:18:19 [Debug] RedisPools::checkConnection [1]号服务器::空闲连接数：5, 进行中连接数：0
18:18:49 [Debug] RedisPools::checkConnection [1]号服务器::空闲连接数：5, 进行中连接数：0
18:19:19 [Debug] RedisPools::checkConnection [1]号服务器::空闲连接数：5, 进行中连接数：0
18:19:49 [Debug] RedisPools::checkConnection [1]号服务器::空闲连接数：5, 进行中连接数：0
18:20:19 [Debug] RedisPools::checkConnection [1]号服务器::空闲连接数：5, 进行中连接数：0
18:20:49 [Debug] RedisPools::checkConnection [1]号服务器::空闲连接数：5, 进行中连接数：0
18:21:19 [Debug] RedisPools::checkConnection [1]号服务器::空闲连接数：5, 进行中连接数：0
18:21:49 [Debug] RedisPools::checkConnection [1]号服务器::空闲连接数：5, 进行中连接数：0
18:22:19 [Debug] RedisPools::checkConnection [1]号服务器::空闲连接数：5, 进行中连接数：0
18:22:49 [Debug] RedisPools::checkConnection [1]号服务器::空闲连接数：5, 进行中连接数：0
18:23:19 [Debug] RedisPools::checkConnection [1]号服务器::空闲连接数：5, 进行中连接数：0
18:23:49 [Debug] RedisPools::checkConnection [1]号服务器::空闲连接数：5, 进行中连接数：0
18:24:19 [Debug] RedisPools::checkConnection [1]号服务器::空闲连接数：5, 进行中连接数：0
22:28:25 [Debug] Startup::Startup [1]号服务器::Begin connect db
22:28:27 [SystemLog] WebApiApplication::Application_Start [1]号服务器::数据库连接串：server=sh-cdb-ot9416xk.sql.tencentcdb.com;port=63360;uid=root;pwd=123!@#qweASD;database=debit;Min Pool Size=0;Pooling=true;connect timeout=120;CharSet=utf8;AllowUserVariables=true;AllowZeroDatetime=True;SslMode=None
22:28:27 [Debug] RedisPools::Init [1]号服务器::准备初使化Redis连接池,配置信息：127.0.0.1:6379
22:28:27 [Debug] RedisPools::checkConnection [1]号服务器::空闲连接数：0, 进行中连接数：0
22:28:28 [SystemLog] RedisPools::Init [1]号服务器::初使化Redis连接池,成功创建[5]个连接！
22:28:57 [Debug] RedisPools::checkConnection [1]号服务器::空闲连接数：5, 进行中连接数：0
22:29:27 [Debug] RedisPools::checkConnection [1]号服务器::空闲连接数：5, 进行中连接数：0
22:29:57 [Debug] RedisPools::checkConnection [1]号服务器::空闲连接数：5, 进行中连接数：0
22:30:05 [Success] DuitkuController::CallbackRequest [1]号服务器::0 - {"merchantCode":"D4199","amount":"112","merchantOrderId":"89","productDetail":"VA CIMB NIAGA","additionalParam":null,"paymentCode":"B1","resultCode":"00","merchantUserId":null,"reference":"D4199C6UAXJ0M","signature":"1810990b83c37a567896ff1754cae15a","issuer_name":null,"issuer_bank":null}
22:30:17 [Success] DuitkuController::CallbackRequest [1]号服务器::0 - {"merchantCode":"D4199","amount":"112","merchantOrderId":"89","productDetail":"VA CIMB NIAGA","additionalParam":null,"paymentCode":"B1","resultCode":"00","merchantUserId":"null","reference":"D4199C6UAXJ0M","signature":"1810990b83c37a567896ff1754cae15a","issuer_name":null,"issuer_bank":null}
22:31:01 [Debug] Startup::Startup [1]号服务器::Begin connect db
22:31:02 [SystemLog] WebApiApplication::Application_Start [1]号服务器::数据库连接串：server=sh-cdb-ot9416xk.sql.tencentcdb.com;port=63360;uid=root;pwd=123!@#qweASD;database=debit;Min Pool Size=0;Pooling=true;connect timeout=120;CharSet=utf8;AllowUserVariables=true;AllowZeroDatetime=True;SslMode=None
22:31:02 [Debug] RedisPools::Init [1]号服务器::准备初使化Redis连接池,配置信息：127.0.0.1:6379
22:31:02 [Debug] RedisPools::checkConnection [1]号服务器::空闲连接数：0, 进行中连接数：0
22:31:03 [SystemLog] RedisPools::Init [1]号服务器::初使化Redis连接池,成功创建[5]个连接！
22:31:18 [Success] DuitkuController::CallbackRequest [1]号服务器::0 - {"merchantCode":"D4199","amount":"112","merchantOrderId":"89","productDetail":"VA CIMB NIAGA","additionalParam":null,"paymentCode":"B1","resultCode":"00","merchantUserId":"null","reference":"D4199C6UAXJ0M","signature":"1810990b83c37a567896ff1754cae15a","issuer_name":null,"issuer_bank":null}
22:31:32 [Debug] RedisPools::checkConnection [1]号服务器::空闲连接数：5, 进行中连接数：0
22:31:53 [Success] DuitkuController::CallbackRequest [1]号服务器::0 - {"merchantCode":"D4199","amount":"112","merchantOrderId":"89","productDetail":"VA CIMB NIAGA","additionalParam":null,"paymentCode":"B1","resultCode":"00","merchantUserId":"null","reference":"D4199C6UAXJ0M","signature":"1810990b83c37a567896ff1754cae15a","issuer_name":null,"issuer_bank":null}
22:32:02 [Debug] RedisPools::checkConnection [1]号服务器::空闲连接数：5, 进行中连接数：0
22:32:08 [Success] DuitkuController::CallbackRequest [1]号服务器::0 - {"merchantCode":"D4199","amount":"112","merchantOrderId":"89","productDetail":"VA CIMB NIAGA","additionalParam":null,"paymentCode":"B1","resultCode":"00","merchantUserId":"null","reference":"D4199C6UAXJ0M","signature":"1810990b83c37a567896ff1754cae15a","issuer_name":null,"issuer_bank":null}
22:32:45 [Debug] Startup::Startup [1]号服务器::Begin connect db
22:32:46 [SystemLog] WebApiApplication::Application_Start [1]号服务器::数据库连接串：server=sh-cdb-ot9416xk.sql.tencentcdb.com;port=63360;uid=root;pwd=123!@#qweASD;database=debit;Min Pool Size=0;Pooling=true;connect timeout=120;CharSet=utf8;AllowUserVariables=true;AllowZeroDatetime=True;SslMode=None
22:32:46 [Debug] RedisPools::Init [1]号服务器::准备初使化Redis连接池,配置信息：127.0.0.1:6379
22:32:47 [Debug] RedisPools::checkConnection [1]号服务器::空闲连接数：0, 进行中连接数：0
22:32:47 [SystemLog] RedisPools::Init [1]号服务器::初使化Redis连接池,成功创建[5]个连接！
22:32:52 [Success] DuitkuController::CallbackRequest [1]号服务器::0 - {"merchantCode":"D4199","amount":"112","merchantOrderId":"89","productDetail":"VA CIMB NIAGA","additionalParam":null,"paymentCode":"B1","resultCode":"00","merchantUserId":"null","reference":"D4199C6UAXJ0M","signature":"1810990b83c37a567896ff1754cae15a","issuer_name":null,"issuer_bank":null}
22:33:17 [Debug] RedisPools::checkConnection [1]号服务器::空闲连接数：5, 进行中连接数：0
22:33:47 [Debug] RedisPools::checkConnection [1]号服务器::空闲连接数：5, 进行中连接数：0
22:34:17 [Debug] RedisPools::checkConnection [1]号服务器::空闲连接数：5, 进行中连接数：0
22:34:47 [Debug] RedisPools::checkConnection [1]号服务器::空闲连接数：5, 进行中连接数：0
22:35:17 [Debug] RedisPools::checkConnection [1]号服务器::空闲连接数：5, 进行中连接数：0
22:35:47 [Debug] RedisPools::checkConnection [1]号服务器::空闲连接数：5, 进行中连接数：0
22:36:17 [Debug] RedisPools::checkConnection [1]号服务器::空闲连接数：5, 进行中连接数：0
22:36:47 [Debug] RedisPools::checkConnection [1]号服务器::空闲连接数：5, 进行中连接数：0
22:37:17 [Debug] RedisPools::checkConnection [1]号服务器::空闲连接数：5, 进行中连接数：0
22:37:47 [Debug] RedisPools::checkConnection [1]号服务器::空闲连接数：5, 进行中连接数：0
22:38:17 [Debug] RedisPools::checkConnection [1]号服务器::空闲连接数：5, 进行中连接数：0
