09:37:28 [Debug] Startup::Startup [1]号服务器::Begin connect db
09:37:30 [SystemLog] WebApiApplication::Application_Start [1]号服务器::数据库连接串：server=sh-cdb-ot9416xk.sql.tencentcdb.com;port=63360;uid=root;pwd=123!@#qweASD;database=debit;Min Pool Size=0;Pooling=true;connect timeout=120;CharSet=utf8;AllowUserVariables=true;AllowZeroDatetime=True;SslMode=None
09:37:30 [Debug] RedisPools::Init [1]号服务器::准备初使化Redis连接池,配置信息：127.0.0.1:6379
09:37:30 [Debug] RedisPools::checkConnection [1]号服务器::空闲连接数：0, 进行中连接数：0
09:37:31 [SystemLog] RedisPools::Init [1]号服务器::初使化Redis连接池,成功创建[5]个连接！
09:38:00 [Debug] RedisPools::checkConnection [1]号服务器::空闲连接数：5, 进行中连接数：0
09:41:25 [Debug] Startup::Startup [1]号服务器::Begin connect db
09:41:27 [SystemLog] WebApiApplication::Application_Start [1]号服务器::数据库连接串：server=sh-cdb-ot9416xk.sql.tencentcdb.com;port=63360;uid=root;pwd=123!@#qweASD;database=debit;Min Pool Size=0;Pooling=true;connect timeout=120;CharSet=utf8;AllowUserVariables=true;AllowZeroDatetime=True;SslMode=None
09:41:27 [Debug] RedisPools::Init [1]号服务器::准备初使化Redis连接池,配置信息：127.0.0.1:6379
09:41:27 [Debug] RedisPools::checkConnection [1]号服务器::空闲连接数：0, 进行中连接数：0
09:41:28 [SystemLog] RedisPools::Init [1]号服务器::初使化Redis连接池,成功创建[5]个连接！
09:41:57 [Debug] RedisPools::checkConnection [1]号服务器::空闲连接数：5, 进行中连接数：0
09:42:27 [Debug] RedisPools::checkConnection [1]号服务器::空闲连接数：5, 进行中连接数：0
09:42:57 [Debug] RedisPools::checkConnection [1]号服务器::空闲连接数：5, 进行中连接数：0
09:43:27 [Debug] RedisPools::checkConnection [1]号服务器::空闲连接数：5, 进行中连接数：0
09:43:57 [Debug] RedisPools::checkConnection [1]号服务器::空闲连接数：5, 进行中连接数：0
09:44:27 [Debug] RedisPools::checkConnection [1]号服务器::空闲连接数：5, 进行中连接数：0
09:44:57 [Debug] RedisPools::checkConnection [1]号服务器::空闲连接数：5, 进行中连接数：0
09:45:27 [Debug] RedisPools::checkConnection [1]号服务器::空闲连接数：5, 进行中连接数：0
09:45:57 [Debug] RedisPools::checkConnection [1]号服务器::空闲连接数：5, 进行中连接数：0
09:46:27 [Debug] RedisPools::checkConnection [1]号服务器::空闲连接数：5, 进行中连接数：0
09:46:57 [Debug] RedisPools::checkConnection [1]号服务器::空闲连接数：5, 进行中连接数：0
09:47:27 [Debug] RedisPools::checkConnection [1]号服务器::空闲连接数：5, 进行中连接数：0
09:47:57 [Debug] RedisPools::checkConnection [1]号服务器::空闲连接数：5, 进行中连接数：0
09:48:27 [Debug] RedisPools::checkConnection [1]号服务器::空闲连接数：5, 进行中连接数：0
09:48:58 [Debug] RedisPools::checkConnection [1]号服务器::空闲连接数：5, 进行中连接数：0
09:49:28 [Debug] RedisPools::checkConnection [1]号服务器::空闲连接数：5, 进行中连接数：0
09:49:58 [Debug] RedisPools::checkConnection [1]号服务器::空闲连接数：5, 进行中连接数：0
09:50:28 [Debug] RedisPools::checkConnection [1]号服务器::空闲连接数：5, 进行中连接数：0
09:50:58 [Debug] RedisPools::checkConnection [1]号服务器::空闲连接数：5, 进行中连接数：0
09:51:28 [Debug] RedisPools::checkConnection [1]号服务器::空闲连接数：5, 进行中连接数：0
09:51:58 [Debug] RedisPools::checkConnection [1]号服务器::空闲连接数：5, 进行中连接数：0
09:52:28 [Debug] RedisPools::checkConnection [1]号服务器::空闲连接数：5, 进行中连接数：0
09:52:58 [Debug] RedisPools::checkConnection [1]号服务器::空闲连接数：5, 进行中连接数：0
09:53:28 [Debug] RedisPools::checkConnection [1]号服务器::空闲连接数：5, 进行中连接数：0
09:53:58 [Debug] RedisPools::checkConnection [1]号服务器::空闲连接数：5, 进行中连接数：0
09:54:28 [Debug] RedisPools::checkConnection [1]号服务器::空闲连接数：5, 进行中连接数：0
09:54:58 [Debug] RedisPools::checkConnection [1]号服务器::空闲连接数：5, 进行中连接数：0
09:55:28 [Debug] RedisPools::checkConnection [1]号服务器::空闲连接数：5, 进行中连接数：0
09:55:58 [Debug] RedisPools::checkConnection [1]号服务器::空闲连接数：5, 进行中连接数：0
09:56:28 [Debug] RedisPools::checkConnection [1]号服务器::空闲连接数：5, 进行中连接数：0
09:56:58 [Debug] RedisPools::checkConnection [1]号服务器::空闲连接数：5, 进行中连接数：0
09:57:28 [Debug] RedisPools::checkConnection [1]号服务器::空闲连接数：5, 进行中连接数：0
09:57:58 [Debug] RedisPools::checkConnection [1]号服务器::空闲连接数：5, 进行中连接数：0
09:58:28 [Debug] RedisPools::checkConnection [1]号服务器::空闲连接数：5, 进行中连接数：0
09:58:58 [Debug] RedisPools::checkConnection [1]号服务器::空闲连接数：5, 进行中连接数：0
09:59:28 [Debug] RedisPools::checkConnection [1]号服务器::空闲连接数：5, 进行中连接数：0
09:59:58 [Debug] RedisPools::checkConnection [1]号服务器::空闲连接数：5, 进行中连接数：0
10:00:28 [Debug] RedisPools::checkConnection [1]号服务器::空闲连接数：5, 进行中连接数：0
10:00:58 [Debug] RedisPools::checkConnection [1]号服务器::空闲连接数：5, 进行中连接数：0
10:01:28 [Debug] RedisPools::checkConnection [1]号服务器::空闲连接数：5, 进行中连接数：0
10:01:58 [Debug] RedisPools::checkConnection [1]号服务器::空闲连接数：5, 进行中连接数：0
10:02:28 [Debug] RedisPools::checkConnection [1]号服务器::空闲连接数：5, 进行中连接数：0
10:02:58 [Debug] RedisPools::checkConnection [1]号服务器::空闲连接数：5, 进行中连接数：0
10:03:28 [Debug] RedisPools::checkConnection [1]号服务器::空闲连接数：5, 进行中连接数：0
10:03:58 [Debug] RedisPools::checkConnection [1]号服务器::空闲连接数：5, 进行中连接数：0
10:04:28 [Debug] RedisPools::checkConnection [1]号服务器::空闲连接数：5, 进行中连接数：0
10:04:58 [Debug] RedisPools::checkConnection [1]号服务器::空闲连接数：5, 进行中连接数：0
10:05:28 [Debug] RedisPools::checkConnection [1]号服务器::空闲连接数：5, 进行中连接数：0
10:05:58 [Debug] RedisPools::checkConnection [1]号服务器::空闲连接数：5, 进行中连接数：0
10:06:28 [Debug] RedisPools::checkConnection [1]号服务器::空闲连接数：5, 进行中连接数：0
10:06:58 [Debug] RedisPools::checkConnection [1]号服务器::空闲连接数：5, 进行中连接数：0
10:07:28 [Debug] RedisPools::checkConnection [1]号服务器::空闲连接数：5, 进行中连接数：0
10:07:58 [Debug] RedisPools::checkConnection [1]号服务器::空闲连接数：5, 进行中连接数：0
10:08:28 [Debug] RedisPools::checkConnection [1]号服务器::空闲连接数：5, 进行中连接数：0
10:08:58 [Debug] RedisPools::checkConnection [1]号服务器::空闲连接数：5, 进行中连接数：0
10:09:28 [Debug] RedisPools::checkConnection [1]号服务器::空闲连接数：5, 进行中连接数：0
10:09:58 [Debug] RedisPools::checkConnection [1]号服务器::空闲连接数：5, 进行中连接数：0
10:10:28 [Debug] RedisPools::checkConnection [1]号服务器::空闲连接数：5, 进行中连接数：0
10:10:58 [Debug] RedisPools::checkConnection [1]号服务器::空闲连接数：5, 进行中连接数：0
10:11:28 [Debug] RedisPools::checkConnection [1]号服务器::空闲连接数：5, 进行中连接数：0
10:11:58 [Debug] RedisPools::checkConnection [1]号服务器::空闲连接数：5, 进行中连接数：0
10:12:28 [Debug] RedisPools::checkConnection [1]号服务器::空闲连接数：5, 进行中连接数：0
10:12:58 [Debug] RedisPools::checkConnection [1]号服务器::空闲连接数：5, 进行中连接数：0
10:13:28 [Debug] RedisPools::checkConnection [1]号服务器::空闲连接数：5, 进行中连接数：0
10:13:58 [Debug] RedisPools::checkConnection [1]号服务器::空闲连接数：5, 进行中连接数：0
10:14:28 [Debug] RedisPools::checkConnection [1]号服务器::空闲连接数：5, 进行中连接数：0
10:14:58 [Debug] RedisPools::checkConnection [1]号服务器::空闲连接数：5, 进行中连接数：0
10:15:28 [Debug] RedisPools::checkConnection [1]号服务器::空闲连接数：5, 进行中连接数：0
10:15:58 [Debug] RedisPools::checkConnection [1]号服务器::空闲连接数：5, 进行中连接数：0
10:16:28 [Debug] RedisPools::checkConnection [1]号服务器::空闲连接数：5, 进行中连接数：0
10:16:58 [Debug] RedisPools::checkConnection [1]号服务器::空闲连接数：5, 进行中连接数：0
10:17:28 [Debug] RedisPools::checkConnection [1]号服务器::空闲连接数：5, 进行中连接数：0
10:17:58 [Debug] RedisPools::checkConnection [1]号服务器::空闲连接数：5, 进行中连接数：0
10:18:28 [Debug] RedisPools::checkConnection [1]号服务器::空闲连接数：5, 进行中连接数：0
10:18:58 [Debug] RedisPools::checkConnection [1]号服务器::空闲连接数：5, 进行中连接数：0
10:19:28 [Debug] RedisPools::checkConnection [1]号服务器::空闲连接数：5, 进行中连接数：0
10:19:58 [Debug] RedisPools::checkConnection [1]号服务器::空闲连接数：5, 进行中连接数：0
10:20:28 [Debug] RedisPools::checkConnection [1]号服务器::空闲连接数：5, 进行中连接数：0
10:20:58 [Debug] RedisPools::checkConnection [1]号服务器::空闲连接数：5, 进行中连接数：0
10:21:28 [Debug] RedisPools::checkConnection [1]号服务器::空闲连接数：5, 进行中连接数：0
10:21:58 [Debug] RedisPools::checkConnection [1]号服务器::空闲连接数：5, 进行中连接数：0
10:22:28 [Debug] RedisPools::checkConnection [1]号服务器::空闲连接数：5, 进行中连接数：0
10:22:58 [Debug] RedisPools::checkConnection [1]号服务器::空闲连接数：5, 进行中连接数：0
10:23:28 [Debug] RedisPools::checkConnection [1]号服务器::空闲连接数：5, 进行中连接数：0
10:23:58 [Debug] RedisPools::checkConnection [1]号服务器::空闲连接数：5, 进行中连接数：0
10:24:28 [Debug] RedisPools::checkConnection [1]号服务器::空闲连接数：5, 进行中连接数：0
10:24:58 [Debug] RedisPools::checkConnection [1]号服务器::空闲连接数：5, 进行中连接数：0
10:25:28 [Debug] RedisPools::checkConnection [1]号服务器::空闲连接数：5, 进行中连接数：0
10:25:58 [Debug] RedisPools::checkConnection [1]号服务器::空闲连接数：5, 进行中连接数：0
10:26:28 [Debug] RedisPools::checkConnection [1]号服务器::空闲连接数：5, 进行中连接数：0
10:26:58 [Debug] RedisPools::checkConnection [1]号服务器::空闲连接数：5, 进行中连接数：0
10:27:28 [Debug] RedisPools::checkConnection [1]号服务器::空闲连接数：5, 进行中连接数：0
10:27:58 [Debug] RedisPools::checkConnection [1]号服务器::空闲连接数：5, 进行中连接数：0
10:28:28 [Debug] RedisPools::checkConnection [1]号服务器::空闲连接数：5, 进行中连接数：0
10:28:58 [Debug] RedisPools::checkConnection [1]号服务器::空闲连接数：5, 进行中连接数：0
10:29:28 [Debug] RedisPools::checkConnection [1]号服务器::空闲连接数：5, 进行中连接数：0
10:29:58 [Debug] RedisPools::checkConnection [1]号服务器::空闲连接数：5, 进行中连接数：0
10:30:28 [Debug] RedisPools::checkConnection [1]号服务器::空闲连接数：5, 进行中连接数：0
10:30:58 [Debug] RedisPools::checkConnection [1]号服务器::空闲连接数：5, 进行中连接数：0
10:31:28 [Debug] RedisPools::checkConnection [1]号服务器::空闲连接数：5, 进行中连接数：0
10:31:58 [Debug] RedisPools::checkConnection [1]号服务器::空闲连接数：5, 进行中连接数：0
10:32:28 [Debug] RedisPools::checkConnection [1]号服务器::空闲连接数：5, 进行中连接数：0
10:32:58 [Debug] RedisPools::checkConnection [1]号服务器::空闲连接数：5, 进行中连接数：0
10:33:28 [Debug] RedisPools::checkConnection [1]号服务器::空闲连接数：5, 进行中连接数：0
10:33:58 [Debug] RedisPools::checkConnection [1]号服务器::空闲连接数：5, 进行中连接数：0
10:34:28 [Debug] RedisPools::checkConnection [1]号服务器::空闲连接数：5, 进行中连接数：0
10:34:58 [Debug] RedisPools::checkConnection [1]号服务器::空闲连接数：5, 进行中连接数：0
10:35:28 [Debug] RedisPools::checkConnection [1]号服务器::空闲连接数：5, 进行中连接数：0
10:35:58 [Debug] RedisPools::checkConnection [1]号服务器::空闲连接数：5, 进行中连接数：0
10:36:29 [Debug] RedisPools::checkConnection [1]号服务器::空闲连接数：5, 进行中连接数：0
10:36:59 [Debug] RedisPools::checkConnection [1]号服务器::空闲连接数：5, 进行中连接数：0
10:37:29 [Debug] RedisPools::checkConnection [1]号服务器::空闲连接数：5, 进行中连接数：0
10:37:59 [Debug] RedisPools::checkConnection [1]号服务器::空闲连接数：5, 进行中连接数：0
10:38:29 [Debug] RedisPools::checkConnection [1]号服务器::空闲连接数：5, 进行中连接数：0
10:38:59 [Debug] RedisPools::checkConnection [1]号服务器::空闲连接数：5, 进行中连接数：0
10:39:29 [Debug] RedisPools::checkConnection [1]号服务器::空闲连接数：5, 进行中连接数：0
10:39:59 [Debug] RedisPools::checkConnection [1]号服务器::空闲连接数：5, 进行中连接数：0
10:40:29 [Debug] RedisPools::checkConnection [1]号服务器::空闲连接数：5, 进行中连接数：0
10:40:59 [Debug] RedisPools::checkConnection [1]号服务器::空闲连接数：5, 进行中连接数：0
10:41:29 [Debug] RedisPools::checkConnection [1]号服务器::空闲连接数：5, 进行中连接数：0
10:41:59 [Debug] RedisPools::checkConnection [1]号服务器::空闲连接数：5, 进行中连接数：0
10:42:29 [Debug] RedisPools::checkConnection [1]号服务器::空闲连接数：5, 进行中连接数：0
10:42:59 [Debug] RedisPools::checkConnection [1]号服务器::空闲连接数：5, 进行中连接数：0
10:43:29 [Debug] RedisPools::checkConnection [1]号服务器::空闲连接数：5, 进行中连接数：0
10:43:59 [Debug] RedisPools::checkConnection [1]号服务器::空闲连接数：5, 进行中连接数：0
10:44:29 [Debug] RedisPools::checkConnection [1]号服务器::空闲连接数：5, 进行中连接数：0
10:44:59 [Debug] RedisPools::checkConnection [1]号服务器::空闲连接数：5, 进行中连接数：0
10:45:29 [Debug] RedisPools::checkConnection [1]号服务器::空闲连接数：5, 进行中连接数：0
10:45:59 [Debug] RedisPools::checkConnection [1]号服务器::空闲连接数：5, 进行中连接数：0
10:46:29 [Debug] RedisPools::checkConnection [1]号服务器::空闲连接数：5, 进行中连接数：0
10:46:59 [Debug] RedisPools::checkConnection [1]号服务器::空闲连接数：5, 进行中连接数：0
10:47:29 [Debug] RedisPools::checkConnection [1]号服务器::空闲连接数：5, 进行中连接数：0
10:47:59 [Debug] RedisPools::checkConnection [1]号服务器::空闲连接数：5, 进行中连接数：0
10:48:29 [Debug] RedisPools::checkConnection [1]号服务器::空闲连接数：5, 进行中连接数：0
10:48:59 [Debug] RedisPools::checkConnection [1]号服务器::空闲连接数：5, 进行中连接数：0
10:49:29 [Debug] RedisPools::checkConnection [1]号服务器::空闲连接数：5, 进行中连接数：0
10:49:59 [Debug] RedisPools::checkConnection [1]号服务器::空闲连接数：5, 进行中连接数：0
10:50:29 [Debug] RedisPools::checkConnection [1]号服务器::空闲连接数：5, 进行中连接数：0
10:50:59 [Debug] RedisPools::checkConnection [1]号服务器::空闲连接数：5, 进行中连接数：0
10:51:29 [Debug] RedisPools::checkConnection [1]号服务器::空闲连接数：5, 进行中连接数：0
10:51:59 [Debug] RedisPools::checkConnection [1]号服务器::空闲连接数：5, 进行中连接数：0
10:52:29 [Debug] RedisPools::checkConnection [1]号服务器::空闲连接数：5, 进行中连接数：0
10:52:59 [Debug] RedisPools::checkConnection [1]号服务器::空闲连接数：5, 进行中连接数：0
10:53:29 [Debug] RedisPools::checkConnection [1]号服务器::空闲连接数：5, 进行中连接数：0
10:53:59 [Debug] RedisPools::checkConnection [1]号服务器::空闲连接数：5, 进行中连接数：0
10:54:29 [Debug] RedisPools::checkConnection [1]号服务器::空闲连接数：5, 进行中连接数：0
10:54:59 [Debug] RedisPools::checkConnection [1]号服务器::空闲连接数：5, 进行中连接数：0
10:55:29 [Debug] RedisPools::checkConnection [1]号服务器::空闲连接数：5, 进行中连接数：0
10:55:59 [Debug] RedisPools::checkConnection [1]号服务器::空闲连接数：5, 进行中连接数：0
10:56:29 [Debug] RedisPools::checkConnection [1]号服务器::空闲连接数：5, 进行中连接数：0
10:56:59 [Debug] RedisPools::checkConnection [1]号服务器::空闲连接数：5, 进行中连接数：0
10:57:29 [Debug] RedisPools::checkConnection [1]号服务器::空闲连接数：5, 进行中连接数：0
10:57:59 [Debug] RedisPools::checkConnection [1]号服务器::空闲连接数：5, 进行中连接数：0
10:58:29 [Debug] RedisPools::checkConnection [1]号服务器::空闲连接数：5, 进行中连接数：0
10:58:59 [Debug] RedisPools::checkConnection [1]号服务器::空闲连接数：5, 进行中连接数：0
10:59:29 [Debug] RedisPools::checkConnection [1]号服务器::空闲连接数：5, 进行中连接数：0
10:59:59 [Debug] RedisPools::checkConnection [1]号服务器::空闲连接数：5, 进行中连接数：0
11:00:29 [Debug] RedisPools::checkConnection [1]号服务器::空闲连接数：5, 进行中连接数：0
11:00:59 [Debug] RedisPools::checkConnection [1]号服务器::空闲连接数：5, 进行中连接数：0
11:01:29 [Debug] RedisPools::checkConnection [1]号服务器::空闲连接数：5, 进行中连接数：0
11:01:59 [Debug] RedisPools::checkConnection [1]号服务器::空闲连接数：5, 进行中连接数：0
11:02:29 [Debug] RedisPools::checkConnection [1]号服务器::空闲连接数：5, 进行中连接数：0
11:02:59 [Debug] RedisPools::checkConnection [1]号服务器::空闲连接数：5, 进行中连接数：0
11:03:29 [Debug] RedisPools::checkConnection [1]号服务器::空闲连接数：5, 进行中连接数：0
11:03:59 [Debug] RedisPools::checkConnection [1]号服务器::空闲连接数：5, 进行中连接数：0
11:04:29 [Debug] RedisPools::checkConnection [1]号服务器::空闲连接数：5, 进行中连接数：0
11:04:59 [Debug] RedisPools::checkConnection [1]号服务器::空闲连接数：5, 进行中连接数：0
11:05:29 [Debug] RedisPools::checkConnection [1]号服务器::空闲连接数：5, 进行中连接数：0
11:05:59 [Debug] RedisPools::checkConnection [1]号服务器::空闲连接数：5, 进行中连接数：0
11:06:29 [Debug] RedisPools::checkConnection [1]号服务器::空闲连接数：5, 进行中连接数：0
11:06:59 [Debug] RedisPools::checkConnection [1]号服务器::空闲连接数：5, 进行中连接数：0
11:07:29 [Debug] RedisPools::checkConnection [1]号服务器::空闲连接数：5, 进行中连接数：0
11:07:59 [Debug] RedisPools::checkConnection [1]号服务器::空闲连接数：5, 进行中连接数：0
11:08:29 [Debug] RedisPools::checkConnection [1]号服务器::空闲连接数：5, 进行中连接数：0
11:08:59 [Debug] RedisPools::checkConnection [1]号服务器::空闲连接数：5, 进行中连接数：0
11:09:29 [Debug] RedisPools::checkConnection [1]号服务器::空闲连接数：5, 进行中连接数：0
11:09:59 [Debug] RedisPools::checkConnection [1]号服务器::空闲连接数：5, 进行中连接数：0
11:10:29 [Debug] RedisPools::checkConnection [1]号服务器::空闲连接数：5, 进行中连接数：0
11:10:59 [Debug] RedisPools::checkConnection [1]号服务器::空闲连接数：5, 进行中连接数：0
11:11:29 [Debug] RedisPools::checkConnection [1]号服务器::空闲连接数：5, 进行中连接数：0
11:11:59 [Debug] RedisPools::checkConnection [1]号服务器::空闲连接数：5, 进行中连接数：0
11:12:29 [Debug] RedisPools::checkConnection [1]号服务器::空闲连接数：5, 进行中连接数：0
11:12:59 [Debug] RedisPools::checkConnection [1]号服务器::空闲连接数：5, 进行中连接数：0
11:13:29 [Debug] RedisPools::checkConnection [1]号服务器::空闲连接数：5, 进行中连接数：0
11:13:59 [Debug] RedisPools::checkConnection [1]号服务器::空闲连接数：5, 进行中连接数：0
11:14:29 [Debug] RedisPools::checkConnection [1]号服务器::空闲连接数：5, 进行中连接数：0
11:14:59 [Debug] RedisPools::checkConnection [1]号服务器::空闲连接数：5, 进行中连接数：0
11:15:29 [Debug] RedisPools::checkConnection [1]号服务器::空闲连接数：5, 进行中连接数：0
11:15:59 [Debug] RedisPools::checkConnection [1]号服务器::空闲连接数：5, 进行中连接数：0
11:16:29 [Debug] RedisPools::checkConnection [1]号服务器::空闲连接数：5, 进行中连接数：0
11:16:59 [Debug] RedisPools::checkConnection [1]号服务器::空闲连接数：5, 进行中连接数：0
11:17:29 [Debug] RedisPools::checkConnection [1]号服务器::空闲连接数：5, 进行中连接数：0
11:17:59 [Debug] RedisPools::checkConnection [1]号服务器::空闲连接数：5, 进行中连接数：0
11:18:29 [Debug] RedisPools::checkConnection [1]号服务器::空闲连接数：5, 进行中连接数：0
11:18:59 [Debug] RedisPools::checkConnection [1]号服务器::空闲连接数：5, 进行中连接数：0
11:19:29 [Debug] RedisPools::checkConnection [1]号服务器::空闲连接数：5, 进行中连接数：0
11:19:59 [Debug] RedisPools::checkConnection [1]号服务器::空闲连接数：5, 进行中连接数：0
11:20:29 [Debug] RedisPools::checkConnection [1]号服务器::空闲连接数：5, 进行中连接数：0
11:20:59 [Debug] RedisPools::checkConnection [1]号服务器::空闲连接数：5, 进行中连接数：0
11:21:29 [Debug] RedisPools::checkConnection [1]号服务器::空闲连接数：5, 进行中连接数：0
11:21:59 [Debug] RedisPools::checkConnection [1]号服务器::空闲连接数：5, 进行中连接数：0
11:22:29 [Debug] RedisPools::checkConnection [1]号服务器::空闲连接数：5, 进行中连接数：0
11:22:59 [Debug] RedisPools::checkConnection [1]号服务器::空闲连接数：5, 进行中连接数：0
11:23:29 [Debug] RedisPools::checkConnection [1]号服务器::空闲连接数：5, 进行中连接数：0
11:23:59 [Debug] RedisPools::checkConnection [1]号服务器::空闲连接数：5, 进行中连接数：0
11:24:29 [Debug] RedisPools::checkConnection [1]号服务器::空闲连接数：5, 进行中连接数：0
11:24:59 [Debug] RedisPools::checkConnection [1]号服务器::空闲连接数：5, 进行中连接数：0
11:25:29 [Debug] RedisPools::checkConnection [1]号服务器::空闲连接数：5, 进行中连接数：0
11:25:59 [Debug] RedisPools::checkConnection [1]号服务器::空闲连接数：5, 进行中连接数：0
11:26:29 [Debug] RedisPools::checkConnection [1]号服务器::空闲连接数：5, 进行中连接数：0
11:26:59 [Debug] RedisPools::checkConnection [1]号服务器::空闲连接数：5, 进行中连接数：0
11:27:29 [Debug] RedisPools::checkConnection [1]号服务器::空闲连接数：5, 进行中连接数：0
11:27:59 [Debug] RedisPools::checkConnection [1]号服务器::空闲连接数：5, 进行中连接数：0
11:28:30 [Debug] RedisPools::checkConnection [1]号服务器::空闲连接数：5, 进行中连接数：0
11:29:00 [Debug] RedisPools::checkConnection [1]号服务器::空闲连接数：5, 进行中连接数：0
11:29:30 [Debug] RedisPools::checkConnection [1]号服务器::空闲连接数：5, 进行中连接数：0
11:30:00 [Debug] RedisPools::checkConnection [1]号服务器::空闲连接数：5, 进行中连接数：0
11:30:30 [Debug] RedisPools::checkConnection [1]号服务器::空闲连接数：5, 进行中连接数：0
11:31:00 [Debug] RedisPools::checkConnection [1]号服务器::空闲连接数：5, 进行中连接数：0
11:31:30 [Debug] RedisPools::checkConnection [1]号服务器::空闲连接数：5, 进行中连接数：0
11:32:00 [Debug] RedisPools::checkConnection [1]号服务器::空闲连接数：5, 进行中连接数：0
11:32:30 [Debug] RedisPools::checkConnection [1]号服务器::空闲连接数：5, 进行中连接数：0
11:33:00 [Debug] RedisPools::checkConnection [1]号服务器::空闲连接数：5, 进行中连接数：0
11:33:30 [Debug] RedisPools::checkConnection [1]号服务器::空闲连接数：5, 进行中连接数：0
11:34:00 [Debug] RedisPools::checkConnection [1]号服务器::空闲连接数：5, 进行中连接数：0
11:34:30 [Debug] RedisPools::checkConnection [1]号服务器::空闲连接数：5, 进行中连接数：0
11:35:00 [Debug] RedisPools::checkConnection [1]号服务器::空闲连接数：5, 进行中连接数：0
11:35:30 [Debug] RedisPools::checkConnection [1]号服务器::空闲连接数：5, 进行中连接数：0
11:36:00 [Debug] RedisPools::checkConnection [1]号服务器::空闲连接数：5, 进行中连接数：0
11:36:30 [Debug] RedisPools::checkConnection [1]号服务器::空闲连接数：5, 进行中连接数：0
11:37:00 [Debug] RedisPools::checkConnection [1]号服务器::空闲连接数：5, 进行中连接数：0
11:37:30 [Debug] RedisPools::checkConnection [1]号服务器::空闲连接数：5, 进行中连接数：0
11:38:00 [Debug] RedisPools::checkConnection [1]号服务器::空闲连接数：5, 进行中连接数：0
11:38:30 [Debug] RedisPools::checkConnection [1]号服务器::空闲连接数：5, 进行中连接数：0
11:39:00 [Debug] RedisPools::checkConnection [1]号服务器::空闲连接数：5, 进行中连接数：0
11:39:30 [Debug] RedisPools::checkConnection [1]号服务器::空闲连接数：5, 进行中连接数：0
11:40:00 [Debug] RedisPools::checkConnection [1]号服务器::空闲连接数：5, 进行中连接数：0
11:40:30 [Debug] RedisPools::checkConnection [1]号服务器::空闲连接数：5, 进行中连接数：0
11:41:00 [Debug] RedisPools::checkConnection [1]号服务器::空闲连接数：5, 进行中连接数：0
11:41:30 [Debug] RedisPools::checkConnection [1]号服务器::空闲连接数：5, 进行中连接数：0
11:42:00 [Debug] RedisPools::checkConnection [1]号服务器::空闲连接数：5, 进行中连接数：0
11:42:30 [Debug] RedisPools::checkConnection [1]号服务器::空闲连接数：5, 进行中连接数：0
11:43:00 [Debug] RedisPools::checkConnection [1]号服务器::空闲连接数：5, 进行中连接数：0
11:43:30 [Debug] RedisPools::checkConnection [1]号服务器::空闲连接数：5, 进行中连接数：0
11:44:00 [Debug] RedisPools::checkConnection [1]号服务器::空闲连接数：5, 进行中连接数：0
11:44:30 [Debug] RedisPools::checkConnection [1]号服务器::空闲连接数：5, 进行中连接数：0
11:45:00 [Debug] RedisPools::checkConnection [1]号服务器::空闲连接数：5, 进行中连接数：0
11:45:30 [Debug] RedisPools::checkConnection [1]号服务器::空闲连接数：5, 进行中连接数：0
11:46:00 [Debug] RedisPools::checkConnection [1]号服务器::空闲连接数：5, 进行中连接数：0
11:46:30 [Debug] RedisPools::checkConnection [1]号服务器::空闲连接数：5, 进行中连接数：0
11:47:00 [Debug] RedisPools::checkConnection [1]号服务器::空闲连接数：5, 进行中连接数：0
11:47:30 [Debug] RedisPools::checkConnection [1]号服务器::空闲连接数：5, 进行中连接数：0
11:48:00 [Debug] RedisPools::checkConnection [1]号服务器::空闲连接数：5, 进行中连接数：0
11:48:30 [Debug] RedisPools::checkConnection [1]号服务器::空闲连接数：5, 进行中连接数：0
11:49:00 [Debug] RedisPools::checkConnection [1]号服务器::空闲连接数：5, 进行中连接数：0
11:49:31 [Debug] RedisPools::checkConnection [1]号服务器::空闲连接数：5, 进行中连接数：0
11:50:01 [Debug] RedisPools::checkConnection [1]号服务器::空闲连接数：5, 进行中连接数：0
11:50:31 [Debug] RedisPools::checkConnection [1]号服务器::空闲连接数：5, 进行中连接数：0
11:51:01 [Debug] RedisPools::checkConnection [1]号服务器::空闲连接数：5, 进行中连接数：0
11:51:31 [Debug] RedisPools::checkConnection [1]号服务器::空闲连接数：5, 进行中连接数：0
11:52:01 [Debug] RedisPools::checkConnection [1]号服务器::空闲连接数：5, 进行中连接数：0
11:52:31 [Debug] RedisPools::checkConnection [1]号服务器::空闲连接数：5, 进行中连接数：0
11:53:01 [Debug] RedisPools::checkConnection [1]号服务器::空闲连接数：5, 进行中连接数：0
11:53:31 [Debug] RedisPools::checkConnection [1]号服务器::空闲连接数：5, 进行中连接数：0
11:54:01 [Debug] RedisPools::checkConnection [1]号服务器::空闲连接数：5, 进行中连接数：0
11:54:31 [Debug] RedisPools::checkConnection [1]号服务器::空闲连接数：5, 进行中连接数：0
11:55:01 [Debug] RedisPools::checkConnection [1]号服务器::空闲连接数：5, 进行中连接数：0
11:55:31 [Debug] RedisPools::checkConnection [1]号服务器::空闲连接数：5, 进行中连接数：0
11:56:01 [Debug] RedisPools::checkConnection [1]号服务器::空闲连接数：5, 进行中连接数：0
11:56:31 [Debug] RedisPools::checkConnection [1]号服务器::空闲连接数：5, 进行中连接数：0
11:57:01 [Debug] RedisPools::checkConnection [1]号服务器::空闲连接数：5, 进行中连接数：0
11:57:31 [Debug] RedisPools::checkConnection [1]号服务器::空闲连接数：5, 进行中连接数：0
11:58:01 [Debug] RedisPools::checkConnection [1]号服务器::空闲连接数：5, 进行中连接数：0
11:58:31 [Debug] RedisPools::checkConnection [1]号服务器::空闲连接数：5, 进行中连接数：0
11:59:01 [Debug] RedisPools::checkConnection [1]号服务器::空闲连接数：5, 进行中连接数：0
11:59:31 [Debug] RedisPools::checkConnection [1]号服务器::空闲连接数：5, 进行中连接数：0
12:00:01 [Debug] RedisPools::checkConnection [1]号服务器::空闲连接数：5, 进行中连接数：0
12:00:31 [Debug] RedisPools::checkConnection [1]号服务器::空闲连接数：5, 进行中连接数：0
12:01:01 [Debug] RedisPools::checkConnection [1]号服务器::空闲连接数：5, 进行中连接数：0
12:01:31 [Debug] RedisPools::checkConnection [1]号服务器::空闲连接数：5, 进行中连接数：0
12:02:01 [Debug] RedisPools::checkConnection [1]号服务器::空闲连接数：5, 进行中连接数：0
12:02:31 [Debug] RedisPools::checkConnection [1]号服务器::空闲连接数：5, 进行中连接数：0
12:03:01 [Debug] RedisPools::checkConnection [1]号服务器::空闲连接数：5, 进行中连接数：0
12:03:31 [Debug] RedisPools::checkConnection [1]号服务器::空闲连接数：5, 进行中连接数：0
12:04:01 [Debug] RedisPools::checkConnection [1]号服务器::空闲连接数：5, 进行中连接数：0
12:04:31 [Debug] RedisPools::checkConnection [1]号服务器::空闲连接数：5, 进行中连接数：0
12:05:01 [Debug] RedisPools::checkConnection [1]号服务器::空闲连接数：5, 进行中连接数：0
12:05:31 [Debug] RedisPools::checkConnection [1]号服务器::空闲连接数：5, 进行中连接数：0
12:06:01 [Debug] RedisPools::checkConnection [1]号服务器::空闲连接数：5, 进行中连接数：0
12:06:31 [Debug] RedisPools::checkConnection [1]号服务器::空闲连接数：5, 进行中连接数：0
12:07:01 [Debug] RedisPools::checkConnection [1]号服务器::空闲连接数：5, 进行中连接数：0
12:07:31 [Debug] RedisPools::checkConnection [1]号服务器::空闲连接数：5, 进行中连接数：0
12:08:01 [Debug] RedisPools::checkConnection [1]号服务器::空闲连接数：5, 进行中连接数：0
12:08:31 [Debug] RedisPools::checkConnection [1]号服务器::空闲连接数：5, 进行中连接数：0
12:09:01 [Debug] RedisPools::checkConnection [1]号服务器::空闲连接数：5, 进行中连接数：0
12:09:31 [Debug] RedisPools::checkConnection [1]号服务器::空闲连接数：5, 进行中连接数：0
12:10:01 [Debug] RedisPools::checkConnection [1]号服务器::空闲连接数：5, 进行中连接数：0
12:10:31 [Debug] RedisPools::checkConnection [1]号服务器::空闲连接数：5, 进行中连接数：0
12:11:01 [Debug] RedisPools::checkConnection [1]号服务器::空闲连接数：5, 进行中连接数：0
12:11:31 [Debug] RedisPools::checkConnection [1]号服务器::空闲连接数：5, 进行中连接数：0
12:12:01 [Debug] RedisPools::checkConnection [1]号服务器::空闲连接数：5, 进行中连接数：0
12:12:31 [Debug] RedisPools::checkConnection [1]号服务器::空闲连接数：5, 进行中连接数：0
12:13:01 [Debug] RedisPools::checkConnection [1]号服务器::空闲连接数：5, 进行中连接数：0
12:13:31 [Debug] RedisPools::checkConnection [1]号服务器::空闲连接数：5, 进行中连接数：0
12:14:01 [Debug] RedisPools::checkConnection [1]号服务器::空闲连接数：5, 进行中连接数：0
12:14:31 [Debug] RedisPools::checkConnection [1]号服务器::空闲连接数：5, 进行中连接数：0
12:15:01 [Debug] RedisPools::checkConnection [1]号服务器::空闲连接数：5, 进行中连接数：0
12:15:31 [Debug] RedisPools::checkConnection [1]号服务器::空闲连接数：5, 进行中连接数：0
12:16:01 [Debug] RedisPools::checkConnection [1]号服务器::空闲连接数：5, 进行中连接数：0
12:16:31 [Debug] RedisPools::checkConnection [1]号服务器::空闲连接数：5, 进行中连接数：0
12:17:01 [Debug] RedisPools::checkConnection [1]号服务器::空闲连接数：5, 进行中连接数：0
12:17:31 [Debug] RedisPools::checkConnection [1]号服务器::空闲连接数：5, 进行中连接数：0
12:18:01 [Debug] RedisPools::checkConnection [1]号服务器::空闲连接数：5, 进行中连接数：0
12:18:31 [Debug] RedisPools::checkConnection [1]号服务器::空闲连接数：5, 进行中连接数：0
12:19:01 [Debug] RedisPools::checkConnection [1]号服务器::空闲连接数：5, 进行中连接数：0
12:19:31 [Debug] RedisPools::checkConnection [1]号服务器::空闲连接数：5, 进行中连接数：0
12:20:01 [Debug] RedisPools::checkConnection [1]号服务器::空闲连接数：5, 进行中连接数：0
12:20:31 [Debug] RedisPools::checkConnection [1]号服务器::空闲连接数：5, 进行中连接数：0
12:21:01 [Debug] RedisPools::checkConnection [1]号服务器::空闲连接数：5, 进行中连接数：0
12:21:31 [Debug] RedisPools::checkConnection [1]号服务器::空闲连接数：5, 进行中连接数：0
12:22:01 [Debug] RedisPools::checkConnection [1]号服务器::空闲连接数：5, 进行中连接数：0
12:22:31 [Debug] RedisPools::checkConnection [1]号服务器::空闲连接数：5, 进行中连接数：0
12:23:01 [Debug] RedisPools::checkConnection [1]号服务器::空闲连接数：5, 进行中连接数：0
12:23:31 [Debug] RedisPools::checkConnection [1]号服务器::空闲连接数：5, 进行中连接数：0
12:24:01 [Debug] RedisPools::checkConnection [1]号服务器::空闲连接数：5, 进行中连接数：0
12:24:31 [Debug] RedisPools::checkConnection [1]号服务器::空闲连接数：5, 进行中连接数：0
12:25:01 [Debug] RedisPools::checkConnection [1]号服务器::空闲连接数：5, 进行中连接数：0
12:25:31 [Debug] RedisPools::checkConnection [1]号服务器::空闲连接数：5, 进行中连接数：0
12:26:01 [Debug] RedisPools::checkConnection [1]号服务器::空闲连接数：5, 进行中连接数：0
12:26:31 [Debug] RedisPools::checkConnection [1]号服务器::空闲连接数：5, 进行中连接数：0
12:27:01 [Debug] RedisPools::checkConnection [1]号服务器::空闲连接数：5, 进行中连接数：0
12:27:31 [Debug] RedisPools::checkConnection [1]号服务器::空闲连接数：5, 进行中连接数：0
12:28:01 [Debug] RedisPools::checkConnection [1]号服务器::空闲连接数：5, 进行中连接数：0
12:28:31 [Debug] RedisPools::checkConnection [1]号服务器::空闲连接数：5, 进行中连接数：0
12:29:01 [Debug] RedisPools::checkConnection [1]号服务器::空闲连接数：5, 进行中连接数：0
12:29:31 [Debug] RedisPools::checkConnection [1]号服务器::空闲连接数：5, 进行中连接数：0
12:30:01 [Debug] RedisPools::checkConnection [1]号服务器::空闲连接数：5, 进行中连接数：0
12:30:31 [Debug] RedisPools::checkConnection [1]号服务器::空闲连接数：5, 进行中连接数：0
12:31:01 [Debug] RedisPools::checkConnection [1]号服务器::空闲连接数：5, 进行中连接数：0
12:31:31 [Debug] RedisPools::checkConnection [1]号服务器::空闲连接数：5, 进行中连接数：0
12:32:01 [Debug] RedisPools::checkConnection [1]号服务器::空闲连接数：5, 进行中连接数：0
12:32:31 [Debug] RedisPools::checkConnection [1]号服务器::空闲连接数：5, 进行中连接数：0
12:33:01 [Debug] RedisPools::checkConnection [1]号服务器::空闲连接数：5, 进行中连接数：0
12:33:31 [Debug] RedisPools::checkConnection [1]号服务器::空闲连接数：5, 进行中连接数：0
12:34:01 [Debug] RedisPools::checkConnection [1]号服务器::空闲连接数：5, 进行中连接数：0
12:34:31 [Debug] RedisPools::checkConnection [1]号服务器::空闲连接数：5, 进行中连接数：0
12:35:01 [Debug] RedisPools::checkConnection [1]号服务器::空闲连接数：5, 进行中连接数：0
12:35:31 [Debug] RedisPools::checkConnection [1]号服务器::空闲连接数：5, 进行中连接数：0
12:36:01 [Debug] RedisPools::checkConnection [1]号服务器::空闲连接数：5, 进行中连接数：0
12:36:31 [Debug] RedisPools::checkConnection [1]号服务器::空闲连接数：5, 进行中连接数：0
12:37:01 [Debug] RedisPools::checkConnection [1]号服务器::空闲连接数：5, 进行中连接数：0
12:37:31 [Debug] RedisPools::checkConnection [1]号服务器::空闲连接数：5, 进行中连接数：0
12:38:01 [Debug] RedisPools::checkConnection [1]号服务器::空闲连接数：5, 进行中连接数：0
12:38:31 [Debug] RedisPools::checkConnection [1]号服务器::空闲连接数：5, 进行中连接数：0
12:39:01 [Debug] RedisPools::checkConnection [1]号服务器::空闲连接数：5, 进行中连接数：0
12:39:31 [Debug] RedisPools::checkConnection [1]号服务器::空闲连接数：5, 进行中连接数：0
12:40:01 [Debug] RedisPools::checkConnection [1]号服务器::空闲连接数：5, 进行中连接数：0
12:40:31 [Debug] RedisPools::checkConnection [1]号服务器::空闲连接数：5, 进行中连接数：0
12:41:01 [Debug] RedisPools::checkConnection [1]号服务器::空闲连接数：5, 进行中连接数：0
12:41:31 [Debug] RedisPools::checkConnection [1]号服务器::空闲连接数：5, 进行中连接数：0
12:42:01 [Debug] RedisPools::checkConnection [1]号服务器::空闲连接数：5, 进行中连接数：0
12:42:31 [Debug] RedisPools::checkConnection [1]号服务器::空闲连接数：5, 进行中连接数：0
12:43:01 [Debug] RedisPools::checkConnection [1]号服务器::空闲连接数：5, 进行中连接数：0
12:43:31 [Debug] RedisPools::checkConnection [1]号服务器::空闲连接数：5, 进行中连接数：0
12:44:01 [Debug] RedisPools::checkConnection [1]号服务器::空闲连接数：5, 进行中连接数：0
12:44:31 [Debug] RedisPools::checkConnection [1]号服务器::空闲连接数：5, 进行中连接数：0
12:45:01 [Debug] RedisPools::checkConnection [1]号服务器::空闲连接数：5, 进行中连接数：0
12:45:31 [Debug] RedisPools::checkConnection [1]号服务器::空闲连接数：5, 进行中连接数：0
12:46:01 [Debug] RedisPools::checkConnection [1]号服务器::空闲连接数：5, 进行中连接数：0
12:46:31 [Debug] RedisPools::checkConnection [1]号服务器::空闲连接数：5, 进行中连接数：0
12:47:01 [Debug] RedisPools::checkConnection [1]号服务器::空闲连接数：5, 进行中连接数：0
12:47:31 [Debug] RedisPools::checkConnection [1]号服务器::空闲连接数：5, 进行中连接数：0
12:48:01 [Debug] RedisPools::checkConnection [1]号服务器::空闲连接数：5, 进行中连接数：0
12:48:32 [Debug] RedisPools::checkConnection [1]号服务器::空闲连接数：5, 进行中连接数：0
12:49:02 [Debug] RedisPools::checkConnection [1]号服务器::空闲连接数：5, 进行中连接数：0
12:49:32 [Debug] RedisPools::checkConnection [1]号服务器::空闲连接数：5, 进行中连接数：0
12:50:02 [Debug] RedisPools::checkConnection [1]号服务器::空闲连接数：5, 进行中连接数：0
12:50:32 [Debug] RedisPools::checkConnection [1]号服务器::空闲连接数：5, 进行中连接数：0
12:51:02 [Debug] RedisPools::checkConnection [1]号服务器::空闲连接数：5, 进行中连接数：0
12:51:32 [Debug] RedisPools::checkConnection [1]号服务器::空闲连接数：5, 进行中连接数：0
12:52:02 [Debug] RedisPools::checkConnection [1]号服务器::空闲连接数：5, 进行中连接数：0
12:52:32 [Debug] RedisPools::checkConnection [1]号服务器::空闲连接数：5, 进行中连接数：0
12:53:02 [Debug] RedisPools::checkConnection [1]号服务器::空闲连接数：5, 进行中连接数：0
12:53:32 [Debug] RedisPools::checkConnection [1]号服务器::空闲连接数：5, 进行中连接数：0
12:54:02 [Debug] RedisPools::checkConnection [1]号服务器::空闲连接数：5, 进行中连接数：0
12:54:32 [Debug] RedisPools::checkConnection [1]号服务器::空闲连接数：5, 进行中连接数：0
12:55:02 [Debug] RedisPools::checkConnection [1]号服务器::空闲连接数：5, 进行中连接数：0
12:55:32 [Debug] RedisPools::checkConnection [1]号服务器::空闲连接数：5, 进行中连接数：0
12:56:02 [Debug] RedisPools::checkConnection [1]号服务器::空闲连接数：5, 进行中连接数：0
12:56:32 [Debug] RedisPools::checkConnection [1]号服务器::空闲连接数：5, 进行中连接数：0
12:57:02 [Debug] RedisPools::checkConnection [1]号服务器::空闲连接数：5, 进行中连接数：0
12:57:32 [Debug] RedisPools::checkConnection [1]号服务器::空闲连接数：5, 进行中连接数：0
12:58:02 [Debug] RedisPools::checkConnection [1]号服务器::空闲连接数：5, 进行中连接数：0
12:58:32 [Debug] RedisPools::checkConnection [1]号服务器::空闲连接数：5, 进行中连接数：0
12:59:02 [Debug] RedisPools::checkConnection [1]号服务器::空闲连接数：5, 进行中连接数：0
12:59:32 [Debug] RedisPools::checkConnection [1]号服务器::空闲连接数：5, 进行中连接数：0
13:00:02 [Debug] RedisPools::checkConnection [1]号服务器::空闲连接数：5, 进行中连接数：0
13:00:32 [Debug] RedisPools::checkConnection [1]号服务器::空闲连接数：5, 进行中连接数：0
13:01:02 [Debug] RedisPools::checkConnection [1]号服务器::空闲连接数：5, 进行中连接数：0
13:01:32 [Debug] RedisPools::checkConnection [1]号服务器::空闲连接数：5, 进行中连接数：0
13:02:02 [Debug] RedisPools::checkConnection [1]号服务器::空闲连接数：5, 进行中连接数：0
13:02:32 [Debug] RedisPools::checkConnection [1]号服务器::空闲连接数：5, 进行中连接数：0
13:03:02 [Debug] RedisPools::checkConnection [1]号服务器::空闲连接数：5, 进行中连接数：0
13:03:32 [Debug] RedisPools::checkConnection [1]号服务器::空闲连接数：5, 进行中连接数：0
13:04:02 [Debug] RedisPools::checkConnection [1]号服务器::空闲连接数：5, 进行中连接数：0
13:04:32 [Debug] RedisPools::checkConnection [1]号服务器::空闲连接数：5, 进行中连接数：0
13:05:02 [Debug] RedisPools::checkConnection [1]号服务器::空闲连接数：5, 进行中连接数：0
13:05:32 [Debug] RedisPools::checkConnection [1]号服务器::空闲连接数：5, 进行中连接数：0
13:06:02 [Debug] RedisPools::checkConnection [1]号服务器::空闲连接数：5, 进行中连接数：0
13:06:32 [Debug] RedisPools::checkConnection [1]号服务器::空闲连接数：5, 进行中连接数：0
13:07:02 [Debug] RedisPools::checkConnection [1]号服务器::空闲连接数：5, 进行中连接数：0
13:07:32 [Debug] RedisPools::checkConnection [1]号服务器::空闲连接数：5, 进行中连接数：0
13:08:02 [Debug] RedisPools::checkConnection [1]号服务器::空闲连接数：5, 进行中连接数：0
13:08:32 [Debug] RedisPools::checkConnection [1]号服务器::空闲连接数：5, 进行中连接数：0
13:09:02 [Debug] RedisPools::checkConnection [1]号服务器::空闲连接数：5, 进行中连接数：0
13:09:32 [Debug] RedisPools::checkConnection [1]号服务器::空闲连接数：5, 进行中连接数：0
13:10:02 [Debug] RedisPools::checkConnection [1]号服务器::空闲连接数：5, 进行中连接数：0
13:10:32 [Debug] RedisPools::checkConnection [1]号服务器::空闲连接数：5, 进行中连接数：0
13:11:02 [Debug] RedisPools::checkConnection [1]号服务器::空闲连接数：5, 进行中连接数：0
13:11:32 [Debug] RedisPools::checkConnection [1]号服务器::空闲连接数：5, 进行中连接数：0
13:12:02 [Debug] RedisPools::checkConnection [1]号服务器::空闲连接数：5, 进行中连接数：0
13:12:32 [Debug] RedisPools::checkConnection [1]号服务器::空闲连接数：5, 进行中连接数：0
13:13:02 [Debug] RedisPools::checkConnection [1]号服务器::空闲连接数：5, 进行中连接数：0
13:13:32 [Debug] RedisPools::checkConnection [1]号服务器::空闲连接数：5, 进行中连接数：0
13:14:02 [Debug] RedisPools::checkConnection [1]号服务器::空闲连接数：5, 进行中连接数：0
13:14:32 [Debug] RedisPools::checkConnection [1]号服务器::空闲连接数：5, 进行中连接数：0
13:15:02 [Debug] RedisPools::checkConnection [1]号服务器::空闲连接数：5, 进行中连接数：0
13:15:32 [Debug] RedisPools::checkConnection [1]号服务器::空闲连接数：5, 进行中连接数：0
13:16:02 [Debug] RedisPools::checkConnection [1]号服务器::空闲连接数：5, 进行中连接数：0
13:16:32 [Debug] RedisPools::checkConnection [1]号服务器::空闲连接数：5, 进行中连接数：0
13:17:02 [Debug] RedisPools::checkConnection [1]号服务器::空闲连接数：5, 进行中连接数：0
13:17:32 [Debug] RedisPools::checkConnection [1]号服务器::空闲连接数：5, 进行中连接数：0
13:18:02 [Debug] RedisPools::checkConnection [1]号服务器::空闲连接数：5, 进行中连接数：0
13:18:32 [Debug] RedisPools::checkConnection [1]号服务器::空闲连接数：5, 进行中连接数：0
13:19:02 [Debug] RedisPools::checkConnection [1]号服务器::空闲连接数：5, 进行中连接数：0
13:19:32 [Debug] RedisPools::checkConnection [1]号服务器::空闲连接数：5, 进行中连接数：0
13:20:02 [Debug] RedisPools::checkConnection [1]号服务器::空闲连接数：5, 进行中连接数：0
13:20:32 [Debug] RedisPools::checkConnection [1]号服务器::空闲连接数：5, 进行中连接数：0
13:21:02 [Debug] RedisPools::checkConnection [1]号服务器::空闲连接数：5, 进行中连接数：0
13:21:32 [Debug] RedisPools::checkConnection [1]号服务器::空闲连接数：5, 进行中连接数：0
13:22:02 [Debug] RedisPools::checkConnection [1]号服务器::空闲连接数：5, 进行中连接数：0
13:22:32 [Debug] RedisPools::checkConnection [1]号服务器::空闲连接数：5, 进行中连接数：0
13:23:02 [Debug] RedisPools::checkConnection [1]号服务器::空闲连接数：5, 进行中连接数：0
13:23:32 [Debug] RedisPools::checkConnection [1]号服务器::空闲连接数：5, 进行中连接数：0
13:24:02 [Debug] RedisPools::checkConnection [1]号服务器::空闲连接数：5, 进行中连接数：0
13:24:32 [Debug] RedisPools::checkConnection [1]号服务器::空闲连接数：5, 进行中连接数：0
13:25:02 [Debug] RedisPools::checkConnection [1]号服务器::空闲连接数：5, 进行中连接数：0
13:25:32 [Debug] RedisPools::checkConnection [1]号服务器::空闲连接数：5, 进行中连接数：0
13:26:02 [Debug] RedisPools::checkConnection [1]号服务器::空闲连接数：5, 进行中连接数：0
13:26:32 [Debug] RedisPools::checkConnection [1]号服务器::空闲连接数：5, 进行中连接数：0
13:27:02 [Debug] RedisPools::checkConnection [1]号服务器::空闲连接数：5, 进行中连接数：0
13:27:32 [Debug] RedisPools::checkConnection [1]号服务器::空闲连接数：5, 进行中连接数：0
13:28:02 [Debug] RedisPools::checkConnection [1]号服务器::空闲连接数：5, 进行中连接数：0
13:28:32 [Debug] RedisPools::checkConnection [1]号服务器::空闲连接数：5, 进行中连接数：0
13:29:02 [Debug] RedisPools::checkConnection [1]号服务器::空闲连接数：5, 进行中连接数：0
13:29:32 [Debug] RedisPools::checkConnection [1]号服务器::空闲连接数：5, 进行中连接数：0
13:30:02 [Debug] RedisPools::checkConnection [1]号服务器::空闲连接数：5, 进行中连接数：0
13:30:32 [Debug] RedisPools::checkConnection [1]号服务器::空闲连接数：5, 进行中连接数：0
13:31:02 [Debug] RedisPools::checkConnection [1]号服务器::空闲连接数：5, 进行中连接数：0
13:31:32 [Debug] RedisPools::checkConnection [1]号服务器::空闲连接数：5, 进行中连接数：0
13:32:02 [Debug] RedisPools::checkConnection [1]号服务器::空闲连接数：5, 进行中连接数：0
13:32:32 [Debug] RedisPools::checkConnection [1]号服务器::空闲连接数：5, 进行中连接数：0
13:33:02 [Debug] RedisPools::checkConnection [1]号服务器::空闲连接数：5, 进行中连接数：0
13:33:32 [Debug] RedisPools::checkConnection [1]号服务器::空闲连接数：5, 进行中连接数：0
13:34:02 [Debug] RedisPools::checkConnection [1]号服务器::空闲连接数：5, 进行中连接数：0
13:34:32 [Debug] RedisPools::checkConnection [1]号服务器::空闲连接数：5, 进行中连接数：0
13:35:02 [Debug] RedisPools::checkConnection [1]号服务器::空闲连接数：5, 进行中连接数：0
13:35:32 [Debug] RedisPools::checkConnection [1]号服务器::空闲连接数：5, 进行中连接数：0
13:36:02 [Debug] RedisPools::checkConnection [1]号服务器::空闲连接数：5, 进行中连接数：0
13:36:32 [Debug] RedisPools::checkConnection [1]号服务器::空闲连接数：5, 进行中连接数：0
13:37:02 [Debug] RedisPools::checkConnection [1]号服务器::空闲连接数：5, 进行中连接数：0
13:37:32 [Debug] RedisPools::checkConnection [1]号服务器::空闲连接数：5, 进行中连接数：0
13:38:02 [Debug] RedisPools::checkConnection [1]号服务器::空闲连接数：5, 进行中连接数：0
13:38:32 [Debug] RedisPools::checkConnection [1]号服务器::空闲连接数：5, 进行中连接数：0
13:39:02 [Debug] RedisPools::checkConnection [1]号服务器::空闲连接数：5, 进行中连接数：0
13:39:32 [Debug] RedisPools::checkConnection [1]号服务器::空闲连接数：5, 进行中连接数：0
13:40:03 [Debug] RedisPools::checkConnection [1]号服务器::空闲连接数：5, 进行中连接数：0
13:40:33 [Debug] RedisPools::checkConnection [1]号服务器::空闲连接数：5, 进行中连接数：0
13:41:03 [Debug] RedisPools::checkConnection [1]号服务器::空闲连接数：5, 进行中连接数：0
13:41:33 [Debug] RedisPools::checkConnection [1]号服务器::空闲连接数：5, 进行中连接数：0
13:42:03 [Debug] RedisPools::checkConnection [1]号服务器::空闲连接数：5, 进行中连接数：0
13:42:33 [Debug] RedisPools::checkConnection [1]号服务器::空闲连接数：5, 进行中连接数：0
13:43:03 [Debug] RedisPools::checkConnection [1]号服务器::空闲连接数：5, 进行中连接数：0
13:43:33 [Debug] RedisPools::checkConnection [1]号服务器::空闲连接数：5, 进行中连接数：0
13:44:03 [Debug] RedisPools::checkConnection [1]号服务器::空闲连接数：5, 进行中连接数：0
13:44:33 [Debug] RedisPools::checkConnection [1]号服务器::空闲连接数：5, 进行中连接数：0
13:45:03 [Debug] RedisPools::checkConnection [1]号服务器::空闲连接数：5, 进行中连接数：0
13:45:33 [Debug] RedisPools::checkConnection [1]号服务器::空闲连接数：5, 进行中连接数：0
13:46:03 [Debug] RedisPools::checkConnection [1]号服务器::空闲连接数：5, 进行中连接数：0
13:46:33 [Debug] RedisPools::checkConnection [1]号服务器::空闲连接数：5, 进行中连接数：0
13:47:03 [Debug] RedisPools::checkConnection [1]号服务器::空闲连接数：5, 进行中连接数：0
13:47:33 [Debug] RedisPools::checkConnection [1]号服务器::空闲连接数：5, 进行中连接数：0
13:48:03 [Debug] RedisPools::checkConnection [1]号服务器::空闲连接数：5, 进行中连接数：0
13:48:33 [Debug] RedisPools::checkConnection [1]号服务器::空闲连接数：5, 进行中连接数：0
13:49:03 [Debug] RedisPools::checkConnection [1]号服务器::空闲连接数：5, 进行中连接数：0
13:49:33 [Debug] RedisPools::checkConnection [1]号服务器::空闲连接数：5, 进行中连接数：0
13:50:03 [Debug] RedisPools::checkConnection [1]号服务器::空闲连接数：5, 进行中连接数：0
13:50:33 [Debug] RedisPools::checkConnection [1]号服务器::空闲连接数：5, 进行中连接数：0
13:51:03 [Debug] RedisPools::checkConnection [1]号服务器::空闲连接数：5, 进行中连接数：0
13:51:33 [Debug] RedisPools::checkConnection [1]号服务器::空闲连接数：5, 进行中连接数：0
13:52:03 [Debug] RedisPools::checkConnection [1]号服务器::空闲连接数：5, 进行中连接数：0
13:52:33 [Debug] RedisPools::checkConnection [1]号服务器::空闲连接数：5, 进行中连接数：0
13:53:03 [Debug] RedisPools::checkConnection [1]号服务器::空闲连接数：5, 进行中连接数：0
13:53:33 [Debug] RedisPools::checkConnection [1]号服务器::空闲连接数：5, 进行中连接数：0
13:54:03 [Debug] RedisPools::checkConnection [1]号服务器::空闲连接数：5, 进行中连接数：0
13:54:33 [Debug] RedisPools::checkConnection [1]号服务器::空闲连接数：5, 进行中连接数：0
13:55:03 [Debug] RedisPools::checkConnection [1]号服务器::空闲连接数：5, 进行中连接数：0
13:55:33 [Debug] RedisPools::checkConnection [1]号服务器::空闲连接数：5, 进行中连接数：0
13:56:03 [Debug] RedisPools::checkConnection [1]号服务器::空闲连接数：5, 进行中连接数：0
13:56:33 [Debug] RedisPools::checkConnection [1]号服务器::空闲连接数：5, 进行中连接数：0
13:57:03 [Debug] RedisPools::checkConnection [1]号服务器::空闲连接数：5, 进行中连接数：0
13:57:33 [Debug] RedisPools::checkConnection [1]号服务器::空闲连接数：5, 进行中连接数：0
13:58:03 [Debug] RedisPools::checkConnection [1]号服务器::空闲连接数：5, 进行中连接数：0
13:58:33 [Debug] RedisPools::checkConnection [1]号服务器::空闲连接数：5, 进行中连接数：0
13:59:03 [Debug] RedisPools::checkConnection [1]号服务器::空闲连接数：5, 进行中连接数：0
13:59:33 [Debug] RedisPools::checkConnection [1]号服务器::空闲连接数：5, 进行中连接数：0
14:00:03 [Debug] RedisPools::checkConnection [1]号服务器::空闲连接数：5, 进行中连接数：0
14:00:33 [Debug] RedisPools::checkConnection [1]号服务器::空闲连接数：5, 进行中连接数：0
14:01:03 [Debug] RedisPools::checkConnection [1]号服务器::空闲连接数：5, 进行中连接数：0
14:01:33 [Debug] RedisPools::checkConnection [1]号服务器::空闲连接数：5, 进行中连接数：0
14:02:03 [Debug] RedisPools::checkConnection [1]号服务器::空闲连接数：5, 进行中连接数：0
14:02:33 [Debug] RedisPools::checkConnection [1]号服务器::空闲连接数：5, 进行中连接数：0
14:03:03 [Debug] RedisPools::checkConnection [1]号服务器::空闲连接数：5, 进行中连接数：0
14:03:33 [Debug] RedisPools::checkConnection [1]号服务器::空闲连接数：5, 进行中连接数：0
14:04:03 [Debug] RedisPools::checkConnection [1]号服务器::空闲连接数：5, 进行中连接数：0
14:04:33 [Debug] RedisPools::checkConnection [1]号服务器::空闲连接数：5, 进行中连接数：0
14:05:03 [Debug] RedisPools::checkConnection [1]号服务器::空闲连接数：5, 进行中连接数：0
14:05:33 [Debug] RedisPools::checkConnection [1]号服务器::空闲连接数：5, 进行中连接数：0
14:06:03 [Debug] RedisPools::checkConnection [1]号服务器::空闲连接数：5, 进行中连接数：0
14:06:33 [Debug] RedisPools::checkConnection [1]号服务器::空闲连接数：5, 进行中连接数：0
14:07:03 [Debug] RedisPools::checkConnection [1]号服务器::空闲连接数：5, 进行中连接数：0
14:07:33 [Debug] RedisPools::checkConnection [1]号服务器::空闲连接数：5, 进行中连接数：0
14:08:03 [Debug] RedisPools::checkConnection [1]号服务器::空闲连接数：5, 进行中连接数：0
14:08:33 [Debug] RedisPools::checkConnection [1]号服务器::空闲连接数：5, 进行中连接数：0
14:09:03 [Debug] RedisPools::checkConnection [1]号服务器::空闲连接数：5, 进行中连接数：0
14:09:33 [Debug] RedisPools::checkConnection [1]号服务器::空闲连接数：5, 进行中连接数：0
14:10:03 [Debug] RedisPools::checkConnection [1]号服务器::空闲连接数：5, 进行中连接数：0
14:10:33 [Debug] RedisPools::checkConnection [1]号服务器::空闲连接数：5, 进行中连接数：0
14:11:03 [Debug] RedisPools::checkConnection [1]号服务器::空闲连接数：5, 进行中连接数：0
14:11:33 [Debug] RedisPools::checkConnection [1]号服务器::空闲连接数：5, 进行中连接数：0
14:12:03 [Debug] RedisPools::checkConnection [1]号服务器::空闲连接数：5, 进行中连接数：0
14:12:33 [Debug] RedisPools::checkConnection [1]号服务器::空闲连接数：5, 进行中连接数：0
14:13:03 [Debug] RedisPools::checkConnection [1]号服务器::空闲连接数：5, 进行中连接数：0
14:13:33 [Debug] RedisPools::checkConnection [1]号服务器::空闲连接数：5, 进行中连接数：0
14:14:03 [Debug] RedisPools::checkConnection [1]号服务器::空闲连接数：5, 进行中连接数：0
14:14:33 [Debug] RedisPools::checkConnection [1]号服务器::空闲连接数：5, 进行中连接数：0
14:15:03 [Debug] RedisPools::checkConnection [1]号服务器::空闲连接数：5, 进行中连接数：0
14:15:33 [Debug] RedisPools::checkConnection [1]号服务器::空闲连接数：5, 进行中连接数：0
14:16:03 [Debug] RedisPools::checkConnection [1]号服务器::空闲连接数：5, 进行中连接数：0
14:16:33 [Debug] RedisPools::checkConnection [1]号服务器::空闲连接数：5, 进行中连接数：0
14:17:03 [Debug] RedisPools::checkConnection [1]号服务器::空闲连接数：5, 进行中连接数：0
14:17:33 [Debug] RedisPools::checkConnection [1]号服务器::空闲连接数：5, 进行中连接数：0
14:18:03 [Debug] RedisPools::checkConnection [1]号服务器::空闲连接数：5, 进行中连接数：0
14:18:33 [Debug] RedisPools::checkConnection [1]号服务器::空闲连接数：5, 进行中连接数：0
14:19:03 [Debug] RedisPools::checkConnection [1]号服务器::空闲连接数：5, 进行中连接数：0
14:19:33 [Debug] RedisPools::checkConnection [1]号服务器::空闲连接数：5, 进行中连接数：0
14:20:03 [Debug] RedisPools::checkConnection [1]号服务器::空闲连接数：5, 进行中连接数：0
14:20:33 [Debug] RedisPools::checkConnection [1]号服务器::空闲连接数：5, 进行中连接数：0
14:21:03 [Debug] RedisPools::checkConnection [1]号服务器::空闲连接数：5, 进行中连接数：0
14:21:33 [Debug] RedisPools::checkConnection [1]号服务器::空闲连接数：5, 进行中连接数：0
14:22:03 [Debug] RedisPools::checkConnection [1]号服务器::空闲连接数：5, 进行中连接数：0
14:22:33 [Debug] RedisPools::checkConnection [1]号服务器::空闲连接数：5, 进行中连接数：0
14:23:03 [Debug] RedisPools::checkConnection [1]号服务器::空闲连接数：5, 进行中连接数：0
14:23:33 [Debug] RedisPools::checkConnection [1]号服务器::空闲连接数：5, 进行中连接数：0
14:24:03 [Debug] RedisPools::checkConnection [1]号服务器::空闲连接数：5, 进行中连接数：0
14:24:33 [Debug] RedisPools::checkConnection [1]号服务器::空闲连接数：5, 进行中连接数：0
14:25:03 [Debug] RedisPools::checkConnection [1]号服务器::空闲连接数：5, 进行中连接数：0
14:25:33 [Debug] RedisPools::checkConnection [1]号服务器::空闲连接数：5, 进行中连接数：0
