23:34:23 [Debug] Startup::Startup [1]号服务器::Begin connect db
23:34:27 [SystemLog] WebApiApplication::Application_Start [1]号服务器::数据库连接串：server=5afec7056e210.sgcdb.myqcloud.com;port=5010;uid=root;pwd=123!@#qweASD;database=debit;Min Pool Size=0;Pooling=true;connect timeout=120;CharSet=utf8;AllowUserVariables=true;AllowZeroDatetime=True;SslMode=None
23:34:27 [Debug] RedisPools::Init [1]号服务器::准备初使化Redis连接池,配置信息：127.0.0.1:6379
23:34:27 [Debug] RedisPools::checkConnection [1]号服务器::空闲连接数：0, 进行中连接数：0
23:34:27 [SystemLog] RedisPools::Init [1]号服务器::初使化Redis连接池,成功创建[5]个连接！
23:34:57 [Debug] RedisPools::checkConnection [1]号服务器::空闲连接数：5, 进行中连接数：0
23:35:27 [Debug] RedisPools::checkConnection [1]号服务器::空闲连接数：5, 进行中连接数：0
23:35:57 [Debug] RedisPools::checkConnection [1]号服务器::空闲连接数：5, 进行中连接数：0
23:36:27 [Debug] RedisPools::checkConnection [1]号服务器::空闲连接数：5, 进行中连接数：0
23:36:57 [Debug] RedisPools::checkConnection [1]号服务器::空闲连接数：5, 进行中连接数：0
23:37:27 [Debug] RedisPools::checkConnection [1]号服务器::空闲连接数：5, 进行中连接数：0
23:37:57 [Debug] RedisPools::checkConnection [1]号服务器::空闲连接数：5, 进行中连接数：0
23:38:27 [Debug] RedisPools::checkConnection [1]号服务器::空闲连接数：5, 进行中连接数：0
23:38:57 [Debug] RedisPools::checkConnection [1]号服务器::空闲连接数：5, 进行中连接数：0
23:39:27 [Debug] RedisPools::checkConnection [1]号服务器::空闲连接数：5, 进行中连接数：0
23:39:57 [Debug] RedisPools::checkConnection [1]号服务器::空闲连接数：5, 进行中连接数：0
23:40:27 [Debug] RedisPools::checkConnection [1]号服务器::空闲连接数：5, 进行中连接数：0
23:40:57 [Debug] RedisPools::checkConnection [1]号服务器::空闲连接数：5, 进行中连接数：0
23:41:27 [Debug] RedisPools::checkConnection [1]号服务器::空闲连接数：5, 进行中连接数：0
23:41:57 [Debug] RedisPools::checkConnection [1]号服务器::空闲连接数：5, 进行中连接数：0
23:42:27 [Debug] RedisPools::checkConnection [1]号服务器::空闲连接数：5, 进行中连接数：0
23:42:57 [Debug] RedisPools::checkConnection [1]号服务器::空闲连接数：5, 进行中连接数：0
23:43:27 [Debug] RedisPools::checkConnection [1]号服务器::空闲连接数：5, 进行中连接数：0
23:43:57 [Debug] RedisPools::checkConnection [1]号服务器::空闲连接数：5, 进行中连接数：0
23:44:27 [Debug] RedisPools::checkConnection [1]号服务器::空闲连接数：5, 进行中连接数：0
23:44:57 [Debug] RedisPools::checkConnection [1]号服务器::空闲连接数：5, 进行中连接数：0
23:45:27 [Debug] RedisPools::checkConnection [1]号服务器::空闲连接数：5, 进行中连接数：0
23:45:57 [Debug] RedisPools::checkConnection [1]号服务器::空闲连接数：5, 进行中连接数：0
23:46:27 [Debug] RedisPools::checkConnection [1]号服务器::空闲连接数：5, 进行中连接数：0
23:46:57 [Debug] RedisPools::checkConnection [1]号服务器::空闲连接数：5, 进行中连接数：0
23:47:27 [Debug] RedisPools::checkConnection [1]号服务器::空闲连接数：5, 进行中连接数：0
23:47:57 [Debug] RedisPools::checkConnection [1]号服务器::空闲连接数：5, 进行中连接数：0
23:48:27 [Debug] RedisPools::checkConnection [1]号服务器::空闲连接数：5, 进行中连接数：0
23:48:57 [Debug] RedisPools::checkConnection [1]号服务器::空闲连接数：5, 进行中连接数：0
23:49:27 [Debug] RedisPools::checkConnection [1]号服务器::空闲连接数：5, 进行中连接数：0
